<?xml version="1.0" encoding="UTF-8"?>
<coverage generated="1773677357504" clover="3.2.0">
  <project timestamp="1773677357504" name="All files">
    <metrics statements="495" coveredstatements="481" conditionals="126" coveredconditionals="113" methods="29" coveredmethods="29" elements="650" coveredelements="623" complexity="0" loc="495" ncloc="495" packages="1" files="4" classes="4"/>
    <file name="index.ts" path="/Users/suitandclaw/ensoul/packages/state-tree/src/index.ts">
      <metrics statements="75" coveredstatements="70" conditionals="13" coveredconditionals="10" methods="3" coveredmethods="3"/>
      <line num="1" count="1" type="stmt"/>
      <line num="37" count="68" type="cond" truecount="1" falsecount="0"/>
      <line num="38" count="68" type="stmt"/>
      <line num="39" count="68" type="stmt"/>
      <line num="40" count="68" type="stmt"/>
      <line num="41" count="68" type="cond" truecount="2" falsecount="0"/>
      <line num="42" count="1" type="stmt"/>
      <line num="43" count="1" type="stmt"/>
      <line num="44" count="1" type="cond" truecount="1" falsecount="0"/>
      <line num="45" count="67" type="stmt"/>
      <line num="47" count="68" type="stmt"/>
      <line num="48" count="68" type="stmt"/>
      <line num="49" count="68" type="stmt"/>
      <line num="57" count="1" type="cond" truecount="1" falsecount="0"/>
      <line num="58" count="1" type="stmt"/>
      <line num="59" count="1" type="stmt"/>
      <line num="60" count="1" type="stmt"/>
      <line num="61" count="1" type="stmt"/>
      <line num="62" count="1" type="stmt"/>
      <line num="63" count="1" type="stmt"/>
      <line num="64" count="1" type="stmt"/>
      <line num="65" count="1" type="stmt"/>
      <line num="66" count="1" type="stmt"/>
      <line num="67" count="1" type="stmt"/>
      <line num="75" count="5" type="cond" truecount="1" falsecount="0"/>
      <line num="76" count="5" type="stmt"/>
      <line num="77" count="5" type="stmt"/>
      <line num="78" count="5" type="stmt"/>
      <line num="79" count="5" type="stmt"/>
      <line num="80" count="5" type="stmt"/>
      <line num="81" count="5" type="stmt"/>
      <line num="100" count="5" type="stmt"/>
      <line num="101" count="5" type="cond" truecount="1" falsecount="0"/>
      <line num="102" count="7" type="stmt"/>
      <line num="103" count="7" type="stmt"/>
      <line num="106" count="5" type="cond" truecount="1" falsecount="0"/>
      <line num="107" count="8" type="stmt"/>
      <line num="108" count="8" type="stmt"/>
      <line num="109" count="8" type="stmt"/>
      <line num="110" count="8" type="stmt"/>
      <line num="111" count="8" type="cond" truecount="1" falsecount="0"/>
      <line num="112" count="8" type="stmt"/>
      <line num="113" count="5" type="stmt"/>
      <line num="116" count="5" type="stmt"/>
      <line num="117" count="5" type="stmt"/>
      <line num="119" count="5" type="stmt"/>
      <line num="120" count="5" type="cond" truecount="1" falsecount="0"/>
      <line num="121" count="8" type="stmt"/>
      <line num="122" count="8" type="stmt"/>
      <line num="123" count="8" type="stmt"/>
      <line num="124" count="8" type="cond" truecount="0" falsecount="1"/>
      <line num="125" count="0" type="stmt"/>
      <line num="126" count="0" type="stmt"/>
      <line num="127" count="8" type="stmt"/>
      <line num="128" count="8" type="stmt"/>
      <line num="129" count="8" type="stmt"/>
      <line num="131" count="5" type="cond" truecount="0" falsecount="2"/>
      <line num="132" count="0" type="stmt"/>
      <line num="133" count="0" type="stmt"/>
      <line num="134" count="0" type="stmt"/>
      <line num="135" count="5" type="stmt"/>
      <line num="137" count="5" type="stmt"/>
      <line num="138" count="5" type="stmt"/>
      <line num="139" count="5" type="stmt"/>
      <line num="140" count="5" type="stmt"/>
      <line num="141" count="5" type="stmt"/>
      <line num="142" count="5" type="stmt"/>
      <line num="143" count="5" type="stmt"/>
      <line num="144" count="5" type="stmt"/>
      <line num="145" count="5" type="stmt"/>
      <line num="148" count="5" type="stmt"/>
      <line num="149" count="5" type="stmt"/>
      <line num="150" count="5" type="stmt"/>
      <line num="152" count="5" type="stmt"/>
      <line num="153" count="5" type="stmt"/>
    </file>
    <file name="merkle.ts" path="/Users/suitandclaw/ensoul/packages/state-tree/src/merkle.ts">
      <metrics statements="105" coveredstatements="103" conditionals="27" coveredconditionals="25" methods="5" coveredmethods="5"/>
      <line num="1" count="1" type="stmt"/>
      <line num="6" count="1" type="stmt"/>
      <line num="12" count="1" type="cond" truecount="1" falsecount="0"/>
      <line num="13" count="269" type="stmt"/>
      <line num="14" count="269" type="stmt"/>
      <line num="15" count="269" type="stmt"/>
      <line num="16" count="269" type="stmt"/>
      <line num="17" count="269" type="stmt"/>
      <line num="22" count="178" type="cond" truecount="1" falsecount="0"/>
      <line num="23" count="178" type="stmt"/>
      <line num="24" count="178" type="stmt"/>
      <line num="40" count="1" type="cond" truecount="1" falsecount="0"/>
      <line num="41" count="164" type="stmt"/>
      <line num="42" count="164" type="stmt"/>
      <line num="43" count="164" type="stmt"/>
      <line num="45" count="164" type="cond" truecount="1" falsecount="0"/>
      <line num="46" count="76" type="stmt"/>
      <line num="47" count="76" type="cond" truecount="1" falsecount="0"/>
      <line num="49" count="88" type="cond" truecount="1" falsecount="0"/>
      <line num="50" count="251" type="stmt"/>
      <line num="51" count="251" type="cond" truecount="0" falsecount="1"/>
      <line num="52" count="251" type="stmt"/>
      <line num="53" count="88" type="stmt"/>
      <line num="55" count="88" type="stmt"/>
      <line num="56" count="88" type="stmt"/>
      <line num="58" count="164" type="cond" truecount="1" falsecount="0"/>
      <line num="59" count="65" type="stmt"/>
      <line num="60" count="65" type="cond" truecount="1" falsecount="0"/>
      <line num="61" count="188" type="stmt"/>
      <line num="62" count="188" type="stmt"/>
      <line num="63" count="188" type="cond" truecount="1" falsecount="0"/>
      <line num="64" count="163" type="stmt"/>
      <line num="65" count="188" type="cond" truecount="1" falsecount="0"/>
      <line num="66" count="25" type="stmt"/>
      <line num="67" count="25" type="stmt"/>
      <line num="68" count="188" type="stmt"/>
      <line num="69" count="65" type="stmt"/>
      <line num="70" count="65" type="stmt"/>
      <line num="71" count="65" type="cond" truecount="1" falsecount="0"/>
      <line num="73" count="88" type="stmt"/>
      <line num="74" count="88" type="stmt"/>
      <line num="75" count="88" type="stmt"/>
      <line num="76" count="88" type="stmt"/>
      <line num="77" count="88" type="stmt"/>
      <line num="78" count="88" type="stmt"/>
      <line num="83" count="1" type="cond" truecount="1" falsecount="0"/>
      <line num="84" count="12" type="stmt"/>
      <line num="85" count="12" type="stmt"/>
      <line num="86" count="12" type="stmt"/>
      <line num="87" count="12" type="stmt"/>
      <line num="88" count="12" type="cond" truecount="0" falsecount="1"/>
      <line num="89" count="0" type="stmt"/>
      <line num="90" count="0" type="stmt"/>
      <line num="92" count="12" type="stmt"/>
      <line num="93" count="12" type="stmt"/>
      <line num="95" count="12" type="cond" truecount="1" falsecount="0"/>
      <line num="96" count="17" type="stmt"/>
      <line num="97" count="17" type="cond" truecount="1" falsecount="0"/>
      <line num="98" count="12" type="stmt"/>
      <line num="99" count="12" type="cond" truecount="1" falsecount="0"/>
      <line num="100" count="10" type="stmt"/>
      <line num="101" count="10" type="stmt"/>
      <line num="102" count="10" type="stmt"/>
      <line num="103" count="10" type="stmt"/>
      <line num="104" count="10" type="stmt"/>
      <line num="105" count="17" type="cond" truecount="1" falsecount="0"/>
      <line num="106" count="5" type="stmt"/>
      <line num="107" count="5" type="stmt"/>
      <line num="108" count="5" type="stmt"/>
      <line num="109" count="5" type="stmt"/>
      <line num="110" count="5" type="stmt"/>
      <line num="111" count="5" type="stmt"/>
      <line num="112" count="5" type="stmt"/>
      <line num="113" count="5" type="stmt"/>
      <line num="114" count="17" type="stmt"/>
      <line num="115" count="17" type="stmt"/>
      <line num="117" count="12" type="stmt"/>
      <line num="118" count="12" type="stmt"/>
      <line num="119" count="12" type="stmt"/>
      <line num="120" count="12" type="stmt"/>
      <line num="121" count="12" type="stmt"/>
      <line num="127" count="1" type="cond" truecount="1" falsecount="0"/>
      <line num="128" count="13" type="stmt"/>
      <line num="129" count="13" type="stmt"/>
      <line num="130" count="13" type="stmt"/>
      <line num="131" count="13" type="stmt"/>
      <line num="132" count="13" type="stmt"/>
      <line num="133" count="13" type="cond" truecount="1" falsecount="0"/>
      <line num="134" count="1" type="stmt"/>
      <line num="135" count="1" type="cond" truecount="1" falsecount="0"/>
      <line num="137" count="12" type="stmt"/>
      <line num="138" count="13" type="cond" truecount="1" falsecount="0"/>
      <line num="139" count="2" type="stmt"/>
      <line num="140" count="2" type="cond" truecount="1" falsecount="0"/>
      <line num="142" count="10" type="stmt"/>
      <line num="143" count="13" type="cond" truecount="1" falsecount="0"/>
      <line num="144" count="15" type="stmt"/>
      <line num="145" count="15" type="cond" truecount="1" falsecount="0"/>
      <line num="146" count="5" type="stmt"/>
      <line num="147" count="15" type="cond" truecount="1" falsecount="0"/>
      <line num="148" count="10" type="stmt"/>
      <line num="149" count="10" type="stmt"/>
      <line num="150" count="15" type="cond" truecount="1" falsecount="0"/>
      <line num="152" count="10" type="stmt"/>
      <line num="153" count="10" type="stmt"/>
    </file>
    <file name="tree.ts" path="/Users/suitandclaw/ensoul/packages/state-tree/src/tree.ts">
      <metrics statements="315" coveredstatements="308" conditionals="85" coveredconditionals="77" methods="20" coveredmethods="20"/>
      <line num="1" count="1" type="stmt"/>
      <line num="19" count="1" type="stmt"/>
      <line num="20" count="1" type="stmt"/>
      <line num="21" count="1" type="stmt"/>
      <line num="22" count="1" type="stmt"/>
      <line num="23" count="1" type="stmt"/>
      <line num="24" count="1" type="stmt"/>
      <line num="69" count="81" type="cond" truecount="1" falsecount="0"/>
      <line num="75" count="81" type="stmt"/>
      <line num="76" count="81" type="stmt"/>
      <line num="77" count="81" type="stmt"/>
      <line num="83" count="1" type="cond" truecount="1" falsecount="0"/>
      <line num="84" count="83" type="stmt"/>
      <line num="85" count="83" type="stmt"/>
      <line num="86" count="83" type="stmt"/>
      <line num="87" count="83" type="stmt"/>
      <line num="88" count="83" type="stmt"/>
      <line num="89" count="83" type="stmt"/>
      <line num="90" count="83" type="stmt"/>
      <line num="92" count="83" type="cond" truecount="1" falsecount="0"/>
      <line num="93" count="83" type="stmt"/>
      <line num="94" count="83" type="stmt"/>
      <line num="95" count="83" type="stmt"/>
      <line num="96" count="83" type="stmt"/>
      <line num="97" count="83" type="stmt"/>
      <line num="98" count="83" type="stmt"/>
      <line num="99" count="83" type="stmt"/>
      <line num="100" count="83" type="stmt"/>
      <line num="101" count="83" type="stmt"/>
      <line num="102" count="83" type="stmt"/>
      <line num="103" count="83" type="cond" truecount="1" falsecount="0"/>
      <line num="104" count="83" type="cond" truecount="1" falsecount="0"/>
      <line num="105" count="83" type="cond" truecount="2" falsecount="0"/>
      <line num="106" count="83" type="cond" truecount="1" falsecount="0"/>
      <line num="108" count="83" type="cond" truecount="1" falsecount="0"/>
      <line num="109" count="14" type="stmt"/>
      <line num="110" count="83" type="cond" truecount="1" falsecount="0"/>
      <line num="111" count="69" type="stmt"/>
      <line num="112" count="69" type="stmt"/>
      <line num="113" count="69" type="stmt"/>
      <line num="115" count="83" type="cond" truecount="1" falsecount="0"/>
      <line num="116" count="69" type="stmt"/>
      <line num="117" count="69" type="stmt"/>
      <line num="118" count="83" type="stmt"/>
      <line num="120" count="83" type="cond" truecount="1" falsecount="0"/>
      <line num="121" count="32" type="stmt"/>
      <line num="122" count="32" type="stmt"/>
      <line num="124" count="83" type="cond" truecount="1" falsecount="0"/>
      <line num="125" count="19" type="stmt"/>
      <line num="126" count="19" type="stmt"/>
      <line num="129" count="83" type="cond" truecount="1" falsecount="0"/>
      <line num="130" count="132" type="cond" truecount="1" falsecount="0"/>
      <line num="131" count="132" type="stmt"/>
      <line num="134" count="83" type="cond" truecount="1" falsecount="0"/>
      <line num="135" count="13" type="stmt"/>
      <line num="136" count="13" type="stmt"/>
      <line num="137" count="13" type="cond" truecount="1" falsecount="0"/>
      <line num="139" count="13" type="cond" truecount="1" falsecount="0"/>
      <line num="140" count="1" type="stmt"/>
      <line num="141" count="1" type="cond" truecount="1" falsecount="0"/>
      <line num="143" count="12" type="stmt"/>
      <line num="144" count="12" type="stmt"/>
      <line num="146" count="13" type="cond" truecount="0" falsecount="1"/>
      <line num="147" count="0" type="stmt"/>
      <line num="148" count="0" type="cond" truecount="1" falsecount="0"/>
      <line num="150" count="12" type="stmt"/>
      <line num="151" count="12" type="stmt"/>
      <line num="152" count="13" type="stmt"/>
      <line num="155" count="83" type="cond" truecount="1" falsecount="0"/>
      <line num="156" count="66" type="stmt"/>
      <line num="157" count="66" type="stmt"/>
      <line num="160" count="83" type="cond" truecount="1" falsecount="0"/>
      <line num="161" count="7" type="stmt"/>
      <line num="162" count="7" type="stmt"/>
      <line num="165" count="83" type="cond" truecount="1" falsecount="0"/>
      <line num="166" count="8" type="stmt"/>
      <line num="167" count="8" type="stmt"/>
      <line num="173" count="83" type="cond" truecount="1" falsecount="0"/>
      <line num="174" count="81" type="stmt"/>
      <line num="176" count="81" type="stmt"/>
      <line num="177" count="81" type="cond" truecount="1" falsecount="0"/>
      <line num="178" count="192" type="cond" truecount="2" falsecount="0"/>
      <line num="179" count="183" type="stmt"/>
      <line num="180" count="183" type="stmt"/>
      <line num="181" count="192" type="cond" truecount="1" falsecount="0"/>
      <line num="182" count="9" type="stmt"/>
      <line num="183" count="9" type="stmt"/>
      <line num="184" count="9" type="stmt"/>
      <line num="185" count="192" type="stmt"/>
      <line num="187" count="81" type="stmt"/>
      <line num="188" count="81" type="stmt"/>
      <line num="189" count="81" type="stmt"/>
      <line num="191" count="81" type="stmt"/>
      <line num="192" count="81" type="stmt"/>
      <line num="193" count="81" type="stmt"/>
      <line num="194" count="81" type="stmt"/>
      <line num="195" count="81" type="stmt"/>
      <line num="196" count="81" type="stmt"/>
      <line num="197" count="81" type="stmt"/>
      <line num="198" count="81" type="stmt"/>
      <line num="199" count="81" type="stmt"/>
      <line num="201" count="81" type="stmt"/>
      <line num="202" count="81" type="stmt"/>
      <line num="203" count="81" type="stmt"/>
      <line num="204" count="81" type="stmt"/>
      <line num="205" count="81" type="stmt"/>
      <line num="206" count="81" type="stmt"/>
      <line num="207" count="81" type="stmt"/>
      <line num="208" count="81" type="stmt"/>
      <line num="210" count="81" type="stmt"/>
      <line num="211" count="81" type="stmt"/>
      <line num="213" count="81" type="stmt"/>
      <line num="215" count="81" type="stmt"/>
      <line num="216" count="81" type="stmt"/>
      <line num="219" count="83" type="cond" truecount="1" falsecount="0"/>
      <line num="220" count="11" type="cond" truecount="2" falsecount="0"/>
      <line num="221" count="2" type="stmt"/>
      <line num="222" count="2" type="stmt"/>
      <line num="223" count="2" type="stmt"/>
      <line num="224" count="2" type="cond" truecount="1" falsecount="0"/>
      <line num="226" count="9" type="stmt"/>
      <line num="227" count="11" type="cond" truecount="0" falsecount="1"/>
      <line num="228" count="0" type="stmt"/>
      <line num="229" count="0" type="cond" truecount="1" falsecount="0"/>
      <line num="231" count="9" type="stmt"/>
      <line num="232" count="9" type="stmt"/>
      <line num="233" count="9" type="cond" truecount="1" falsecount="0"/>
      <line num="234" count="9" type="stmt"/>
      <line num="235" count="9" type="stmt"/>
      <line num="236" count="9" type="stmt"/>
      <line num="237" count="9" type="cond" truecount="1" falsecount="0"/>
      <line num="238" count="1" type="cond" truecount="1" falsecount="0"/>
      <line num="239" count="8" type="cond" truecount="0" falsecount="1"/>
      <line num="242" count="11" type="stmt"/>
      <line num="243" count="11" type="cond" truecount="1" falsecount="0"/>
      <line num="244" count="26" type="cond" truecount="1" falsecount="0"/>
      <line num="245" count="20" type="stmt"/>
      <line num="246" count="20" type="stmt"/>
      <line num="247" count="26" type="cond" truecount="1" falsecount="0"/>
      <line num="249" count="9" type="stmt"/>
      <line num="250" count="9" type="stmt"/>
      <line num="251" count="9" type="stmt"/>
      <line num="252" count="9" type="stmt"/>
      <line num="253" count="9" type="stmt"/>
      <line num="254" count="9" type="stmt"/>
      <line num="255" count="9" type="stmt"/>
      <line num="256" count="9" type="stmt"/>
      <line num="257" count="9" type="stmt"/>
      <line num="258" count="11" type="stmt"/>
      <line num="261" count="83" type="cond" truecount="1" falsecount="0"/>
      <line num="262" count="11" type="stmt"/>
      <line num="263" count="11" type="stmt"/>
      <line num="264" count="11" type="stmt"/>
      <line num="265" count="11" type="stmt"/>
      <line num="266" count="11" type="cond" truecount="1" falsecount="0"/>
      <line num="267" count="10" type="cond" truecount="1" falsecount="0"/>
      <line num="268" count="9" type="stmt"/>
      <line num="269" count="11" type="cond" truecount="1" falsecount="0"/>
      <line num="270" count="2" type="stmt"/>
      <line num="271" count="2" type="stmt"/>
      <line num="272" count="2" type="stmt"/>
      <line num="273" count="2" type="cond" truecount="1" falsecount="0"/>
      <line num="274" count="9" type="stmt"/>
      <line num="275" count="9" type="cond" truecount="2" falsecount="0"/>
      <line num="276" count="9" type="stmt"/>
      <line num="277" count="11" type="stmt"/>
      <line num="283" count="83" type="cond" truecount="1" falsecount="0"/>
      <line num="284" count="5" type="stmt"/>
      <line num="285" count="5" type="stmt"/>
      <line num="286" count="5" type="stmt"/>
      <line num="287" count="5" type="cond" truecount="1" falsecount="0"/>
      <line num="288" count="7" type="stmt"/>
      <line num="289" count="7" type="stmt"/>
      <line num="290" count="5" type="stmt"/>
      <line num="291" count="5" type="cond" truecount="1" falsecount="0"/>
      <line num="292" count="8" type="stmt"/>
      <line num="293" count="8" type="stmt"/>
      <line num="294" count="8" type="stmt"/>
      <line num="295" count="8" type="stmt"/>
      <line num="296" count="8" type="cond" truecount="1" falsecount="0"/>
      <line num="297" count="8" type="stmt"/>
      <line num="298" count="8" type="stmt"/>
      <line num="299" count="8" type="stmt"/>
      <line num="300" count="8" type="stmt"/>
      <line num="301" count="8" type="stmt"/>
      <line num="302" count="8" type="stmt"/>
      <line num="303" count="8" type="stmt"/>
      <line num="304" count="8" type="stmt"/>
      <line num="305" count="8" type="stmt"/>
      <line num="306" count="8" type="stmt"/>
      <line num="307" count="8" type="cond" truecount="0" falsecount="1"/>
      <line num="308" count="0" type="stmt"/>
      <line num="309" count="8" type="stmt"/>
      <line num="310" count="8" type="stmt"/>
      <line num="311" count="5" type="stmt"/>
      <line num="312" count="5" type="stmt"/>
      <line num="313" count="5" type="stmt"/>
      <line num="314" count="5" type="stmt"/>
      <line num="320" count="83" type="cond" truecount="1" falsecount="0"/>
      <line num="321" count="5" type="cond" truecount="2" falsecount="0"/>
      <line num="322" count="2" type="stmt"/>
      <line num="323" count="2" type="cond" truecount="1" falsecount="0"/>
      <line num="325" count="3" type="stmt"/>
      <line num="326" count="3" type="cond" truecount="2" falsecount="0"/>
      <line num="327" count="3" type="stmt"/>
      <line num="329" count="3" type="stmt"/>
      <line num="330" count="3" type="stmt"/>
      <line num="331" count="3" type="stmt"/>
      <line num="332" count="3" type="stmt"/>
      <line num="333" count="3" type="stmt"/>
      <line num="334" count="3" type="stmt"/>
      <line num="336" count="3" type="stmt"/>
      <line num="337" count="5" type="cond" truecount="1" falsecount="0"/>
      <line num="338" count="2" type="stmt"/>
      <line num="339" count="2" type="cond" truecount="2" falsecount="0"/>
      <line num="340" count="2" type="cond" truecount="1" falsecount="0"/>
      <line num="342" count="3" type="stmt"/>
      <line num="343" count="3" type="stmt"/>
      <line num="344" count="3" type="stmt"/>
      <line num="345" count="3" type="stmt"/>
      <line num="346" count="3" type="stmt"/>
      <line num="347" count="3" type="cond" truecount="1" falsecount="0"/>
      <line num="348" count="3" type="stmt"/>
      <line num="349" count="3" type="stmt"/>
      <line num="350" count="3" type="stmt"/>
      <line num="351" count="3" type="stmt"/>
      <line num="352" count="3" type="stmt"/>
      <line num="353" count="3" type="stmt"/>
      <line num="354" count="3" type="stmt"/>
      <line num="355" count="3" type="stmt"/>
      <line num="356" count="3" type="stmt"/>
      <line num="357" count="5" type="stmt"/>
      <line num="360" count="83" type="cond" truecount="1" falsecount="0"/>
      <line num="361" count="12" type="stmt"/>
      <line num="362" count="12" type="stmt"/>
      <line num="363" count="12" type="stmt"/>
      <line num="364" count="12" type="stmt"/>
      <line num="365" count="12" type="stmt"/>
      <line num="366" count="12" type="stmt"/>
      <line num="367" count="12" type="stmt"/>
      <line num="370" count="83" type="cond" truecount="1" falsecount="0"/>
      <line num="371" count="2" type="stmt"/>
      <line num="372" count="2" type="stmt"/>
      <line num="373" count="2" type="stmt"/>
      <line num="374" count="2" type="stmt"/>
      <line num="379" count="83" type="cond" truecount="1" falsecount="0"/>
      <line num="380" count="5" type="cond" truecount="0" falsecount="1"/>
      <line num="382" count="5" type="cond" truecount="1" falsecount="0"/>
      <line num="383" count="7" type="stmt"/>
      <line num="384" count="7" type="stmt"/>
      <line num="386" count="5" type="cond" truecount="1" falsecount="0"/>
      <line num="387" count="8" type="stmt"/>
      <line num="388" count="8" type="stmt"/>
      <line num="389" count="8" type="stmt"/>
      <line num="390" count="8" type="stmt"/>
      <line num="391" count="8" type="stmt"/>
      <line num="393" count="5" type="stmt"/>
      <line num="394" count="5" type="stmt"/>
      <line num="395" count="5" type="stmt"/>
      <line num="398" count="83" type="cond" truecount="1" falsecount="0"/>
      <line num="399" count="81" type="cond" truecount="0" falsecount="1"/>
      <line num="401" count="81" type="cond" truecount="1" falsecount="0"/>
      <line num="402" count="192" type="cond" truecount="1" falsecount="0"/>
      <line num="403" count="183" type="stmt"/>
      <line num="404" count="183" type="stmt"/>
      <line num="405" count="183" type="stmt"/>
      <line num="406" count="183" type="stmt"/>
      <line num="407" count="183" type="stmt"/>
      <line num="408" count="183" type="stmt"/>
      <line num="409" count="183" type="stmt"/>
      <line num="410" count="192" type="cond" truecount="1" falsecount="0"/>
      <line num="411" count="9" type="stmt"/>
      <line num="412" count="9" type="stmt"/>
      <line num="413" count="192" type="stmt"/>
      <line num="415" count="81" type="stmt"/>
      <line num="416" count="81" type="stmt"/>
      <line num="417" count="81" type="stmt"/>
      <line num="418" count="81" type="stmt"/>
      <line num="419" count="81" type="stmt"/>
      <line num="420" count="81" type="stmt"/>
      <line num="421" count="81" type="stmt"/>
      <line num="427" count="83" type="cond" truecount="1" falsecount="0"/>
      <line num="428" count="1" type="cond" truecount="0" falsecount="1"/>
      <line num="430" count="1" type="cond" truecount="1" falsecount="0"/>
      <line num="431" count="4" type="cond" truecount="1" falsecount="0"/>
      <line num="432" count="1" type="stmt"/>
      <line num="433" count="1" type="stmt"/>
      <line num="434" count="4" type="cond" truecount="2" falsecount="0"/>
      <line num="435" count="1" type="stmt"/>
      <line num="446" count="1" type="stmt"/>
      <line num="447" count="1" type="stmt"/>
      <line num="448" count="1" type="stmt"/>
      <line num="449" count="1" type="stmt"/>
      <line num="450" count="3" type="cond" truecount="2" falsecount="0"/>
      <line num="451" count="1" type="stmt"/>
      <line num="452" count="1" type="stmt"/>
      <line num="453" count="1" type="stmt"/>
      <line num="454" count="1" type="stmt"/>
      <line num="455" count="4" type="stmt"/>
      <line num="458" count="1" type="stmt"/>
      <line num="461" count="1" type="stmt"/>
      <line num="462" count="1" type="stmt"/>
      <line num="463" count="1" type="stmt"/>
      <line num="464" count="1" type="stmt"/>
      <line num="465" count="1" type="stmt"/>
      <line num="466" count="1" type="stmt"/>
      <line num="467" count="1" type="stmt"/>
      <line num="468" count="1" type="cond" truecount="0" falsecount="1"/>
      <line num="469" count="0" type="stmt"/>
      <line num="470" count="0" type="stmt"/>
      <line num="471" count="1" type="stmt"/>
      <line num="476" count="1" type="stmt"/>
      <line num="479" count="1" type="stmt"/>
      <line num="480" count="1" type="stmt"/>
      <line num="481" count="83" type="stmt"/>
    </file>
    <file name="types.ts" path="/Users/suitandclaw/ensoul/packages/state-tree/src/types.ts">
      <metrics statements="0" coveredstatements="0" conditionals="1" coveredconditionals="1" methods="1" coveredmethods="1"/>
    </file>
  </project>
</coverage>
