{"/Users/suitandclaw/ensoul/packages/state-tree/src/index.ts": {"path":"/Users/suitandclaw/ensoul/packages/state-tree/src/index.ts","all":false,"statementMap":{"0":{"start":{"line":1,"column":0},"end":{"line":1,"column":13}},"36":{"start":{"line":37,"column":0},"end":{"line":37,"column":33}},"37":{"start":{"line":38,"column":0},"end":{"line":38,"column":25}},"38":{"start":{"line":39,"column":0},"end":{"line":39,"column":26}},"39":{"start":{"line":40,"column":0},"end":{"line":40,"column":31}},"40":{"start":{"line":41,"column":0},"end":{"line":41,"column":24}},"41":{"start":{"line":42,"column":0},"end":{"line":42,"column":51}},"42":{"start":{"line":43,"column":0},"end":{"line":43,"column":26}},"43":{"start":{"line":44,"column":0},"end":{"line":44,"column":5}},"44":{"start":{"line":45,"column":0},"end":{"line":45,"column":63}},"46":{"start":{"line":47,"column":0},"end":{"line":47,"column":54}},"47":{"start":{"line":48,"column":0},"end":{"line":48,"column":13}},"48":{"start":{"line":49,"column":0},"end":{"line":49,"column":1}},"56":{"start":{"line":57,"column":0},"end":{"line":57,"column":31}},"57":{"start":{"line":58,"column":0},"end":{"line":58,"column":16}},"58":{"start":{"line":59,"column":0},"end":{"line":59,"column":25}},"59":{"start":{"line":60,"column":0},"end":{"line":60,"column":31}},"60":{"start":{"line":61,"column":0},"end":{"line":61,"column":54}},"61":{"start":{"line":62,"column":0},"end":{"line":62,"column":24}},"62":{"start":{"line":63,"column":0},"end":{"line":63,"column":4}},"63":{"start":{"line":64,"column":0},"end":{"line":64,"column":54}},"64":{"start":{"line":65,"column":0},"end":{"line":65,"column":25}},"65":{"start":{"line":66,"column":0},"end":{"line":66,"column":13}},"66":{"start":{"line":67,"column":0},"end":{"line":67,"column":1}},"74":{"start":{"line":75,"column":0},"end":{"line":75,"column":31}},"75":{"start":{"line":76,"column":0},"end":{"line":76,"column":24}},"76":{"start":{"line":77,"column":0},"end":{"line":77,"column":25}},"77":{"start":{"line":78,"column":0},"end":{"line":78,"column":26}},"78":{"start":{"line":79,"column":0},"end":{"line":79,"column":31}},"79":{"start":{"line":80,"column":0},"end":{"line":80,"column":51}},"80":{"start":{"line":81,"column":0},"end":{"line":81,"column":35}},"99":{"start":{"line":100,"column":0},"end":{"line":100,"column":47}},"100":{"start":{"line":101,"column":0},"end":{"line":101,"column":46}},"101":{"start":{"line":102,"column":0},"end":{"line":102,"column":41}},"102":{"start":{"line":103,"column":0},"end":{"line":103,"column":2}},"105":{"start":{"line":106,"column":0},"end":{"line":106,"column":51}},"106":{"start":{"line":107,"column":0},"end":{"line":107,"column":21}},"107":{"start":{"line":108,"column":0},"end":{"line":108,"column":23}},"108":{"start":{"line":109,"column":0},"end":{"line":109,"column":39}},"109":{"start":{"line":110,"column":0},"end":{"line":110,"column":25}},"110":{"start":{"line":111,"column":0},"end":{"line":111,"column":69}},"111":{"start":{"line":112,"column":0},"end":{"line":112,"column":37}},"112":{"start":{"line":113,"column":0},"end":{"line":113,"column":5}},"115":{"start":{"line":116,"column":0},"end":{"line":116,"column":62}},"116":{"start":{"line":117,"column":0},"end":{"line":117,"column":29}},"118":{"start":{"line":119,"column":0},"end":{"line":119,"column":53}},"119":{"start":{"line":120,"column":0},"end":{"line":120,"column":36}},"120":{"start":{"line":121,"column":0},"end":{"line":121,"column":34}},"121":{"start":{"line":122,"column":0},"end":{"line":122,"column":37}},"122":{"start":{"line":123,"column":0},"end":{"line":123,"column":52}},"123":{"start":{"line":124,"column":0},"end":{"line":124,"column":35}},"124":{"start":{"line":125,"column":0},"end":{"line":125,"column":33}},"125":{"start":{"line":126,"column":0},"end":{"line":126,"column":4}},"126":{"start":{"line":127,"column":0},"end":{"line":127,"column":3}},"127":{"start":{"line":128,"column":0},"end":{"line":128,"column":51}},"128":{"start":{"line":129,"column":0},"end":{"line":129,"column":2}},"130":{"start":{"line":131,"column":0},"end":{"line":131,"column":70}},"131":{"start":{"line":132,"column":0},"end":{"line":132,"column":51}},"132":{"start":{"line":133,"column":0},"end":{"line":133,"column":26}},"133":{"start":{"line":134,"column":0},"end":{"line":134,"column":5}},"134":{"start":{"line":135,"column":0},"end":{"line":135,"column":63}},"136":{"start":{"line":137,"column":0},"end":{"line":137,"column":40}},"137":{"start":{"line":138,"column":0},"end":{"line":138,"column":11}},"138":{"start":{"line":139,"column":0},"end":{"line":139,"column":5}},"139":{"start":{"line":140,"column":0},"end":{"line":140,"column":10}},"140":{"start":{"line":141,"column":0},"end":{"line":141,"column":15}},"141":{"start":{"line":142,"column":0},"end":{"line":142,"column":16}},"142":{"start":{"line":143,"column":0},"end":{"line":143,"column":14}},"143":{"start":{"line":144,"column":0},"end":{"line":144,"column":12}},"144":{"start":{"line":145,"column":0},"end":{"line":145,"column":3}},"147":{"start":{"line":148,"column":0},"end":{"line":148,"column":10}},"148":{"start":{"line":149,"column":0},"end":{"line":149,"column":26}},"149":{"start":{"line":150,"column":0},"end":{"line":150,"column":2}},"151":{"start":{"line":152,"column":0},"end":{"line":152,"column":13}},"152":{"start":{"line":153,"column":0},"end":{"line":153,"column":1}}},"s":{"0":1,"36":68,"37":68,"38":68,"39":68,"40":68,"41":1,"42":1,"43":1,"44":67,"46":68,"47":68,"48":68,"56":1,"57":1,"58":1,"59":1,"60":1,"61":1,"62":1,"63":1,"64":1,"65":1,"66":1,"74":5,"75":5,"76":5,"77":5,"78":5,"79":5,"80":5,"99":5,"100":5,"101":7,"102":7,"105":5,"106":8,"107":8,"108":8,"109":8,"110":8,"111":8,"112":5,"115":5,"116":5,"118":5,"119":5,"120":8,"121":8,"122":8,"123":8,"124":0,"125":0,"126":8,"127":8,"128":8,"130":5,"131":0,"132":0,"133":0,"134":5,"136":5,"137":5,"138":5,"139":5,"140":5,"141":5,"142":5,"143":5,"144":5,"147":5,"148":5,"149":5,"151":5,"152":5},"branchMap":{"0":{"type":"branch","line":37,"loc":{"start":{"line":37,"column":0},"end":{"line":49,"column":1}},"locations":[{"start":{"line":37,"column":0},"end":{"line":49,"column":1}}]},"1":{"type":"branch","line":41,"loc":{"start":{"line":41,"column":12},"end":{"line":41,"column":24}},"locations":[{"start":{"line":41,"column":12},"end":{"line":41,"column":24}}]},"2":{"type":"branch","line":41,"loc":{"start":{"line":41,"column":18},"end":{"line":44,"column":5}},"locations":[{"start":{"line":41,"column":18},"end":{"line":44,"column":5}}]},"3":{"type":"branch","line":44,"loc":{"start":{"line":44,"column":4},"end":{"line":45,"column":63}},"locations":[{"start":{"line":44,"column":4},"end":{"line":45,"column":63}}]},"4":{"type":"branch","line":57,"loc":{"start":{"line":57,"column":0},"end":{"line":67,"column":1}},"locations":[{"start":{"line":57,"column":0},"end":{"line":67,"column":1}}]},"5":{"type":"branch","line":75,"loc":{"start":{"line":75,"column":0},"end":{"line":153,"column":1}},"locations":[{"start":{"line":75,"column":0},"end":{"line":153,"column":1}}]},"6":{"type":"branch","line":101,"loc":{"start":{"line":101,"column":45},"end":{"line":103,"column":2}},"locations":[{"start":{"line":101,"column":45},"end":{"line":103,"column":2}}]},"7":{"type":"branch","line":120,"loc":{"start":{"line":120,"column":35},"end":{"line":129,"column":2}},"locations":[{"start":{"line":120,"column":35},"end":{"line":129,"column":2}}]},"8":{"type":"branch","line":124,"loc":{"start":{"line":124,"column":3},"end":{"line":126,"column":4}},"locations":[{"start":{"line":124,"column":3},"end":{"line":126,"column":4}}]},"9":{"type":"branch","line":131,"loc":{"start":{"line":131,"column":58},"end":{"line":131,"column":70}},"locations":[{"start":{"line":131,"column":58},"end":{"line":131,"column":70}}]},"10":{"type":"branch","line":131,"loc":{"start":{"line":131,"column":64},"end":{"line":134,"column":5}},"locations":[{"start":{"line":131,"column":64},"end":{"line":134,"column":5}}]},"11":{"type":"branch","line":106,"loc":{"start":{"line":106,"column":42},"end":{"line":113,"column":3}},"locations":[{"start":{"line":106,"column":42},"end":{"line":113,"column":3}}]},"12":{"type":"branch","line":111,"loc":{"start":{"line":111,"column":31},"end":{"line":111,"column":67}},"locations":[{"start":{"line":111,"column":31},"end":{"line":111,"column":67}}]}},"b":{"0":[68],"1":[1],"2":[1],"3":[67],"4":[1],"5":[5],"6":[7],"7":[8],"8":[0],"9":[0],"10":[0],"11":[8],"12":[8]},"fnMap":{"0":{"name":"createTree","decl":{"start":{"line":37,"column":0},"end":{"line":49,"column":1}},"loc":{"start":{"line":37,"column":0},"end":{"line":49,"column":1}},"line":37},"1":{"name":"openTree","decl":{"start":{"line":57,"column":0},"end":{"line":67,"column":1}},"loc":{"start":{"line":57,"column":0},"end":{"line":67,"column":1}},"line":57},"2":{"name":"loadTree","decl":{"start":{"line":75,"column":0},"end":{"line":153,"column":1}},"loc":{"start":{"line":75,"column":0},"end":{"line":153,"column":1}},"line":75}},"f":{"0":68,"1":1,"2":5}}
,"/Users/suitandclaw/ensoul/packages/state-tree/src/merkle.ts": {"path":"/Users/suitandclaw/ensoul/packages/state-tree/src/merkle.ts","all":false,"statementMap":{"0":{"start":{"line":1,"column":0},"end":{"line":1,"column":49}},"5":{"start":{"line":6,"column":0},"end":{"line":6,"column":72}},"11":{"start":{"line":12,"column":0},"end":{"line":12,"column":77}},"12":{"start":{"line":13,"column":0},"end":{"line":13,"column":48}},"13":{"start":{"line":14,"column":0},"end":{"line":14,"column":34}},"14":{"start":{"line":15,"column":0},"end":{"line":15,"column":66}},"15":{"start":{"line":16,"column":0},"end":{"line":16,"column":53}},"16":{"start":{"line":17,"column":0},"end":{"line":17,"column":1}},"21":{"start":{"line":22,"column":0},"end":{"line":22,"column":75}},"22":{"start":{"line":23,"column":0},"end":{"line":23,"column":41}},"23":{"start":{"line":24,"column":0},"end":{"line":24,"column":1}},"39":{"start":{"line":40,"column":0},"end":{"line":40,"column":32}},"40":{"start":{"line":41,"column":0},"end":{"line":41,"column":34}},"41":{"start":{"line":42,"column":0},"end":{"line":42,"column":21}},"42":{"start":{"line":43,"column":0},"end":{"line":43,"column":47}},"44":{"start":{"line":45,"column":0},"end":{"line":45,"column":31}},"45":{"start":{"line":46,"column":0},"end":{"line":46,"column":58}},"46":{"start":{"line":47,"column":0},"end":{"line":47,"column":2}},"48":{"start":{"line":49,"column":0},"end":{"line":49,"column":45}},"49":{"start":{"line":50,"column":0},"end":{"line":50,"column":33}},"50":{"start":{"line":51,"column":0},"end":{"line":51,"column":63}},"51":{"start":{"line":52,"column":0},"end":{"line":52,"column":37}},"52":{"start":{"line":53,"column":0},"end":{"line":53,"column":4}},"54":{"start":{"line":55,"column":0},"end":{"line":55,"column":45}},"55":{"start":{"line":56,"column":0},"end":{"line":56,"column":26}},"57":{"start":{"line":58,"column":0},"end":{"line":58,"column":29}},"58":{"start":{"line":59,"column":0},"end":{"line":59,"column":32}},"59":{"start":{"line":60,"column":0},"end":{"line":60,"column":47}},"60":{"start":{"line":61,"column":0},"end":{"line":61,"column":28}},"61":{"start":{"line":62,"column":0},"end":{"line":62,"column":32}},"62":{"start":{"line":63,"column":0},"end":{"line":63,"column":15}},"63":{"start":{"line":64,"column":0},"end":{"line":64,"column":44}},"64":{"start":{"line":65,"column":0},"end":{"line":65,"column":11}},"65":{"start":{"line":66,"column":0},"end":{"line":66,"column":20}},"66":{"start":{"line":67,"column":0},"end":{"line":67,"column":4}},"67":{"start":{"line":68,"column":0},"end":{"line":68,"column":3}},"68":{"start":{"line":69,"column":0},"end":{"line":69,"column":20}},"69":{"start":{"line":70,"column":0},"end":{"line":70,"column":17}},"70":{"start":{"line":71,"column":0},"end":{"line":71,"column":2}},"72":{"start":{"line":73,"column":0},"end":{"line":73,"column":9}},"73":{"start":{"line":74,"column":0},"end":{"line":74,"column":32}},"74":{"start":{"line":75,"column":0},"end":{"line":75,"column":9}},"75":{"start":{"line":76,"column":0},"end":{"line":76,"column":13}},"76":{"start":{"line":77,"column":0},"end":{"line":77,"column":3}},"77":{"start":{"line":78,"column":0},"end":{"line":78,"column":1}},"82":{"start":{"line":83,"column":0},"end":{"line":83,"column":30}},"83":{"start":{"line":84,"column":0},"end":{"line":84,"column":24}},"84":{"start":{"line":85,"column":0},"end":{"line":85,"column":19}},"85":{"start":{"line":86,"column":0},"end":{"line":86,"column":16}},"86":{"start":{"line":87,"column":0},"end":{"line":87,"column":30}},"87":{"start":{"line":88,"column":0},"end":{"line":88,"column":70}},"88":{"start":{"line":89,"column":0},"end":{"line":89,"column":40}},"89":{"start":{"line":90,"column":0},"end":{"line":90,"column":2}},"91":{"start":{"line":92,"column":0},"end":{"line":92,"column":74}},"92":{"start":{"line":93,"column":0},"end":{"line":93,"column":23}},"94":{"start":{"line":95,"column":0},"end":{"line":95,"column":58}},"95":{"start":{"line":96,"column":0},"end":{"line":96,"column":31}},"96":{"start":{"line":97,"column":0},"end":{"line":97,"column":24}},"97":{"start":{"line":98,"column":0},"end":{"line":98,"column":36}},"98":{"start":{"line":99,"column":0},"end":{"line":99,"column":17}},"99":{"start":{"line":100,"column":0},"end":{"line":100,"column":19}},"100":{"start":{"line":101,"column":0},"end":{"line":101,"column":31}},"101":{"start":{"line":102,"column":0},"end":{"line":102,"column":23}},"102":{"start":{"line":103,"column":0},"end":{"line":103,"column":7}},"103":{"start":{"line":104,"column":0},"end":{"line":104,"column":4}},"104":{"start":{"line":105,"column":0},"end":{"line":105,"column":10}},"105":{"start":{"line":106,"column":0},"end":{"line":106,"column":36}},"106":{"start":{"line":107,"column":0},"end":{"line":107,"column":17}},"107":{"start":{"line":108,"column":0},"end":{"line":108,"column":19}},"108":{"start":{"line":109,"column":0},"end":{"line":109,"column":31}},"109":{"start":{"line":110,"column":0},"end":{"line":110,"column":22}},"110":{"start":{"line":111,"column":0},"end":{"line":111,"column":7}},"111":{"start":{"line":112,"column":0},"end":{"line":112,"column":4}},"112":{"start":{"line":113,"column":0},"end":{"line":113,"column":3}},"113":{"start":{"line":114,"column":0},"end":{"line":114,"column":32}},"114":{"start":{"line":115,"column":0},"end":{"line":115,"column":2}},"116":{"start":{"line":117,"column":0},"end":{"line":117,"column":9}},"117":{"start":{"line":118,"column":0},"end":{"line":118,"column":11}},"118":{"start":{"line":119,"column":0},"end":{"line":119,"column":47}},"119":{"start":{"line":120,"column":0},"end":{"line":120,"column":3}},"120":{"start":{"line":121,"column":0},"end":{"line":121,"column":1}},"126":{"start":{"line":127,"column":0},"end":{"line":127,"column":34}},"127":{"start":{"line":128,"column":0},"end":{"line":128,"column":13}},"128":{"start":{"line":129,"column":0},"end":{"line":129,"column":26}},"129":{"start":{"line":130,"column":0},"end":{"line":130,"column":20}},"130":{"start":{"line":131,"column":0},"end":{"line":131,"column":18}},"131":{"start":{"line":132,"column":0},"end":{"line":132,"column":12}},"132":{"start":{"line":133,"column":0},"end":{"line":133,"column":22}},"133":{"start":{"line":134,"column":0},"end":{"line":134,"column":62}},"134":{"start":{"line":135,"column":0},"end":{"line":135,"column":2}},"136":{"start":{"line":137,"column":0},"end":{"line":137,"column":46}},"137":{"start":{"line":138,"column":0},"end":{"line":138,"column":47}},"138":{"start":{"line":139,"column":0},"end":{"line":139,"column":15}},"139":{"start":{"line":140,"column":0},"end":{"line":140,"column":2}},"141":{"start":{"line":142,"column":0},"end":{"line":142,"column":24}},"142":{"start":{"line":143,"column":0},"end":{"line":143,"column":40}},"143":{"start":{"line":144,"column":0},"end":{"line":144,"column":48}},"144":{"start":{"line":145,"column":0},"end":{"line":145,"column":36}},"145":{"start":{"line":146,"column":0},"end":{"line":146,"column":52}},"146":{"start":{"line":147,"column":0},"end":{"line":147,"column":10}},"147":{"start":{"line":148,"column":0},"end":{"line":148,"column":52}},"148":{"start":{"line":149,"column":0},"end":{"line":149,"column":3}},"149":{"start":{"line":150,"column":0},"end":{"line":150,"column":2}},"151":{"start":{"line":152,"column":0},"end":{"line":152,"column":41}},"152":{"start":{"line":153,"column":0},"end":{"line":153,"column":1}}},"s":{"0":1,"5":1,"11":1,"12":269,"13":269,"14":269,"15":269,"16":269,"21":178,"22":178,"23":178,"39":1,"40":164,"41":164,"42":164,"44":164,"45":76,"46":76,"48":88,"49":251,"50":251,"51":251,"52":88,"54":88,"55":88,"57":164,"58":65,"59":65,"60":188,"61":188,"62":188,"63":163,"64":188,"65":25,"66":25,"67":188,"68":65,"69":65,"70":65,"72":88,"73":88,"74":88,"75":88,"76":88,"77":88,"82":1,"83":12,"84":12,"85":12,"86":12,"87":12,"88":0,"89":0,"91":12,"92":12,"94":12,"95":17,"96":17,"97":12,"98":12,"99":10,"100":10,"101":10,"102":10,"103":10,"104":17,"105":5,"106":5,"107":5,"108":5,"109":5,"110":5,"111":5,"112":5,"113":17,"114":17,"116":12,"117":12,"118":12,"119":12,"120":12,"126":1,"127":13,"128":13,"129":13,"130":13,"131":13,"132":13,"133":1,"134":1,"136":12,"137":13,"138":2,"139":2,"141":10,"142":13,"143":15,"144":15,"145":5,"146":15,"147":10,"148":10,"149":15,"151":10,"152":10},"branchMap":{"0":{"type":"branch","line":12,"loc":{"start":{"line":12,"column":7},"end":{"line":17,"column":1}},"locations":[{"start":{"line":12,"column":7},"end":{"line":17,"column":1}}]},"1":{"type":"branch","line":22,"loc":{"start":{"line":22,"column":0},"end":{"line":24,"column":1}},"locations":[{"start":{"line":22,"column":0},"end":{"line":24,"column":1}}]},"2":{"type":"branch","line":40,"loc":{"start":{"line":40,"column":7},"end":{"line":78,"column":1}},"locations":[{"start":{"line":40,"column":7},"end":{"line":78,"column":1}}]},"3":{"type":"branch","line":45,"loc":{"start":{"line":45,"column":30},"end":{"line":47,"column":2}},"locations":[{"start":{"line":45,"column":30},"end":{"line":47,"column":2}}]},"4":{"type":"branch","line":47,"loc":{"start":{"line":47,"column":1},"end":{"line":58,"column":28}},"locations":[{"start":{"line":47,"column":1},"end":{"line":58,"column":28}}]},"5":{"type":"branch","line":58,"loc":{"start":{"line":58,"column":28},"end":{"line":71,"column":2}},"locations":[{"start":{"line":58,"column":28},"end":{"line":71,"column":2}}]},"6":{"type":"branch","line":60,"loc":{"start":{"line":60,"column":46},"end":{"line":68,"column":3}},"locations":[{"start":{"line":60,"column":46},"end":{"line":68,"column":3}}]},"7":{"type":"branch","line":63,"loc":{"start":{"line":63,"column":14},"end":{"line":65,"column":10}},"locations":[{"start":{"line":63,"column":14},"end":{"line":65,"column":10}}]},"8":{"type":"branch","line":65,"loc":{"start":{"line":65,"column":3},"end":{"line":67,"column":4}},"locations":[{"start":{"line":65,"column":3},"end":{"line":67,"column":4}}]},"9":{"type":"branch","line":71,"loc":{"start":{"line":71,"column":1},"end":{"line":78,"column":1}},"locations":[{"start":{"line":71,"column":1},"end":{"line":78,"column":1}}]},"10":{"type":"branch","line":49,"loc":{"start":{"line":49,"column":35},"end":{"line":53,"column":2}},"locations":[{"start":{"line":49,"column":35},"end":{"line":53,"column":2}}]},"11":{"type":"branch","line":51,"loc":{"start":{"line":51,"column":14},"end":{"line":51,"column":63}},"locations":[{"start":{"line":51,"column":14},"end":{"line":51,"column":63}}]},"12":{"type":"branch","line":83,"loc":{"start":{"line":83,"column":7},"end":{"line":121,"column":1}},"locations":[{"start":{"line":83,"column":7},"end":{"line":121,"column":1}}]},"13":{"type":"branch","line":88,"loc":{"start":{"line":88,"column":69},"end":{"line":90,"column":2}},"locations":[{"start":{"line":88,"column":69},"end":{"line":90,"column":2}}]},"14":{"type":"branch","line":95,"loc":{"start":{"line":95,"column":57},"end":{"line":115,"column":2}},"locations":[{"start":{"line":95,"column":57},"end":{"line":115,"column":2}}]},"15":{"type":"branch","line":97,"loc":{"start":{"line":97,"column":23},"end":{"line":105,"column":9}},"locations":[{"start":{"line":97,"column":23},"end":{"line":105,"column":9}}]},"16":{"type":"branch","line":99,"loc":{"start":{"line":99,"column":16},"end":{"line":104,"column":4}},"locations":[{"start":{"line":99,"column":16},"end":{"line":104,"column":4}}]},"17":{"type":"branch","line":105,"loc":{"start":{"line":105,"column":2},"end":{"line":113,"column":3}},"locations":[{"start":{"line":105,"column":2},"end":{"line":113,"column":3}}]},"18":{"type":"branch","line":127,"loc":{"start":{"line":127,"column":7},"end":{"line":153,"column":1}},"locations":[{"start":{"line":127,"column":7},"end":{"line":153,"column":1}}]},"19":{"type":"branch","line":133,"loc":{"start":{"line":133,"column":21},"end":{"line":135,"column":2}},"locations":[{"start":{"line":133,"column":21},"end":{"line":135,"column":2}}]},"20":{"type":"branch","line":135,"loc":{"start":{"line":135,"column":1},"end":{"line":138,"column":46}},"locations":[{"start":{"line":135,"column":1},"end":{"line":138,"column":46}}]},"21":{"type":"branch","line":138,"loc":{"start":{"line":138,"column":46},"end":{"line":140,"column":2}},"locations":[{"start":{"line":138,"column":46},"end":{"line":140,"column":2}}]},"22":{"type":"branch","line":140,"loc":{"start":{"line":140,"column":1},"end":{"line":143,"column":39}},"locations":[{"start":{"line":140,"column":1},"end":{"line":143,"column":39}}]},"23":{"type":"branch","line":143,"loc":{"start":{"line":143,"column":39},"end":{"line":150,"column":2}},"locations":[{"start":{"line":143,"column":39},"end":{"line":150,"column":2}}]},"24":{"type":"branch","line":145,"loc":{"start":{"line":145,"column":35},"end":{"line":147,"column":9}},"locations":[{"start":{"line":145,"column":35},"end":{"line":147,"column":9}}]},"25":{"type":"branch","line":147,"loc":{"start":{"line":147,"column":2},"end":{"line":149,"column":3}},"locations":[{"start":{"line":147,"column":2},"end":{"line":149,"column":3}}]},"26":{"type":"branch","line":150,"loc":{"start":{"line":150,"column":1},"end":{"line":153,"column":1}},"locations":[{"start":{"line":150,"column":1},"end":{"line":153,"column":1}}]}},"b":{"0":[269],"1":[178],"2":[164],"3":[76],"4":[88],"5":[65],"6":[188],"7":[163],"8":[25],"9":[88],"10":[251],"11":[0],"12":[12],"13":[0],"14":[17],"15":[12],"16":[10],"17":[5],"18":[13],"19":[1],"20":[12],"21":[2],"22":[10],"23":[15],"24":[5],"25":[10],"26":[10]},"fnMap":{"0":{"name":"computeLeafHash","decl":{"start":{"line":12,"column":7},"end":{"line":17,"column":1}},"loc":{"start":{"line":12,"column":7},"end":{"line":17,"column":1}},"line":12},"1":{"name":"computeNodeHash","decl":{"start":{"line":22,"column":0},"end":{"line":24,"column":1}},"loc":{"start":{"line":22,"column":0},"end":{"line":24,"column":1}},"line":22},"2":{"name":"buildMerkleTree","decl":{"start":{"line":40,"column":7},"end":{"line":78,"column":1}},"loc":{"start":{"line":40,"column":7},"end":{"line":78,"column":1}},"line":40},"3":{"name":"generateProof","decl":{"start":{"line":83,"column":7},"end":{"line":121,"column":1}},"loc":{"start":{"line":83,"column":7},"end":{"line":121,"column":1}},"line":83},"4":{"name":"verifyMerkleProof","decl":{"start":{"line":127,"column":7},"end":{"line":153,"column":1}},"loc":{"start":{"line":127,"column":7},"end":{"line":153,"column":1}},"line":127}},"f":{"0":269,"1":178,"2":164,"3":12,"4":13}}
,"/Users/suitandclaw/ensoul/packages/state-tree/src/tree.ts": {"path":"/Users/suitandclaw/ensoul/packages/state-tree/src/tree.ts","all":false,"statementMap":{"0":{"start":{"line":1,"column":0},"end":{"line":1,"column":54}},"18":{"start":{"line":19,"column":0},"end":{"line":19,"column":16}},"19":{"start":{"line":20,"column":0},"end":{"line":20,"column":17}},"20":{"start":{"line":21,"column":0},"end":{"line":21,"column":27}},"21":{"start":{"line":22,"column":0},"end":{"line":22,"column":30}},"22":{"start":{"line":23,"column":0},"end":{"line":23,"column":28}},"23":{"start":{"line":24,"column":0},"end":{"line":24,"column":11}},"68":{"start":{"line":69,"column":0},"end":{"line":69,"column":36}},"74":{"start":{"line":75,"column":0},"end":{"line":75,"column":16}},"75":{"start":{"line":76,"column":0},"end":{"line":76,"column":57}},"76":{"start":{"line":77,"column":0},"end":{"line":77,"column":1}},"82":{"start":{"line":83,"column":0},"end":{"line":83,"column":65}},"83":{"start":{"line":84,"column":0},"end":{"line":84,"column":42}},"84":{"start":{"line":85,"column":0},"end":{"line":85,"column":27}},"85":{"start":{"line":86,"column":0},"end":{"line":86,"column":26}},"86":{"start":{"line":87,"column":0},"end":{"line":87,"column":40}},"87":{"start":{"line":88,"column":0},"end":{"line":88,"column":57}},"88":{"start":{"line":89,"column":0},"end":{"line":89,"column":33}},"89":{"start":{"line":90,"column":0},"end":{"line":90,"column":58}},"91":{"start":{"line":92,"column":0},"end":{"line":92,"column":13}},"92":{"start":{"line":93,"column":0},"end":{"line":93,"column":26}},"93":{"start":{"line":94,"column":0},"end":{"line":94,"column":51}},"94":{"start":{"line":95,"column":0},"end":{"line":95,"column":36}},"95":{"start":{"line":96,"column":0},"end":{"line":96,"column":19}},"96":{"start":{"line":97,"column":0},"end":{"line":97,"column":20}},"97":{"start":{"line":98,"column":0},"end":{"line":98,"column":34}},"98":{"start":{"line":99,"column":0},"end":{"line":99,"column":51}},"99":{"start":{"line":100,"column":0},"end":{"line":100,"column":4}},"100":{"start":{"line":101,"column":0},"end":{"line":101,"column":27}},"101":{"start":{"line":102,"column":0},"end":{"line":102,"column":15}},"102":{"start":{"line":103,"column":0},"end":{"line":103,"column":38}},"103":{"start":{"line":104,"column":0},"end":{"line":104,"column":31}},"104":{"start":{"line":105,"column":0},"end":{"line":105,"column":57}},"105":{"start":{"line":106,"column":0},"end":{"line":106,"column":42}},"107":{"start":{"line":108,"column":0},"end":{"line":108,"column":31}},"108":{"start":{"line":109,"column":0},"end":{"line":109,"column":29}},"109":{"start":{"line":110,"column":0},"end":{"line":110,"column":10}},"110":{"start":{"line":111,"column":0},"end":{"line":111,"column":48}},"111":{"start":{"line":112,"column":0},"end":{"line":112,"column":32}},"112":{"start":{"line":113,"column":0},"end":{"line":113,"column":3}},"114":{"start":{"line":115,"column":0},"end":{"line":115,"column":43}},"115":{"start":{"line":116,"column":0},"end":{"line":116,"column":60}},"116":{"start":{"line":117,"column":0},"end":{"line":117,"column":3}},"117":{"start":{"line":118,"column":0},"end":{"line":118,"column":2}},"119":{"start":{"line":120,"column":0},"end":{"line":120,"column":25}},"120":{"start":{"line":121,"column":0},"end":{"line":121,"column":24}},"121":{"start":{"line":122,"column":0},"end":{"line":122,"column":2}},"123":{"start":{"line":124,"column":0},"end":{"line":124,"column":24}},"124":{"start":{"line":125,"column":0},"end":{"line":125,"column":23}},"125":{"start":{"line":126,"column":0},"end":{"line":126,"column":2}},"128":{"start":{"line":129,"column":0},"end":{"line":129,"column":53}},"129":{"start":{"line":130,"column":0},"end":{"line":130,"column":39}},"130":{"start":{"line":131,"column":0},"end":{"line":131,"column":2}},"133":{"start":{"line":134,"column":0},"end":{"line":134,"column":20}},"134":{"start":{"line":135,"column":0},"end":{"line":135,"column":14}},"135":{"start":{"line":136,"column":0},"end":{"line":136,"column":63}},"136":{"start":{"line":137,"column":0},"end":{"line":137,"column":46}},"138":{"start":{"line":139,"column":0},"end":{"line":139,"column":23}},"139":{"start":{"line":140,"column":0},"end":{"line":140,"column":65}},"140":{"start":{"line":141,"column":0},"end":{"line":141,"column":3}},"142":{"start":{"line":143,"column":0},"end":{"line":143,"column":51}},"143":{"start":{"line":144,"column":0},"end":{"line":144,"column":55}},"145":{"start":{"line":146,"column":0},"end":{"line":146,"column":25}},"146":{"start":{"line":147,"column":0},"end":{"line":147,"column":65}},"147":{"start":{"line":148,"column":0},"end":{"line":148,"column":3}},"149":{"start":{"line":150,"column":0},"end":{"line":150,"column":60}},"150":{"start":{"line":151,"column":0},"end":{"line":151,"column":26}},"151":{"start":{"line":152,"column":0},"end":{"line":152,"column":2}},"154":{"start":{"line":155,"column":0},"end":{"line":155,"column":61}},"155":{"start":{"line":156,"column":0},"end":{"line":156,"column":54}},"156":{"start":{"line":157,"column":0},"end":{"line":157,"column":2}},"159":{"start":{"line":160,"column":0},"end":{"line":160,"column":45}},"160":{"start":{"line":161,"column":0},"end":{"line":161,"column":50}},"161":{"start":{"line":162,"column":0},"end":{"line":162,"column":2}},"164":{"start":{"line":165,"column":0},"end":{"line":165,"column":47}},"165":{"start":{"line":166,"column":0},"end":{"line":166,"column":30}},"166":{"start":{"line":167,"column":0},"end":{"line":167,"column":2}},"172":{"start":{"line":173,"column":0},"end":{"line":173,"column":60}},"173":{"start":{"line":174,"column":0},"end":{"line":174,"column":42}},"175":{"start":{"line":176,"column":0},"end":{"line":176,"column":70}},"176":{"start":{"line":177,"column":0},"end":{"line":177,"column":25}},"177":{"start":{"line":178,"column":0},"end":{"line":178,"column":37}},"178":{"start":{"line":179,"column":0},"end":{"line":179,"column":39}},"179":{"start":{"line":180,"column":0},"end":{"line":180,"column":48}},"180":{"start":{"line":181,"column":0},"end":{"line":181,"column":35}},"181":{"start":{"line":182,"column":0},"end":{"line":182,"column":32}},"182":{"start":{"line":183,"column":0},"end":{"line":183,"column":51}},"183":{"start":{"line":184,"column":0},"end":{"line":184,"column":4}},"184":{"start":{"line":185,"column":0},"end":{"line":185,"column":3}},"186":{"start":{"line":187,"column":0},"end":{"line":187,"column":47}},"187":{"start":{"line":188,"column":0},"end":{"line":188,"column":31}},"188":{"start":{"line":189,"column":0},"end":{"line":189,"column":21}},"190":{"start":{"line":191,"column":0},"end":{"line":191,"column":31}},"191":{"start":{"line":192,"column":0},"end":{"line":192,"column":37}},"192":{"start":{"line":193,"column":0},"end":{"line":193,"column":26}},"193":{"start":{"line":194,"column":0},"end":{"line":194,"column":28}},"194":{"start":{"line":195,"column":0},"end":{"line":195,"column":20}},"195":{"start":{"line":196,"column":0},"end":{"line":196,"column":13}},"196":{"start":{"line":197,"column":0},"end":{"line":197,"column":26}},"197":{"start":{"line":198,"column":0},"end":{"line":198,"column":5}},"198":{"start":{"line":199,"column":0},"end":{"line":199,"column":54}},"200":{"start":{"line":201,"column":0},"end":{"line":201,"column":39}},"201":{"start":{"line":202,"column":0},"end":{"line":202,"column":26}},"202":{"start":{"line":203,"column":0},"end":{"line":203,"column":28}},"203":{"start":{"line":204,"column":0},"end":{"line":204,"column":20}},"204":{"start":{"line":205,"column":0},"end":{"line":205,"column":13}},"205":{"start":{"line":206,"column":0},"end":{"line":206,"column":26}},"206":{"start":{"line":207,"column":0},"end":{"line":207,"column":13}},"207":{"start":{"line":208,"column":0},"end":{"line":208,"column":4}},"209":{"start":{"line":210,"column":0},"end":{"line":210,"column":36}},"210":{"start":{"line":211,"column":0},"end":{"line":211,"column":59}},"212":{"start":{"line":213,"column":0},"end":{"line":213,"column":43}},"214":{"start":{"line":215,"column":0},"end":{"line":215,"column":24}},"215":{"start":{"line":216,"column":0},"end":{"line":216,"column":2}},"218":{"start":{"line":219,"column":0},"end":{"line":219,"column":64}},"219":{"start":{"line":220,"column":0},"end":{"line":220,"column":47}},"220":{"start":{"line":221,"column":0},"end":{"line":221,"column":19}},"221":{"start":{"line":222,"column":0},"end":{"line":222,"column":60}},"222":{"start":{"line":223,"column":0},"end":{"line":223,"column":5}},"223":{"start":{"line":224,"column":0},"end":{"line":224,"column":3}},"225":{"start":{"line":226,"column":0},"end":{"line":226,"column":47}},"226":{"start":{"line":227,"column":0},"end":{"line":227,"column":18}},"227":{"start":{"line":228,"column":0},"end":{"line":228,"column":68}},"228":{"start":{"line":229,"column":0},"end":{"line":229,"column":3}},"230":{"start":{"line":231,"column":0},"end":{"line":231,"column":36}},"231":{"start":{"line":232,"column":0},"end":{"line":232,"column":46}},"232":{"start":{"line":233,"column":0},"end":{"line":233,"column":31}},"233":{"start":{"line":234,"column":0},"end":{"line":234,"column":4}},"234":{"start":{"line":235,"column":0},"end":{"line":235,"column":61}},"235":{"start":{"line":236,"column":0},"end":{"line":236,"column":18}},"236":{"start":{"line":237,"column":0},"end":{"line":237,"column":16}},"237":{"start":{"line":238,"column":0},"end":{"line":238,"column":16}},"238":{"start":{"line":239,"column":0},"end":{"line":239,"column":45}},"241":{"start":{"line":242,"column":0},"end":{"line":242,"column":70}},"242":{"start":{"line":243,"column":0},"end":{"line":243,"column":43}},"243":{"start":{"line":244,"column":0},"end":{"line":244,"column":22}},"244":{"start":{"line":245,"column":0},"end":{"line":245,"column":34}},"245":{"start":{"line":246,"column":0},"end":{"line":246,"column":4}},"246":{"start":{"line":247,"column":0},"end":{"line":247,"column":3}},"248":{"start":{"line":249,"column":0},"end":{"line":249,"column":35}},"249":{"start":{"line":250,"column":0},"end":{"line":250,"column":17}},"250":{"start":{"line":251,"column":0},"end":{"line":251,"column":51}},"251":{"start":{"line":252,"column":0},"end":{"line":252,"column":11}},"252":{"start":{"line":253,"column":0},"end":{"line":253,"column":11}},"253":{"start":{"line":254,"column":0},"end":{"line":254,"column":12}},"254":{"start":{"line":255,"column":0},"end":{"line":255,"column":15}},"255":{"start":{"line":256,"column":0},"end":{"line":256,"column":20}},"256":{"start":{"line":257,"column":0},"end":{"line":257,"column":4}},"257":{"start":{"line":258,"column":0},"end":{"line":258,"column":2}},"260":{"start":{"line":261,"column":0},"end":{"line":261,"column":18}},"261":{"start":{"line":262,"column":0},"end":{"line":262,"column":22}},"262":{"start":{"line":263,"column":0},"end":{"line":263,"column":20}},"263":{"start":{"line":264,"column":0},"end":{"line":264,"column":32}},"264":{"start":{"line":265,"column":0},"end":{"line":265,"column":6}},"265":{"start":{"line":266,"column":0},"end":{"line":266,"column":21}},"266":{"start":{"line":267,"column":0},"end":{"line":267,"column":31}},"267":{"start":{"line":268,"column":0},"end":{"line":268,"column":26}},"268":{"start":{"line":269,"column":0},"end":{"line":269,"column":5}},"269":{"start":{"line":270,"column":0},"end":{"line":270,"column":19}},"270":{"start":{"line":271,"column":0},"end":{"line":271,"column":58}},"271":{"start":{"line":272,"column":0},"end":{"line":272,"column":5}},"272":{"start":{"line":273,"column":0},"end":{"line":273,"column":3}},"273":{"start":{"line":274,"column":0},"end":{"line":274,"column":33}},"274":{"start":{"line":275,"column":0},"end":{"line":275,"column":60}},"275":{"start":{"line":276,"column":0},"end":{"line":276,"column":4}},"276":{"start":{"line":277,"column":0},"end":{"line":277,"column":2}},"282":{"start":{"line":283,"column":0},"end":{"line":283,"column":41}},"283":{"start":{"line":284,"column":0},"end":{"line":284,"column":36}},"284":{"start":{"line":285,"column":0},"end":{"line":285,"column":26}},"285":{"start":{"line":286,"column":0},"end":{"line":286,"column":28}},"286":{"start":{"line":287,"column":0},"end":{"line":287,"column":57}},"287":{"start":{"line":288,"column":0},"end":{"line":288,"column":6}},"288":{"start":{"line":289,"column":0},"end":{"line":289,"column":18}},"289":{"start":{"line":290,"column":0},"end":{"line":290,"column":6}},"290":{"start":{"line":291,"column":0},"end":{"line":291,"column":46}},"291":{"start":{"line":292,"column":0},"end":{"line":292,"column":23}},"292":{"start":{"line":293,"column":0},"end":{"line":293,"column":25}},"293":{"start":{"line":294,"column":0},"end":{"line":294,"column":41}},"294":{"start":{"line":295,"column":0},"end":{"line":295,"column":27}},"295":{"start":{"line":296,"column":0},"end":{"line":296,"column":42}},"296":{"start":{"line":297,"column":0},"end":{"line":297,"column":27}},"297":{"start":{"line":298,"column":0},"end":{"line":298,"column":49}},"298":{"start":{"line":299,"column":0},"end":{"line":299,"column":36}},"299":{"start":{"line":300,"column":0},"end":{"line":300,"column":16}},"300":{"start":{"line":301,"column":0},"end":{"line":301,"column":15}},"301":{"start":{"line":302,"column":0},"end":{"line":302,"column":38}},"302":{"start":{"line":303,"column":0},"end":{"line":303,"column":20}},"303":{"start":{"line":304,"column":0},"end":{"line":304,"column":31}},"304":{"start":{"line":305,"column":0},"end":{"line":305,"column":9}},"305":{"start":{"line":306,"column":0},"end":{"line":306,"column":7}},"306":{"start":{"line":307,"column":0},"end":{"line":307,"column":6}},"307":{"start":{"line":308,"column":0},"end":{"line":308,"column":59}},"308":{"start":{"line":309,"column":0},"end":{"line":309,"column":7}},"309":{"start":{"line":310,"column":0},"end":{"line":310,"column":39}},"310":{"start":{"line":311,"column":0},"end":{"line":311,"column":7}},"311":{"start":{"line":312,"column":0},"end":{"line":312,"column":4}},"312":{"start":{"line":313,"column":0},"end":{"line":313,"column":56}},"313":{"start":{"line":314,"column":0},"end":{"line":314,"column":2}},"319":{"start":{"line":320,"column":0},"end":{"line":320,"column":65}},"320":{"start":{"line":321,"column":0},"end":{"line":321,"column":55}},"321":{"start":{"line":322,"column":0},"end":{"line":322,"column":58}},"322":{"start":{"line":323,"column":0},"end":{"line":323,"column":3}},"324":{"start":{"line":325,"column":0},"end":{"line":325,"column":54}},"325":{"start":{"line":326,"column":0},"end":{"line":326,"column":64}},"326":{"start":{"line":327,"column":0},"end":{"line":327,"column":4}},"328":{"start":{"line":329,"column":0},"end":{"line":329,"column":40}},"329":{"start":{"line":330,"column":0},"end":{"line":330,"column":40}},"330":{"start":{"line":331,"column":0},"end":{"line":331,"column":35}},"331":{"start":{"line":332,"column":0},"end":{"line":332,"column":28}},"332":{"start":{"line":333,"column":0},"end":{"line":333,"column":4}},"333":{"start":{"line":334,"column":0},"end":{"line":334,"column":3}},"335":{"start":{"line":336,"column":0},"end":{"line":336,"column":58}},"336":{"start":{"line":337,"column":0},"end":{"line":337,"column":34}},"337":{"start":{"line":338,"column":0},"end":{"line":338,"column":39}},"338":{"start":{"line":339,"column":0},"end":{"line":339,"column":62}},"339":{"start":{"line":340,"column":0},"end":{"line":340,"column":3}},"341":{"start":{"line":342,"column":0},"end":{"line":342,"column":27}},"342":{"start":{"line":343,"column":0},"end":{"line":343,"column":15}},"343":{"start":{"line":344,"column":0},"end":{"line":344,"column":28}},"344":{"start":{"line":345,"column":0},"end":{"line":345,"column":28}},"345":{"start":{"line":346,"column":0},"end":{"line":346,"column":25}},"346":{"start":{"line":347,"column":0},"end":{"line":347,"column":49}},"347":{"start":{"line":348,"column":0},"end":{"line":348,"column":23}},"348":{"start":{"line":349,"column":0},"end":{"line":349,"column":25}},"349":{"start":{"line":350,"column":0},"end":{"line":350,"column":41}},"350":{"start":{"line":351,"column":0},"end":{"line":351,"column":27}},"351":{"start":{"line":352,"column":0},"end":{"line":352,"column":29}},"352":{"start":{"line":353,"column":0},"end":{"line":353,"column":39}},"353":{"start":{"line":354,"column":0},"end":{"line":354,"column":7}},"354":{"start":{"line":355,"column":0},"end":{"line":355,"column":4}},"355":{"start":{"line":356,"column":0},"end":{"line":356,"column":56}},"356":{"start":{"line":357,"column":0},"end":{"line":357,"column":2}},"359":{"start":{"line":360,"column":0},"end":{"line":360,"column":13}},"360":{"start":{"line":361,"column":0},"end":{"line":361,"column":14}},"361":{"start":{"line":362,"column":0},"end":{"line":362,"column":27}},"362":{"start":{"line":363,"column":0},"end":{"line":363,"column":21}},"363":{"start":{"line":364,"column":0},"end":{"line":364,"column":19}},"364":{"start":{"line":365,"column":0},"end":{"line":365,"column":13}},"365":{"start":{"line":366,"column":0},"end":{"line":366,"column":56}},"366":{"start":{"line":367,"column":0},"end":{"line":367,"column":2}},"369":{"start":{"line":370,"column":0},"end":{"line":370,"column":31}},"370":{"start":{"line":371,"column":0},"end":{"line":371,"column":16}},"371":{"start":{"line":372,"column":0},"end":{"line":372,"column":25}},"372":{"start":{"line":373,"column":0},"end":{"line":373,"column":3}},"373":{"start":{"line":374,"column":0},"end":{"line":374,"column":2}},"378":{"start":{"line":379,"column":0},"end":{"line":379,"column":36}},"379":{"start":{"line":380,"column":0},"end":{"line":380,"column":23}},"381":{"start":{"line":382,"column":0},"end":{"line":382,"column":44}},"382":{"start":{"line":383,"column":0},"end":{"line":383,"column":60}},"383":{"start":{"line":384,"column":0},"end":{"line":384,"column":3}},"385":{"start":{"line":386,"column":0},"end":{"line":386,"column":37}},"386":{"start":{"line":387,"column":0},"end":{"line":387,"column":21}},"387":{"start":{"line":388,"column":0},"end":{"line":388,"column":34}},"388":{"start":{"line":389,"column":0},"end":{"line":389,"column":65}},"389":{"start":{"line":390,"column":0},"end":{"line":390,"column":5}},"390":{"start":{"line":391,"column":0},"end":{"line":391,"column":3}},"392":{"start":{"line":393,"column":0},"end":{"line":393,"column":64}},"393":{"start":{"line":394,"column":0},"end":{"line":394,"column":54}},"394":{"start":{"line":395,"column":0},"end":{"line":395,"column":2}},"397":{"start":{"line":398,"column":0},"end":{"line":398,"column":69}},"398":{"start":{"line":399,"column":0},"end":{"line":399,"column":23}},"400":{"start":{"line":401,"column":0},"end":{"line":401,"column":34}},"401":{"start":{"line":402,"column":0},"end":{"line":402,"column":25}},"402":{"start":{"line":403,"column":0},"end":{"line":403,"column":41}},"403":{"start":{"line":404,"column":0},"end":{"line":404,"column":14}},"404":{"start":{"line":405,"column":0},"end":{"line":405,"column":23}},"405":{"start":{"line":406,"column":0},"end":{"line":406,"column":28}},"406":{"start":{"line":407,"column":0},"end":{"line":407,"column":22}},"407":{"start":{"line":408,"column":0},"end":{"line":408,"column":7}},"408":{"start":{"line":409,"column":0},"end":{"line":409,"column":5}},"409":{"start":{"line":410,"column":0},"end":{"line":410,"column":11}},"410":{"start":{"line":411,"column":0},"end":{"line":411,"column":45}},"411":{"start":{"line":412,"column":0},"end":{"line":412,"column":4}},"412":{"start":{"line":413,"column":0},"end":{"line":413,"column":3}},"414":{"start":{"line":415,"column":0},"end":{"line":415,"column":20}},"415":{"start":{"line":416,"column":0},"end":{"line":416,"column":33}},"416":{"start":{"line":417,"column":0},"end":{"line":417,"column":64}},"417":{"start":{"line":418,"column":0},"end":{"line":418,"column":4}},"418":{"start":{"line":419,"column":0},"end":{"line":419,"column":64}},"419":{"start":{"line":420,"column":0},"end":{"line":420,"column":54}},"420":{"start":{"line":421,"column":0},"end":{"line":421,"column":2}},"426":{"start":{"line":427,"column":0},"end":{"line":427,"column":36}},"427":{"start":{"line":428,"column":0},"end":{"line":428,"column":23}},"429":{"start":{"line":430,"column":0},"end":{"line":430,"column":56}},"430":{"start":{"line":431,"column":0},"end":{"line":431,"column":38}},"431":{"start":{"line":432,"column":0},"end":{"line":432,"column":52}},"432":{"start":{"line":433,"column":0},"end":{"line":433,"column":50}},"433":{"start":{"line":434,"column":0},"end":{"line":434,"column":50}},"434":{"start":{"line":435,"column":0},"end":{"line":435,"column":41}},"445":{"start":{"line":446,"column":0},"end":{"line":446,"column":27}},"446":{"start":{"line":447,"column":0},"end":{"line":447,"column":15}},"447":{"start":{"line":448,"column":0},"end":{"line":448,"column":45}},"448":{"start":{"line":449,"column":0},"end":{"line":449,"column":7}},"449":{"start":{"line":450,"column":0},"end":{"line":450,"column":44}},"450":{"start":{"line":451,"column":0},"end":{"line":451,"column":34}},"451":{"start":{"line":452,"column":0},"end":{"line":452,"column":41}},"452":{"start":{"line":453,"column":0},"end":{"line":453,"column":27}},"453":{"start":{"line":454,"column":0},"end":{"line":454,"column":4}},"454":{"start":{"line":455,"column":0},"end":{"line":455,"column":3}},"457":{"start":{"line":458,"column":0},"end":{"line":458,"column":57}},"460":{"start":{"line":461,"column":0},"end":{"line":461,"column":54}},"461":{"start":{"line":462,"column":0},"end":{"line":462,"column":35}},"462":{"start":{"line":463,"column":0},"end":{"line":463,"column":37}},"463":{"start":{"line":464,"column":0},"end":{"line":464,"column":35}},"464":{"start":{"line":465,"column":0},"end":{"line":465,"column":26}},"465":{"start":{"line":466,"column":0},"end":{"line":466,"column":42}},"466":{"start":{"line":467,"column":0},"end":{"line":467,"column":45}},"467":{"start":{"line":468,"column":0},"end":{"line":468,"column":12}},"468":{"start":{"line":469,"column":0},"end":{"line":469,"column":34}},"469":{"start":{"line":470,"column":0},"end":{"line":470,"column":5}},"470":{"start":{"line":471,"column":0},"end":{"line":471,"column":4}},"475":{"start":{"line":476,"column":0},"end":{"line":476,"column":3}},"478":{"start":{"line":479,"column":0},"end":{"line":479,"column":59}},"479":{"start":{"line":480,"column":0},"end":{"line":480,"column":2}},"480":{"start":{"line":481,"column":0},"end":{"line":481,"column":1}}},"s":{"0":1,"18":1,"19":1,"20":1,"21":1,"22":1,"23":1,"68":81,"74":81,"75":81,"76":81,"82":1,"83":83,"84":83,"85":83,"86":83,"87":83,"88":83,"89":83,"91":83,"92":83,"93":83,"94":83,"95":83,"96":83,"97":83,"98":83,"99":83,"100":83,"101":83,"102":83,"103":83,"104":83,"105":83,"107":83,"108":14,"109":83,"110":69,"111":69,"112":69,"114":83,"115":69,"116":69,"117":83,"119":83,"120":32,"121":32,"123":83,"124":19,"125":19,"128":83,"129":132,"130":132,"133":83,"134":13,"135":13,"136":13,"138":13,"139":1,"140":1,"142":12,"143":12,"145":13,"146":0,"147":0,"149":12,"150":12,"151":13,"154":83,"155":66,"156":66,"159":83,"160":7,"161":7,"164":83,"165":8,"166":8,"172":83,"173":81,"175":81,"176":81,"177":192,"178":183,"179":183,"180":192,"181":9,"182":9,"183":9,"184":192,"186":81,"187":81,"188":81,"190":81,"191":81,"192":81,"193":81,"194":81,"195":81,"196":81,"197":81,"198":81,"200":81,"201":81,"202":81,"203":81,"204":81,"205":81,"206":81,"207":81,"209":81,"210":81,"212":81,"214":81,"215":81,"218":83,"219":11,"220":2,"221":2,"222":2,"223":2,"225":9,"226":11,"227":0,"228":0,"230":9,"231":9,"232":9,"233":9,"234":9,"235":9,"236":9,"237":1,"238":8,"241":11,"242":11,"243":26,"244":20,"245":20,"246":26,"248":9,"249":9,"250":9,"251":9,"252":9,"253":9,"254":9,"255":9,"256":9,"257":11,"260":83,"261":11,"262":11,"263":11,"264":11,"265":11,"266":10,"267":9,"268":11,"269":2,"270":2,"271":2,"272":2,"273":9,"274":9,"275":9,"276":11,"282":83,"283":5,"284":5,"285":5,"286":5,"287":7,"288":7,"289":5,"290":5,"291":8,"292":8,"293":8,"294":8,"295":8,"296":8,"297":8,"298":8,"299":8,"300":8,"301":8,"302":8,"303":8,"304":8,"305":8,"306":8,"307":0,"308":8,"309":8,"310":5,"311":5,"312":5,"313":5,"319":83,"320":5,"321":2,"322":2,"324":3,"325":3,"326":3,"328":3,"329":3,"330":3,"331":3,"332":3,"333":3,"335":3,"336":5,"337":2,"338":2,"339":2,"341":3,"342":3,"343":3,"344":3,"345":3,"346":3,"347":3,"348":3,"349":3,"350":3,"351":3,"352":3,"353":3,"354":3,"355":3,"356":5,"359":83,"360":12,"361":12,"362":12,"363":12,"364":12,"365":12,"366":12,"369":83,"370":2,"371":2,"372":2,"373":2,"378":83,"379":5,"381":5,"382":7,"383":7,"385":5,"386":8,"387":8,"388":8,"389":8,"390":8,"392":5,"393":5,"394":5,"397":83,"398":81,"400":81,"401":192,"402":183,"403":183,"404":183,"405":183,"406":183,"407":183,"408":183,"409":192,"410":9,"411":9,"412":192,"414":81,"415":81,"416":81,"417":81,"418":81,"419":81,"420":81,"426":83,"427":1,"429":1,"430":4,"431":1,"432":1,"433":4,"434":1,"445":1,"446":1,"447":1,"448":1,"449":3,"450":1,"451":1,"452":1,"453":1,"454":4,"457":1,"460":1,"461":1,"462":1,"463":1,"464":1,"465":1,"466":1,"467":1,"468":0,"469":0,"470":1,"475":1,"478":1,"479":1,"480":83},"branchMap":{"0":{"type":"branch","line":69,"loc":{"start":{"line":69,"column":0},"end":{"line":77,"column":1}},"locations":[{"start":{"line":69,"column":0},"end":{"line":77,"column":1}}]},"1":{"type":"branch","line":83,"loc":{"start":{"line":83,"column":64},"end":{"line":481,"column":1}},"locations":[{"start":{"line":83,"column":64},"end":{"line":481,"column":1}}]},"2":{"type":"branch","line":92,"loc":{"start":{"line":92,"column":1},"end":{"line":118,"column":2}},"locations":[{"start":{"line":92,"column":1},"end":{"line":118,"column":2}}]},"3":{"type":"branch","line":103,"loc":{"start":{"line":103,"column":17},"end":{"line":103,"column":38}},"locations":[{"start":{"line":103,"column":17},"end":{"line":103,"column":38}}]},"4":{"type":"branch","line":104,"loc":{"start":{"line":104,"column":18},"end":{"line":104,"column":31}},"locations":[{"start":{"line":104,"column":18},"end":{"line":104,"column":31}}]},"5":{"type":"branch","line":105,"loc":{"start":{"line":105,"column":21},"end":{"line":105,"column":54}},"locations":[{"start":{"line":105,"column":21},"end":{"line":105,"column":54}}]},"6":{"type":"branch","line":105,"loc":{"start":{"line":105,"column":50},"end":{"line":105,"column":57}},"locations":[{"start":{"line":105,"column":50},"end":{"line":105,"column":57}}]},"7":{"type":"branch","line":106,"loc":{"start":{"line":106,"column":19},"end":{"line":106,"column":42}},"locations":[{"start":{"line":106,"column":19},"end":{"line":106,"column":42}}]},"8":{"type":"branch","line":108,"loc":{"start":{"line":108,"column":30},"end":{"line":110,"column":9}},"locations":[{"start":{"line":108,"column":30},"end":{"line":110,"column":9}}]},"9":{"type":"branch","line":110,"loc":{"start":{"line":110,"column":2},"end":{"line":113,"column":3}},"locations":[{"start":{"line":110,"column":2},"end":{"line":113,"column":3}}]},"10":{"type":"branch","line":115,"loc":{"start":{"line":115,"column":42},"end":{"line":117,"column":3}},"locations":[{"start":{"line":115,"column":42},"end":{"line":117,"column":3}}]},"11":{"type":"branch","line":120,"loc":{"start":{"line":120,"column":1},"end":{"line":122,"column":2}},"locations":[{"start":{"line":120,"column":1},"end":{"line":122,"column":2}}]},"12":{"type":"branch","line":124,"loc":{"start":{"line":124,"column":1},"end":{"line":126,"column":2}},"locations":[{"start":{"line":124,"column":1},"end":{"line":126,"column":2}}]},"13":{"type":"branch","line":129,"loc":{"start":{"line":129,"column":1},"end":{"line":131,"column":2}},"locations":[{"start":{"line":129,"column":1},"end":{"line":131,"column":2}}]},"14":{"type":"branch","line":130,"loc":{"start":{"line":130,"column":29},"end":{"line":130,"column":39}},"locations":[{"start":{"line":130,"column":29},"end":{"line":130,"column":39}}]},"15":{"type":"branch","line":134,"loc":{"start":{"line":134,"column":1},"end":{"line":152,"column":2}},"locations":[{"start":{"line":134,"column":1},"end":{"line":152,"column":2}}]},"16":{"type":"branch","line":137,"loc":{"start":{"line":137,"column":36},"end":{"line":137,"column":46}},"locations":[{"start":{"line":137,"column":36},"end":{"line":137,"column":46}}]},"17":{"type":"branch","line":139,"loc":{"start":{"line":139,"column":22},"end":{"line":141,"column":3}},"locations":[{"start":{"line":139,"column":22},"end":{"line":141,"column":3}}]},"18":{"type":"branch","line":141,"loc":{"start":{"line":141,"column":2},"end":{"line":146,"column":24}},"locations":[{"start":{"line":141,"column":2},"end":{"line":146,"column":24}}]},"19":{"type":"branch","line":146,"loc":{"start":{"line":146,"column":24},"end":{"line":148,"column":3}},"locations":[{"start":{"line":146,"column":24},"end":{"line":148,"column":3}}]},"20":{"type":"branch","line":148,"loc":{"start":{"line":148,"column":2},"end":{"line":151,"column":26}},"locations":[{"start":{"line":148,"column":2},"end":{"line":151,"column":26}}]},"21":{"type":"branch","line":155,"loc":{"start":{"line":155,"column":1},"end":{"line":157,"column":2}},"locations":[{"start":{"line":155,"column":1},"end":{"line":157,"column":2}}]},"22":{"type":"branch","line":160,"loc":{"start":{"line":160,"column":1},"end":{"line":162,"column":2}},"locations":[{"start":{"line":160,"column":1},"end":{"line":162,"column":2}}]},"23":{"type":"branch","line":165,"loc":{"start":{"line":165,"column":1},"end":{"line":167,"column":2}},"locations":[{"start":{"line":165,"column":1},"end":{"line":167,"column":2}}]},"24":{"type":"branch","line":173,"loc":{"start":{"line":173,"column":1},"end":{"line":216,"column":2}},"locations":[{"start":{"line":173,"column":1},"end":{"line":216,"column":2}}]},"25":{"type":"branch","line":177,"loc":{"start":{"line":177,"column":24},"end":{"line":185,"column":3}},"locations":[{"start":{"line":177,"column":24},"end":{"line":185,"column":3}}]},"26":{"type":"branch","line":178,"loc":{"start":{"line":178,"column":17},"end":{"line":178,"column":36}},"locations":[{"start":{"line":178,"column":17},"end":{"line":178,"column":36}}]},"27":{"type":"branch","line":178,"loc":{"start":{"line":178,"column":36},"end":{"line":181,"column":14}},"locations":[{"start":{"line":178,"column":36},"end":{"line":181,"column":14}}]},"28":{"type":"branch","line":181,"loc":{"start":{"line":181,"column":3},"end":{"line":184,"column":4}},"locations":[{"start":{"line":181,"column":3},"end":{"line":184,"column":4}}]},"29":{"type":"branch","line":219,"loc":{"start":{"line":219,"column":1},"end":{"line":258,"column":2}},"locations":[{"start":{"line":219,"column":1},"end":{"line":258,"column":2}}]},"30":{"type":"branch","line":220,"loc":{"start":{"line":220,"column":16},"end":{"line":220,"column":46}},"locations":[{"start":{"line":220,"column":16},"end":{"line":220,"column":46}}]},"31":{"type":"branch","line":220,"loc":{"start":{"line":220,"column":46},"end":{"line":224,"column":3}},"locations":[{"start":{"line":220,"column":46},"end":{"line":224,"column":3}}]},"32":{"type":"branch","line":224,"loc":{"start":{"line":224,"column":2},"end":{"line":227,"column":17}},"locations":[{"start":{"line":224,"column":2},"end":{"line":227,"column":17}}]},"33":{"type":"branch","line":227,"loc":{"start":{"line":227,"column":17},"end":{"line":229,"column":3}},"locations":[{"start":{"line":227,"column":17},"end":{"line":229,"column":3}}]},"34":{"type":"branch","line":229,"loc":{"start":{"line":229,"column":2},"end":{"line":237,"column":16}},"locations":[{"start":{"line":229,"column":2},"end":{"line":237,"column":16}}]},"35":{"type":"branch","line":237,"loc":{"start":{"line":237,"column":15},"end":{"line":238,"column":16}},"locations":[{"start":{"line":237,"column":15},"end":{"line":238,"column":16}}]},"36":{"type":"branch","line":238,"loc":{"start":{"line":238,"column":6},"end":{"line":239,"column":45}},"locations":[{"start":{"line":238,"column":6},"end":{"line":239,"column":45}}]},"37":{"type":"branch","line":239,"loc":{"start":{"line":239,"column":22},"end":{"line":239,"column":45}},"locations":[{"start":{"line":239,"column":22},"end":{"line":239,"column":45}}]},"38":{"type":"branch","line":243,"loc":{"start":{"line":243,"column":42},"end":{"line":247,"column":3}},"locations":[{"start":{"line":243,"column":42},"end":{"line":247,"column":3}}]},"39":{"type":"branch","line":244,"loc":{"start":{"line":244,"column":21},"end":{"line":246,"column":4}},"locations":[{"start":{"line":244,"column":21},"end":{"line":246,"column":4}}]},"40":{"type":"branch","line":247,"loc":{"start":{"line":247,"column":2},"end":{"line":257,"column":4}},"locations":[{"start":{"line":247,"column":2},"end":{"line":257,"column":4}}]},"41":{"type":"branch","line":233,"loc":{"start":{"line":233,"column":3},"end":{"line":233,"column":31}},"locations":[{"start":{"line":233,"column":3},"end":{"line":233,"column":31}}]},"42":{"type":"branch","line":261,"loc":{"start":{"line":261,"column":1},"end":{"line":277,"column":2}},"locations":[{"start":{"line":261,"column":1},"end":{"line":277,"column":2}}]},"43":{"type":"branch","line":266,"loc":{"start":{"line":266,"column":17},"end":{"line":267,"column":31}},"locations":[{"start":{"line":266,"column":17},"end":{"line":267,"column":31}}]},"44":{"type":"branch","line":267,"loc":{"start":{"line":267,"column":20},"end":{"line":268,"column":26}},"locations":[{"start":{"line":267,"column":20},"end":{"line":268,"column":26}}]},"45":{"type":"branch","line":269,"loc":{"start":{"line":269,"column":4},"end":{"line":273,"column":3}},"locations":[{"start":{"line":269,"column":4},"end":{"line":273,"column":3}}]},"46":{"type":"branch","line":273,"loc":{"start":{"line":273,"column":2},"end":{"line":276,"column":4}},"locations":[{"start":{"line":273,"column":2},"end":{"line":276,"column":4}}]},"47":{"type":"branch","line":275,"loc":{"start":{"line":275,"column":3},"end":{"line":275,"column":60}},"locations":[{"start":{"line":275,"column":3},"end":{"line":275,"column":60}}]},"48":{"type":"branch","line":275,"loc":{"start":{"line":275,"column":22},"end":{"line":275,"column":60}},"locations":[{"start":{"line":275,"column":22},"end":{"line":275,"column":60}}]},"49":{"type":"branch","line":283,"loc":{"start":{"line":283,"column":1},"end":{"line":314,"column":2}},"locations":[{"start":{"line":283,"column":1},"end":{"line":314,"column":2}}]},"50":{"type":"branch","line":287,"loc":{"start":{"line":287,"column":44},"end":{"line":290,"column":4}},"locations":[{"start":{"line":287,"column":44},"end":{"line":290,"column":4}}]},"51":{"type":"branch","line":291,"loc":{"start":{"line":291,"column":37},"end":{"line":311,"column":5}},"locations":[{"start":{"line":291,"column":37},"end":{"line":311,"column":5}}]},"52":{"type":"branch","line":296,"loc":{"start":{"line":296,"column":33},"end":{"line":309,"column":5}},"locations":[{"start":{"line":296,"column":33},"end":{"line":309,"column":5}}]},"53":{"type":"branch","line":307,"loc":{"start":{"line":307,"column":5},"end":{"line":308,"column":59}},"locations":[{"start":{"line":307,"column":5},"end":{"line":308,"column":59}}]},"54":{"type":"branch","line":320,"loc":{"start":{"line":320,"column":1},"end":{"line":357,"column":2}},"locations":[{"start":{"line":320,"column":1},"end":{"line":357,"column":2}}]},"55":{"type":"branch","line":321,"loc":{"start":{"line":321,"column":20},"end":{"line":321,"column":54}},"locations":[{"start":{"line":321,"column":20},"end":{"line":321,"column":54}}]},"56":{"type":"branch","line":321,"loc":{"start":{"line":321,"column":54},"end":{"line":323,"column":3}},"locations":[{"start":{"line":321,"column":54},"end":{"line":323,"column":3}}]},"57":{"type":"branch","line":323,"loc":{"start":{"line":323,"column":2},"end":{"line":337,"column":33}},"locations":[{"start":{"line":323,"column":2},"end":{"line":337,"column":33}}]},"58":{"type":"branch","line":337,"loc":{"start":{"line":337,"column":33},"end":{"line":340,"column":3}},"locations":[{"start":{"line":337,"column":33},"end":{"line":340,"column":3}}]},"59":{"type":"branch","line":339,"loc":{"start":{"line":339,"column":27},"end":{"line":339,"column":55}},"locations":[{"start":{"line":339,"column":27},"end":{"line":339,"column":55}}]},"60":{"type":"branch","line":339,"loc":{"start":{"line":339,"column":51},"end":{"line":339,"column":59}},"locations":[{"start":{"line":339,"column":51},"end":{"line":339,"column":59}}]},"61":{"type":"branch","line":340,"loc":{"start":{"line":340,"column":2},"end":{"line":356,"column":56}},"locations":[{"start":{"line":340,"column":2},"end":{"line":356,"column":56}}]},"62":{"type":"branch","line":326,"loc":{"start":{"line":326,"column":3},"end":{"line":326,"column":64}},"locations":[{"start":{"line":326,"column":3},"end":{"line":326,"column":64}}]},"63":{"type":"branch","line":326,"loc":{"start":{"line":326,"column":22},"end":{"line":326,"column":64}},"locations":[{"start":{"line":326,"column":22},"end":{"line":326,"column":64}}]},"64":{"type":"branch","line":347,"loc":{"start":{"line":347,"column":40},"end":{"line":354,"column":5}},"locations":[{"start":{"line":347,"column":40},"end":{"line":354,"column":5}}]},"65":{"type":"branch","line":360,"loc":{"start":{"line":360,"column":1},"end":{"line":367,"column":2}},"locations":[{"start":{"line":360,"column":1},"end":{"line":367,"column":2}}]},"66":{"type":"branch","line":370,"loc":{"start":{"line":370,"column":1},"end":{"line":374,"column":2}},"locations":[{"start":{"line":370,"column":1},"end":{"line":374,"column":2}}]},"67":{"type":"branch","line":379,"loc":{"start":{"line":379,"column":1},"end":{"line":395,"column":2}},"locations":[{"start":{"line":379,"column":1},"end":{"line":395,"column":2}}]},"68":{"type":"branch","line":380,"loc":{"start":{"line":380,"column":16},"end":{"line":380,"column":23}},"locations":[{"start":{"line":380,"column":16},"end":{"line":380,"column":23}}]},"69":{"type":"branch","line":382,"loc":{"start":{"line":382,"column":43},"end":{"line":384,"column":3}},"locations":[{"start":{"line":382,"column":43},"end":{"line":384,"column":3}}]},"70":{"type":"branch","line":386,"loc":{"start":{"line":386,"column":36},"end":{"line":391,"column":3}},"locations":[{"start":{"line":386,"column":36},"end":{"line":391,"column":3}}]},"71":{"type":"branch","line":398,"loc":{"start":{"line":398,"column":1},"end":{"line":421,"column":2}},"locations":[{"start":{"line":398,"column":1},"end":{"line":421,"column":2}}]},"72":{"type":"branch","line":399,"loc":{"start":{"line":399,"column":16},"end":{"line":399,"column":23}},"locations":[{"start":{"line":399,"column":16},"end":{"line":399,"column":23}}]},"73":{"type":"branch","line":401,"loc":{"start":{"line":401,"column":33},"end":{"line":413,"column":3}},"locations":[{"start":{"line":401,"column":33},"end":{"line":413,"column":3}}]},"74":{"type":"branch","line":402,"loc":{"start":{"line":402,"column":24},"end":{"line":410,"column":10}},"locations":[{"start":{"line":402,"column":24},"end":{"line":410,"column":10}}]},"75":{"type":"branch","line":410,"loc":{"start":{"line":410,"column":3},"end":{"line":412,"column":4}},"locations":[{"start":{"line":410,"column":3},"end":{"line":412,"column":4}}]},"76":{"type":"branch","line":427,"loc":{"start":{"line":427,"column":1},"end":{"line":480,"column":2}},"locations":[{"start":{"line":427,"column":1},"end":{"line":480,"column":2}}]},"77":{"type":"branch","line":428,"loc":{"start":{"line":428,"column":16},"end":{"line":428,"column":23}},"locations":[{"start":{"line":428,"column":16},"end":{"line":428,"column":23}}]},"78":{"type":"branch","line":430,"loc":{"start":{"line":430,"column":55},"end":{"line":455,"column":3}},"locations":[{"start":{"line":430,"column":55},"end":{"line":455,"column":3}}]},"79":{"type":"branch","line":431,"loc":{"start":{"line":431,"column":37},"end":{"line":434,"column":14}},"locations":[{"start":{"line":431,"column":37},"end":{"line":434,"column":14}}]},"80":{"type":"branch","line":434,"loc":{"start":{"line":434,"column":3},"end":{"line":454,"column":4}},"locations":[{"start":{"line":434,"column":3},"end":{"line":454,"column":4}}]},"81":{"type":"branch","line":434,"loc":{"start":{"line":434,"column":49},"end":{"line":450,"column":14}},"locations":[{"start":{"line":434,"column":49},"end":{"line":450,"column":14}}]},"82":{"type":"branch","line":450,"loc":{"start":{"line":450,"column":3},"end":{"line":454,"column":4}},"locations":[{"start":{"line":450,"column":3},"end":{"line":454,"column":4}}]},"83":{"type":"branch","line":450,"loc":{"start":{"line":450,"column":43},"end":{"line":454,"column":4}},"locations":[{"start":{"line":450,"column":43},"end":{"line":454,"column":4}}]},"84":{"type":"branch","line":468,"loc":{"start":{"line":468,"column":4},"end":{"line":470,"column":5}},"locations":[{"start":{"line":468,"column":4},"end":{"line":470,"column":5}}]}},"b":{"0":[81],"1":[83],"2":[83],"3":[69],"4":[69],"5":[14],"6":[69],"7":[69],"8":[14],"9":[69],"10":[69],"11":[32],"12":[19],"13":[132],"14":[7],"15":[13],"16":[1],"17":[1],"18":[12],"19":[0],"20":[12],"21":[66],"22":[7],"23":[8],"24":[81],"25":[192],"26":[183],"27":[183],"28":[9],"29":[11],"30":[10],"31":[2],"32":[9],"33":[0],"34":[9],"35":[1],"36":[8],"37":[0],"38":[26],"39":[20],"40":[9],"41":[17],"42":[11],"43":[10],"44":[9],"45":[2],"46":[9],"47":[16],"48":[14],"49":[5],"50":[7],"51":[8],"52":[8],"53":[0],"54":[5],"55":[4],"56":[2],"57":[3],"58":[2],"59":[1],"60":[1],"61":[3],"62":[6],"63":[3],"64":[3],"65":[12],"66":[2],"67":[5],"68":[0],"69":[7],"70":[8],"71":[81],"72":[0],"73":[192],"74":[183],"75":[9],"76":[1],"77":[0],"78":[4],"79":[1],"80":[3],"81":[1],"82":[2],"83":[1],"84":[0]},"fnMap":{"0":{"name":"transitionMessage","decl":{"start":{"line":69,"column":0},"end":{"line":77,"column":1}},"loc":{"start":{"line":69,"column":0},"end":{"line":77,"column":1}},"line":69},"1":{"name":"<instance_members_initializer>","decl":{"start":{"line":83,"column":64},"end":{"line":481,"column":1}},"loc":{"start":{"line":83,"column":64},"end":{"line":481,"column":1}},"line":83},"2":{"name":"ConsciousnessTreeImpl","decl":{"start":{"line":92,"column":1},"end":{"line":118,"column":2}},"loc":{"start":{"line":92,"column":1},"end":{"line":118,"column":2}},"line":92},"3":{"name":"get rootHash","decl":{"start":{"line":120,"column":1},"end":{"line":122,"column":2}},"loc":{"start":{"line":120,"column":1},"end":{"line":122,"column":2}},"line":120},"4":{"name":"get version","decl":{"start":{"line":124,"column":1},"end":{"line":126,"column":2}},"loc":{"start":{"line":124,"column":1},"end":{"line":126,"column":2}},"line":124},"5":{"name":"get","decl":{"start":{"line":129,"column":1},"end":{"line":131,"column":2}},"loc":{"start":{"line":129,"column":1},"end":{"line":131,"column":2}},"line":129},"6":{"name":"getWithProof","decl":{"start":{"line":134,"column":1},"end":{"line":152,"column":2}},"loc":{"start":{"line":134,"column":1},"end":{"line":152,"column":2}},"line":134},"7":{"name":"set","decl":{"start":{"line":155,"column":1},"end":{"line":157,"column":2}},"loc":{"start":{"line":155,"column":1},"end":{"line":157,"column":2}},"line":155},"8":{"name":"delete","decl":{"start":{"line":160,"column":1},"end":{"line":162,"column":2}},"loc":{"start":{"line":160,"column":1},"end":{"line":162,"column":2}},"line":160},"9":{"name":"batch","decl":{"start":{"line":165,"column":1},"end":{"line":167,"column":2}},"loc":{"start":{"line":165,"column":1},"end":{"line":167,"column":2}},"line":165},"10":{"name":"applyBatch","decl":{"start":{"line":173,"column":1},"end":{"line":216,"column":2}},"loc":{"start":{"line":173,"column":1},"end":{"line":216,"column":2}},"line":173},"11":{"name":"getVersion","decl":{"start":{"line":219,"column":1},"end":{"line":258,"column":2}},"loc":{"start":{"line":219,"column":1},"end":{"line":258,"column":2}},"line":219},"12":{"name":"getHistory","decl":{"start":{"line":261,"column":1},"end":{"line":277,"column":2}},"loc":{"start":{"line":261,"column":1},"end":{"line":277,"column":2}},"line":261},"13":{"name":"serialize","decl":{"start":{"line":283,"column":1},"end":{"line":314,"column":2}},"loc":{"start":{"line":283,"column":1},"end":{"line":314,"column":2}},"line":283},"14":{"name":"serializeDelta","decl":{"start":{"line":320,"column":1},"end":{"line":357,"column":2}},"loc":{"start":{"line":320,"column":1},"end":{"line":357,"column":2}},"line":320},"15":{"name":"verifyProof","decl":{"start":{"line":360,"column":1},"end":{"line":367,"column":2}},"loc":{"start":{"line":360,"column":1},"end":{"line":367,"column":2}},"line":360},"16":{"name":"close","decl":{"start":{"line":370,"column":1},"end":{"line":374,"column":2}},"loc":{"start":{"line":370,"column":1},"end":{"line":374,"column":2}},"line":370},"17":{"name":"persistAll","decl":{"start":{"line":379,"column":1},"end":{"line":395,"column":2}},"loc":{"start":{"line":379,"column":1},"end":{"line":395,"column":2}},"line":379},"18":{"name":"persistTransition","decl":{"start":{"line":398,"column":1},"end":{"line":421,"column":2}},"loc":{"start":{"line":398,"column":1},"end":{"line":421,"column":2}},"line":398},"19":{"name":"loadFromDb","decl":{"start":{"line":427,"column":1},"end":{"line":480,"column":2}},"loc":{"start":{"line":427,"column":1},"end":{"line":480,"column":2}},"line":427}},"f":{"0":81,"1":83,"2":83,"3":32,"4":19,"5":132,"6":13,"7":66,"8":7,"9":8,"10":81,"11":11,"12":11,"13":5,"14":5,"15":12,"16":2,"17":5,"18":81,"19":1}}
,"/Users/suitandclaw/ensoul/packages/state-tree/src/types.ts": {"path":"/Users/suitandclaw/ensoul/packages/state-tree/src/types.ts","all":true,"statementMap":{},"s":{},"branchMap":{"0":{"type":"branch","line":1,"loc":{"start":{"line":1,"column":2421},"end":{"line":79,"column":1}},"locations":[{"start":{"line":1,"column":2421},"end":{"line":79,"column":1}}]}},"b":{"0":[1]},"fnMap":{"0":{"name":"(empty-report)","decl":{"start":{"line":1,"column":2421},"end":{"line":79,"column":1}},"loc":{"start":{"line":1,"column":2421},"end":{"line":79,"column":1}},"line":1}},"f":{"0":1}}
}
