<?xml version="1.0" encoding="UTF-8"?>
<coverage generated="1773678840476" clover="3.2.0">
  <project timestamp="1773678840476" name="All files">
    <metrics statements="267" coveredstatements="249" conditionals="75" coveredconditionals="68" methods="24" coveredmethods="23" elements="366" coveredelements="340" complexity="0" loc="267" ncloc="267" packages="2" files="4" classes="4"/>
    <package name="src">
      <metrics statements="1" coveredstatements="0" conditionals="1" coveredconditionals="0" methods="1" coveredmethods="0"/>
      <file name="index.ts" path="/Users/suitandclaw/ensoul/packages/node/src/index.ts">
        <metrics statements="1" coveredstatements="0" conditionals="1" coveredconditionals="0" methods="1" coveredmethods="0"/>
        <line num="1" count="0" type="cond" truecount="0" falsecount="1"/>
      </file>
    </package>
    <package name="src.storage">
      <metrics statements="266" coveredstatements="249" conditionals="74" coveredconditionals="68" methods="23" coveredmethods="23"/>
      <file name="engine.ts" path="/Users/suitandclaw/ensoul/packages/node/src/storage/engine.ts">
        <metrics statements="265" coveredstatements="248" conditionals="73" coveredconditionals="67" methods="22" coveredmethods="22"/>
        <line num="1" count="1" type="stmt"/>
        <line num="15" count="1" type="stmt"/>
        <line num="16" count="1" type="stmt"/>
        <line num="17" count="1" type="stmt"/>
        <line num="18" count="1" type="stmt"/>
        <line num="23" count="1" type="cond" truecount="1" falsecount="0"/>
        <line num="24" count="90" type="stmt"/>
        <line num="25" count="90" type="stmt"/>
        <line num="32" count="91" type="cond" truecount="1" falsecount="0"/>
        <line num="33" count="91" type="stmt"/>
        <line num="34" count="91" type="stmt"/>
        <line num="35" count="91" type="stmt"/>
        <line num="36" count="91" type="stmt"/>
        <line num="41" count="166" type="cond" truecount="1" falsecount="0"/>
        <line num="42" count="166" type="stmt"/>
        <line num="43" count="166" type="stmt"/>
        <line num="44" count="166" type="stmt"/>
        <line num="45" count="166" type="stmt"/>
        <line num="53" count="1" type="cond" truecount="1" falsecount="0"/>
        <line num="54" count="47" type="stmt"/>
        <line num="55" count="47" type="stmt"/>
        <line num="56" count="47" type="stmt"/>
        <line num="59" count="47" type="stmt"/>
        <line num="61" count="47" type="stmt"/>
        <line num="63" count="47" type="stmt"/>
        <line num="65" count="47" type="cond" truecount="1" falsecount="0"/>
        <line num="66" count="47" type="stmt"/>
        <line num="67" count="47" type="stmt"/>
        <line num="68" count="47" type="stmt"/>
        <line num="69" count="47" type="stmt"/>
        <line num="70" count="47" type="stmt"/>
        <line num="71" count="47" type="stmt"/>
        <line num="76" count="47" type="cond" truecount="1" falsecount="0"/>
        <line num="77" count="47" type="stmt"/>
        <line num="79" count="47" type="cond" truecount="0" falsecount="1"/>
        <line num="80" count="0" type="stmt"/>
        <line num="81" count="0" type="stmt"/>
        <line num="82" count="0" type="stmt"/>
        <line num="83" count="0" type="stmt"/>
        <line num="84" count="0" type="stmt"/>
        <line num="85" count="47" type="stmt"/>
        <line num="90" count="47" type="cond" truecount="1" falsecount="0"/>
        <line num="91" count="46" type="cond" truecount="0" falsecount="1"/>
        <line num="92" count="0" type="stmt"/>
        <line num="93" count="0" type="stmt"/>
        <line num="94" count="0" type="stmt"/>
        <line num="95" count="46" type="stmt"/>
        <line num="96" count="46" type="stmt"/>
        <line num="103" count="47" type="cond" truecount="1" falsecount="0"/>
        <line num="104" count="65" type="cond" truecount="1" falsecount="0"/>
        <line num="105" count="1" type="stmt"/>
        <line num="106" count="1" type="cond" truecount="1" falsecount="0"/>
        <line num="109" count="64" type="stmt"/>
        <line num="110" count="64" type="cond" truecount="1" falsecount="0"/>
        <line num="111" count="5" type="stmt"/>
        <line num="112" count="5" type="stmt"/>
        <line num="113" count="65" type="cond" truecount="1" falsecount="0"/>
        <line num="114" count="1" type="stmt"/>
        <line num="115" count="1" type="stmt"/>
        <line num="116" count="1" type="stmt"/>
        <line num="117" count="1" type="cond" truecount="1" falsecount="0"/>
        <line num="119" count="63" type="stmt"/>
        <line num="120" count="63" type="stmt"/>
        <line num="121" count="63" type="stmt"/>
        <line num="122" count="63" type="stmt"/>
        <line num="123" count="63" type="stmt"/>
        <line num="126" count="63" type="stmt"/>
        <line num="127" count="65" type="cond" truecount="1" falsecount="0"/>
        <line num="128" count="2" type="stmt"/>
        <line num="129" count="2" type="cond" truecount="1" falsecount="0"/>
        <line num="131" count="63" type="stmt"/>
        <line num="132" count="63" type="stmt"/>
        <line num="134" count="63" type="stmt"/>
        <line num="135" count="63" type="stmt"/>
        <line num="136" count="63" type="stmt"/>
        <line num="137" count="63" type="stmt"/>
        <line num="138" count="63" type="stmt"/>
        <line num="139" count="63" type="stmt"/>
        <line num="140" count="63" type="stmt"/>
        <line num="141" count="63" type="stmt"/>
        <line num="143" count="65" type="cond" truecount="1" falsecount="0"/>
        <line num="144" count="6" type="stmt"/>
        <line num="145" count="6" type="cond" truecount="1" falsecount="0"/>
        <line num="148" count="63" type="stmt"/>
        <line num="149" count="63" type="stmt"/>
        <line num="152" count="63" type="stmt"/>
        <line num="154" count="63" type="stmt"/>
        <line num="155" count="65" type="stmt"/>
        <line num="163" count="47" type="cond" truecount="1" falsecount="0"/>
        <line num="164" count="22" type="stmt"/>
        <line num="165" count="22" type="cond" truecount="1" falsecount="0"/>
        <line num="166" count="1" type="stmt"/>
        <line num="167" count="1" type="stmt"/>
        <line num="168" count="1" type="stmt"/>
        <line num="169" count="1" type="cond" truecount="1" falsecount="0"/>
        <line num="172" count="22" type="cond" truecount="2" falsecount="0"/>
        <line num="173" count="1" type="stmt"/>
        <line num="174" count="1" type="stmt"/>
        <line num="175" count="1" type="stmt"/>
        <line num="176" count="1" type="stmt"/>
        <line num="177" count="1" type="cond" truecount="1" falsecount="0"/>
        <line num="179" count="20" type="stmt"/>
        <line num="180" count="22" type="cond" truecount="0" falsecount="1"/>
        <line num="181" count="0" type="stmt"/>
        <line num="182" count="0" type="stmt"/>
        <line num="183" count="0" type="stmt"/>
        <line num="184" count="0" type="cond" truecount="1" falsecount="0"/>
        <line num="186" count="20" type="stmt"/>
        <line num="189" count="20" type="stmt"/>
        <line num="190" count="22" type="cond" truecount="1" falsecount="0"/>
        <line num="191" count="3" type="stmt"/>
        <line num="192" count="3" type="stmt"/>
        <line num="193" count="3" type="stmt"/>
        <line num="194" count="3" type="cond" truecount="1" falsecount="0"/>
        <line num="196" count="17" type="stmt"/>
        <line num="197" count="22" type="stmt"/>
        <line num="202" count="47" type="cond" truecount="1" falsecount="0"/>
        <line num="203" count="5" type="stmt"/>
        <line num="204" count="5" type="cond" truecount="2" falsecount="0"/>
        <line num="205" count="5" type="cond" truecount="2" falsecount="0"/>
        <line num="206" count="1" type="stmt"/>
        <line num="207" count="1" type="stmt"/>
        <line num="208" count="1" type="cond" truecount="1" falsecount="0"/>
        <line num="209" count="2" type="stmt"/>
        <line num="210" count="5" type="stmt"/>
        <line num="215" count="47" type="cond" truecount="1" falsecount="0"/>
        <line num="216" count="5" type="stmt"/>
        <line num="217" count="5" type="cond" truecount="2" falsecount="0"/>
        <line num="218" count="4" type="stmt"/>
        <line num="219" count="4" type="stmt"/>
        <line num="220" count="5" type="stmt"/>
        <line num="226" count="47" type="cond" truecount="1" falsecount="0"/>
        <line num="227" count="5" type="stmt"/>
        <line num="228" count="5" type="cond" truecount="3" falsecount="0"/>
        <line num="229" count="3" type="stmt"/>
        <line num="230" count="5" type="stmt"/>
        <line num="235" count="47" type="cond" truecount="1" falsecount="0"/>
        <line num="236" count="4" type="stmt"/>
        <line num="237" count="4" type="stmt"/>
        <line num="238" count="4" type="stmt"/>
        <line num="239" count="4" type="stmt"/>
        <line num="240" count="4" type="stmt"/>
        <line num="242" count="4" type="cond" truecount="1" falsecount="0"/>
        <line num="243" count="12" type="cond" truecount="1" falsecount="0"/>
        <line num="244" count="9" type="stmt"/>
        <line num="245" count="12" type="cond" truecount="1" falsecount="0"/>
        <line num="246" count="3" type="stmt"/>
        <line num="247" count="3" type="stmt"/>
        <line num="248" count="12" type="stmt"/>
        <line num="250" count="4" type="stmt"/>
        <line num="251" count="4" type="stmt"/>
        <line num="256" count="47" type="cond" truecount="1" falsecount="0"/>
        <line num="257" count="3" type="stmt"/>
        <line num="258" count="3" type="cond" truecount="1" falsecount="0"/>
        <line num="259" count="1" type="stmt"/>
        <line num="260" count="1" type="stmt"/>
        <line num="261" count="1" type="stmt"/>
        <line num="262" count="1" type="stmt"/>
        <line num="264" count="3" type="stmt"/>
        <line num="269" count="47" type="cond" truecount="1" falsecount="0"/>
        <line num="270" count="14" type="stmt"/>
        <line num="271" count="14" type="stmt"/>
        <line num="272" count="14" type="stmt"/>
        <line num="273" count="14" type="stmt"/>
        <line num="274" count="14" type="stmt"/>
        <line num="275" count="14" type="stmt"/>
        <line num="281" count="47" type="cond" truecount="1" falsecount="0"/>
        <line num="282" count="3" type="stmt"/>
        <line num="283" count="3" type="stmt"/>
        <line num="285" count="3" type="stmt"/>
        <line num="288" count="3" type="stmt"/>
        <line num="290" count="3" type="cond" truecount="1" falsecount="0"/>
        <line num="291" count="8" type="cond" truecount="1" falsecount="0"/>
        <line num="292" count="4" type="stmt"/>
        <line num="293" count="4" type="stmt"/>
        <line num="294" count="4" type="cond" truecount="1" falsecount="0"/>
        <line num="295" count="3" type="stmt"/>
        <line num="296" count="8" type="cond" truecount="1" falsecount="0"/>
        <line num="297" count="2" type="stmt"/>
        <line num="298" count="2" type="stmt"/>
        <line num="299" count="2" type="stmt"/>
        <line num="300" count="2" type="stmt"/>
        <line num="301" count="2" type="stmt"/>
        <line num="302" count="2" type="stmt"/>
        <line num="303" count="2" type="stmt"/>
        <line num="304" count="2" type="stmt"/>
        <line num="305" count="2" type="stmt"/>
        <line num="306" count="8" type="stmt"/>
        <line num="308" count="3" type="cond" truecount="1" falsecount="0"/>
        <line num="309" count="2" type="stmt"/>
        <line num="310" count="2" type="stmt"/>
        <line num="311" count="2" type="stmt"/>
        <line num="313" count="3" type="stmt"/>
        <line num="314" count="3" type="stmt"/>
        <line num="318" count="47" type="cond" truecount="1" falsecount="0"/>
        <line num="319" count="95" type="stmt"/>
        <line num="320" count="95" type="stmt"/>
        <line num="321" count="95" type="cond" truecount="2" falsecount="0"/>
        <line num="322" count="30" type="stmt"/>
        <line num="323" count="95" type="cond" truecount="0" falsecount="1"/>
        <line num="324" count="0" type="stmt"/>
        <line num="325" count="0" type="stmt"/>
        <line num="326" count="95" type="stmt"/>
        <line num="328" count="47" type="cond" truecount="1" falsecount="0"/>
        <line num="329" count="8" type="stmt"/>
        <line num="330" count="8" type="stmt"/>
        <line num="331" count="8" type="stmt"/>
        <line num="332" count="8" type="stmt"/>
        <line num="333" count="8" type="stmt"/>
        <line num="334" count="8" type="stmt"/>
        <line num="335" count="8" type="stmt"/>
        <line num="337" count="47" type="cond" truecount="1" falsecount="0"/>
        <line num="338" count="65" type="stmt"/>
        <line num="339" count="65" type="stmt"/>
        <line num="341" count="65" type="cond" truecount="1" falsecount="0"/>
        <line num="342" count="50" type="stmt"/>
        <line num="343" count="50" type="stmt"/>
        <line num="344" count="50" type="stmt"/>
        <line num="345" count="50" type="stmt"/>
        <line num="346" count="65" type="stmt"/>
        <line num="347" count="65" type="stmt"/>
        <line num="348" count="65" type="cond" truecount="1" falsecount="0"/>
        <line num="349" count="57" type="stmt"/>
        <line num="350" count="57" type="stmt"/>
        <line num="351" count="65" type="stmt"/>
        <line num="352" count="65" type="stmt"/>
        <line num="354" count="47" type="cond" truecount="1" falsecount="0"/>
        <line num="355" count="10" type="stmt"/>
        <line num="356" count="10" type="stmt"/>
        <line num="358" count="10" type="stmt"/>
        <line num="359" count="10" type="stmt"/>
        <line num="360" count="10" type="stmt"/>
        <line num="361" count="10" type="stmt"/>
        <line num="362" count="10" type="stmt"/>
        <line num="363" count="10" type="stmt"/>
        <line num="364" count="10" type="stmt"/>
        <line num="365" count="10" type="cond" truecount="1" falsecount="0"/>
        <line num="366" count="9" type="stmt"/>
        <line num="367" count="9" type="stmt"/>
        <line num="368" count="10" type="stmt"/>
        <line num="369" count="10" type="stmt"/>
        <line num="374" count="47" type="cond" truecount="1" falsecount="0"/>
        <line num="375" count="47" type="stmt"/>
        <line num="376" count="47" type="stmt"/>
        <line num="377" count="47" type="stmt"/>
        <line num="379" count="47" type="cond" truecount="1" falsecount="0"/>
        <line num="380" count="4" type="cond" truecount="1" falsecount="0"/>
        <line num="381" count="2" type="stmt"/>
        <line num="384" count="2" type="stmt"/>
        <line num="385" count="2" type="cond" truecount="0" falsecount="1"/>
        <line num="386" count="0" type="stmt"/>
        <line num="387" count="4" type="cond" truecount="0" falsecount="1"/>
        <line num="388" count="0" type="stmt"/>
        <line num="389" count="0" type="cond" truecount="1" falsecount="0"/>
        <line num="391" count="2" type="stmt"/>
        <line num="392" count="2" type="stmt"/>
        <line num="393" count="47" type="stmt"/>
        <line num="394" count="47" type="stmt"/>
        <line num="400" count="20" type="cond" truecount="1" falsecount="0"/>
        <line num="401" count="20" type="stmt"/>
        <line num="402" count="20" type="cond" truecount="1" falsecount="0"/>
        <line num="403" count="3982" type="stmt"/>
        <line num="404" count="3982" type="stmt"/>
        <line num="405" count="20" type="stmt"/>
        <line num="406" count="20" type="stmt"/>
      </file>
      <file name="index.ts" path="/Users/suitandclaw/ensoul/packages/node/src/storage/index.ts">
        <metrics statements="1" coveredstatements="1" conditionals="0" coveredconditionals="0" methods="0" coveredmethods="0"/>
        <line num="1" count="1" type="stmt"/>
      </file>
      <file name="types.ts" path="/Users/suitandclaw/ensoul/packages/node/src/storage/types.ts">
        <metrics statements="0" coveredstatements="0" conditionals="1" coveredconditionals="1" methods="1" coveredmethods="1"/>
      </file>
    </package>
  </project>
</coverage>
