{"/Users/suitandclaw/ensoul/packages/node/src/index.ts": {"path":"/Users/suitandclaw/ensoul/packages/node/src/index.ts","all":true,"statementMap":{"0":{"start":{"line":1,"column":0},"end":{"line":1,"column":8}}},"s":{"0":0},"branchMap":{"0":{"type":"branch","line":1,"loc":{"start":{"line":1,"column":228},"end":{"line":14,"column":28}},"locations":[{"start":{"line":1,"column":228},"end":{"line":14,"column":28}}]}},"b":{"0":[0]},"fnMap":{"0":{"name":"(empty-report)","decl":{"start":{"line":1,"column":228},"end":{"line":14,"column":28}},"loc":{"start":{"line":1,"column":228},"end":{"line":14,"column":28}},"line":1}},"f":{"0":0}}
,"/Users/suitandclaw/ensoul/packages/node/src/storage/engine.ts": {"path":"/Users/suitandclaw/ensoul/packages/node/src/storage/engine.ts","all":false,"statementMap":{"0":{"start":{"line":1,"column":0},"end":{"line":1,"column":49}},"14":{"start":{"line":15,"column":0},"end":{"line":15,"column":45}},"15":{"start":{"line":16,"column":0},"end":{"line":16,"column":20}},"16":{"start":{"line":17,"column":0},"end":{"line":17,"column":22}},"17":{"start":{"line":18,"column":0},"end":{"line":18,"column":2}},"22":{"start":{"line":23,"column":0},"end":{"line":23,"column":60}},"23":{"start":{"line":24,"column":0},"end":{"line":24,"column":33}},"24":{"start":{"line":25,"column":0},"end":{"line":25,"column":1}},"31":{"start":{"line":32,"column":0},"end":{"line":32,"column":48}},"32":{"start":{"line":33,"column":0},"end":{"line":33,"column":51}},"33":{"start":{"line":34,"column":0},"end":{"line":34,"column":53}},"34":{"start":{"line":35,"column":0},"end":{"line":35,"column":46}},"35":{"start":{"line":36,"column":0},"end":{"line":36,"column":1}},"40":{"start":{"line":41,"column":0},"end":{"line":41,"column":47}},"41":{"start":{"line":42,"column":0},"end":{"line":42,"column":51}},"42":{"start":{"line":43,"column":0},"end":{"line":43,"column":53}},"43":{"start":{"line":44,"column":0},"end":{"line":44,"column":45}},"44":{"start":{"line":45,"column":0},"end":{"line":45,"column":1}},"52":{"start":{"line":53,"column":0},"end":{"line":53,"column":28}},"53":{"start":{"line":54,"column":0},"end":{"line":54,"column":51}},"54":{"start":{"line":55,"column":0},"end":{"line":55,"column":37}},"55":{"start":{"line":56,"column":0},"end":{"line":56,"column":68}},"58":{"start":{"line":59,"column":0},"end":{"line":59,"column":64}},"60":{"start":{"line":61,"column":0},"end":{"line":61,"column":24}},"62":{"start":{"line":63,"column":0},"end":{"line":63,"column":25}},"64":{"start":{"line":65,"column":0},"end":{"line":65,"column":13}},"65":{"start":{"line":66,"column":0},"end":{"line":66,"column":44}},"66":{"start":{"line":67,"column":0},"end":{"line":67,"column":40}},"67":{"start":{"line":68,"column":0},"end":{"line":68,"column":4}},"68":{"start":{"line":69,"column":0},"end":{"line":69,"column":15}},"69":{"start":{"line":70,"column":0},"end":{"line":70,"column":49}},"70":{"start":{"line":71,"column":0},"end":{"line":71,"column":2}},"75":{"start":{"line":76,"column":0},"end":{"line":76,"column":30}},"76":{"start":{"line":77,"column":0},"end":{"line":77,"column":28}},"78":{"start":{"line":79,"column":0},"end":{"line":79,"column":42}},"79":{"start":{"line":80,"column":0},"end":{"line":80,"column":35}},"80":{"start":{"line":81,"column":0},"end":{"line":81,"column":35}},"81":{"start":{"line":82,"column":0},"end":{"line":82,"column":34}},"82":{"start":{"line":83,"column":0},"end":{"line":83,"column":5}},"83":{"start":{"line":84,"column":0},"end":{"line":84,"column":3}},"84":{"start":{"line":85,"column":0},"end":{"line":85,"column":2}},"89":{"start":{"line":90,"column":0},"end":{"line":90,"column":31}},"90":{"start":{"line":91,"column":0},"end":{"line":91,"column":26}},"91":{"start":{"line":92,"column":0},"end":{"line":92,"column":36}},"92":{"start":{"line":93,"column":0},"end":{"line":93,"column":28}},"93":{"start":{"line":94,"column":0},"end":{"line":94,"column":3}},"94":{"start":{"line":95,"column":0},"end":{"line":95,"column":24}},"95":{"start":{"line":96,"column":0},"end":{"line":96,"column":2}},"102":{"start":{"line":103,"column":0},"end":{"line":103,"column":66}},"103":{"start":{"line":104,"column":0},"end":{"line":104,"column":34}},"104":{"start":{"line":105,"column":0},"end":{"line":105,"column":51}},"105":{"start":{"line":106,"column":0},"end":{"line":106,"column":3}},"108":{"start":{"line":109,"column":0},"end":{"line":109,"column":6}},"109":{"start":{"line":110,"column":0},"end":{"line":110,"column":37}},"110":{"start":{"line":111,"column":0},"end":{"line":111,"column":42}},"111":{"start":{"line":112,"column":0},"end":{"line":112,"column":31}},"112":{"start":{"line":113,"column":0},"end":{"line":113,"column":5}},"113":{"start":{"line":114,"column":0},"end":{"line":114,"column":19}},"114":{"start":{"line":115,"column":0},"end":{"line":115,"column":110}},"115":{"start":{"line":116,"column":0},"end":{"line":116,"column":5}},"116":{"start":{"line":117,"column":0},"end":{"line":117,"column":3}},"118":{"start":{"line":119,"column":0},"end":{"line":119,"column":25}},"119":{"start":{"line":120,"column":0},"end":{"line":120,"column":30}},"120":{"start":{"line":121,"column":0},"end":{"line":121,"column":28}},"121":{"start":{"line":122,"column":0},"end":{"line":122,"column":34}},"122":{"start":{"line":123,"column":0},"end":{"line":123,"column":4}},"125":{"start":{"line":126,"column":0},"end":{"line":126,"column":47}},"126":{"start":{"line":127,"column":0},"end":{"line":127,"column":17}},"127":{"start":{"line":128,"column":0},"end":{"line":128,"column":33}},"128":{"start":{"line":129,"column":0},"end":{"line":129,"column":3}},"130":{"start":{"line":131,"column":0},"end":{"line":131,"column":46}},"131":{"start":{"line":132,"column":0},"end":{"line":132,"column":25}},"133":{"start":{"line":134,"column":0},"end":{"line":134,"column":35}},"134":{"start":{"line":135,"column":0},"end":{"line":135,"column":30}},"135":{"start":{"line":136,"column":0},"end":{"line":136,"column":28}},"136":{"start":{"line":137,"column":0},"end":{"line":137,"column":34}},"137":{"start":{"line":138,"column":0},"end":{"line":138,"column":8}},"138":{"start":{"line":139,"column":0},"end":{"line":139,"column":29}},"139":{"start":{"line":140,"column":0},"end":{"line":140,"column":17}},"140":{"start":{"line":141,"column":0},"end":{"line":141,"column":4}},"142":{"start":{"line":143,"column":0},"end":{"line":143,"column":36}},"143":{"start":{"line":144,"column":0},"end":{"line":144,"column":44}},"144":{"start":{"line":145,"column":0},"end":{"line":145,"column":3}},"147":{"start":{"line":148,"column":0},"end":{"line":148,"column":67}},"148":{"start":{"line":149,"column":0},"end":{"line":149,"column":66}},"151":{"start":{"line":152,"column":0},"end":{"line":152,"column":32}},"153":{"start":{"line":154,"column":0},"end":{"line":154,"column":18}},"154":{"start":{"line":155,"column":0},"end":{"line":155,"column":2}},"162":{"start":{"line":163,"column":0},"end":{"line":163,"column":48}},"163":{"start":{"line":164,"column":0},"end":{"line":164,"column":47}},"164":{"start":{"line":165,"column":0},"end":{"line":165,"column":18}},"165":{"start":{"line":166,"column":0},"end":{"line":166,"column":19}},"166":{"start":{"line":167,"column":0},"end":{"line":167,"column":72}},"167":{"start":{"line":168,"column":0},"end":{"line":168,"column":5}},"168":{"start":{"line":169,"column":0},"end":{"line":169,"column":3}},"171":{"start":{"line":172,"column":0},"end":{"line":172,"column":77}},"172":{"start":{"line":173,"column":0},"end":{"line":173,"column":41}},"173":{"start":{"line":174,"column":0},"end":{"line":174,"column":19}},"174":{"start":{"line":175,"column":0},"end":{"line":175,"column":70}},"175":{"start":{"line":176,"column":0},"end":{"line":176,"column":5}},"176":{"start":{"line":177,"column":0},"end":{"line":177,"column":3}},"178":{"start":{"line":179,"column":0},"end":{"line":179,"column":57}},"179":{"start":{"line":180,"column":0},"end":{"line":180,"column":30}},"180":{"start":{"line":181,"column":0},"end":{"line":181,"column":19}},"181":{"start":{"line":182,"column":0},"end":{"line":182,"column":75}},"182":{"start":{"line":183,"column":0},"end":{"line":183,"column":5}},"183":{"start":{"line":184,"column":0},"end":{"line":184,"column":3}},"185":{"start":{"line":186,"column":0},"end":{"line":186,"column":35}},"188":{"start":{"line":189,"column":0},"end":{"line":189,"column":44}},"189":{"start":{"line":190,"column":0},"end":{"line":190,"column":37}},"190":{"start":{"line":191,"column":0},"end":{"line":191,"column":19}},"191":{"start":{"line":192,"column":0},"end":{"line":192,"column":81}},"192":{"start":{"line":193,"column":0},"end":{"line":193,"column":5}},"193":{"start":{"line":194,"column":0},"end":{"line":194,"column":3}},"195":{"start":{"line":196,"column":0},"end":{"line":196,"column":28}},"196":{"start":{"line":197,"column":0},"end":{"line":197,"column":2}},"201":{"start":{"line":202,"column":0},"end":{"line":202,"column":45}},"202":{"start":{"line":203,"column":0},"end":{"line":203,"column":47}},"203":{"start":{"line":204,"column":0},"end":{"line":204,"column":30}},"204":{"start":{"line":205,"column":0},"end":{"line":205,"column":77}},"205":{"start":{"line":206,"column":0},"end":{"line":206,"column":41}},"206":{"start":{"line":207,"column":0},"end":{"line":207,"column":16}},"207":{"start":{"line":208,"column":0},"end":{"line":208,"column":3}},"208":{"start":{"line":209,"column":0},"end":{"line":209,"column":14}},"209":{"start":{"line":210,"column":0},"end":{"line":210,"column":2}},"214":{"start":{"line":215,"column":0},"end":{"line":215,"column":48}},"215":{"start":{"line":216,"column":0},"end":{"line":216,"column":47}},"216":{"start":{"line":217,"column":0},"end":{"line":217,"column":30}},"217":{"start":{"line":218,"column":0},"end":{"line":218,"column":40}},"218":{"start":{"line":219,"column":0},"end":{"line":219,"column":14}},"219":{"start":{"line":220,"column":0},"end":{"line":220,"column":2}},"225":{"start":{"line":226,"column":0},"end":{"line":226,"column":60}},"226":{"start":{"line":227,"column":0},"end":{"line":227,"column":46}},"227":{"start":{"line":228,"column":0},"end":{"line":228,"column":50}},"228":{"start":{"line":229,"column":0},"end":{"line":229,"column":29}},"229":{"start":{"line":230,"column":0},"end":{"line":230,"column":2}},"234":{"start":{"line":235,"column":0},"end":{"line":235,"column":18}},"235":{"start":{"line":236,"column":0},"end":{"line":236,"column":19}},"236":{"start":{"line":237,"column":0},"end":{"line":237,"column":18}},"237":{"start":{"line":238,"column":0},"end":{"line":238,"column":30}},"238":{"start":{"line":239,"column":0},"end":{"line":239,"column":74}},"239":{"start":{"line":240,"column":0},"end":{"line":240,"column":38}},"241":{"start":{"line":242,"column":0},"end":{"line":242,"column":56}},"242":{"start":{"line":243,"column":0},"end":{"line":243,"column":32}},"243":{"start":{"line":244,"column":0},"end":{"line":244,"column":53}},"244":{"start":{"line":245,"column":0},"end":{"line":245,"column":38}},"245":{"start":{"line":246,"column":0},"end":{"line":246,"column":10}},"246":{"start":{"line":247,"column":0},"end":{"line":247,"column":4}},"247":{"start":{"line":248,"column":0},"end":{"line":248,"column":3}},"249":{"start":{"line":250,"column":0},"end":{"line":250,"column":17}},"250":{"start":{"line":251,"column":0},"end":{"line":251,"column":2}},"255":{"start":{"line":256,"column":0},"end":{"line":256,"column":53}},"256":{"start":{"line":257,"column":0},"end":{"line":257,"column":10}},"257":{"start":{"line":258,"column":0},"end":{"line":258,"column":37}},"258":{"start":{"line":259,"column":0},"end":{"line":259,"column":18}},"259":{"start":{"line":260,"column":0},"end":{"line":260,"column":18}},"260":{"start":{"line":261,"column":0},"end":{"line":261,"column":22}},"261":{"start":{"line":262,"column":0},"end":{"line":262,"column":4}},"263":{"start":{"line":264,"column":0},"end":{"line":264,"column":2}},"268":{"start":{"line":269,"column":0},"end":{"line":269,"column":27}},"269":{"start":{"line":270,"column":0},"end":{"line":270,"column":10}},"270":{"start":{"line":271,"column":0},"end":{"line":271,"column":31}},"271":{"start":{"line":272,"column":0},"end":{"line":272,"column":33}},"272":{"start":{"line":273,"column":0},"end":{"line":273,"column":36}},"273":{"start":{"line":274,"column":0},"end":{"line":274,"column":4}},"274":{"start":{"line":275,"column":0},"end":{"line":275,"column":2}},"280":{"start":{"line":281,"column":0},"end":{"line":281,"column":40}},"281":{"start":{"line":282,"column":0},"end":{"line":282,"column":25}},"282":{"start":{"line":283,"column":0},"end":{"line":283,"column":18}},"284":{"start":{"line":285,"column":0},"end":{"line":285,"column":25}},"287":{"start":{"line":288,"column":0},"end":{"line":288,"column":10}},"289":{"start":{"line":290,"column":0},"end":{"line":290,"column":58}},"290":{"start":{"line":291,"column":0},"end":{"line":291,"column":44}},"291":{"start":{"line":292,"column":0},"end":{"line":292,"column":55}},"292":{"start":{"line":293,"column":0},"end":{"line":293,"column":7}},"293":{"start":{"line":294,"column":0},"end":{"line":294,"column":39}},"294":{"start":{"line":295,"column":0},"end":{"line":295,"column":29}},"295":{"start":{"line":296,"column":0},"end":{"line":296,"column":6}},"296":{"start":{"line":297,"column":0},"end":{"line":297,"column":19}},"297":{"start":{"line":298,"column":0},"end":{"line":298,"column":11}},"298":{"start":{"line":299,"column":0},"end":{"line":299,"column":34}},"299":{"start":{"line":300,"column":0},"end":{"line":300,"column":32}},"300":{"start":{"line":301,"column":0},"end":{"line":301,"column":38}},"301":{"start":{"line":302,"column":0},"end":{"line":302,"column":7}},"302":{"start":{"line":303,"column":0},"end":{"line":303,"column":14}},"303":{"start":{"line":304,"column":0},"end":{"line":304,"column":7}},"304":{"start":{"line":305,"column":0},"end":{"line":305,"column":4}},"305":{"start":{"line":306,"column":0},"end":{"line":306,"column":3}},"307":{"start":{"line":308,"column":0},"end":{"line":308,"column":45}},"308":{"start":{"line":309,"column":0},"end":{"line":309,"column":41}},"309":{"start":{"line":310,"column":0},"end":{"line":310,"column":13}},"310":{"start":{"line":311,"column":0},"end":{"line":311,"column":3}},"312":{"start":{"line":313,"column":0},"end":{"line":313,"column":17}},"313":{"start":{"line":314,"column":0},"end":{"line":314,"column":2}},"317":{"start":{"line":318,"column":0},"end":{"line":318,"column":74}},"318":{"start":{"line":319,"column":0},"end":{"line":319,"column":7}},"319":{"start":{"line":320,"column":0},"end":{"line":320,"column":53}},"320":{"start":{"line":321,"column":0},"end":{"line":321,"column":38}},"321":{"start":{"line":322,"column":0},"end":{"line":322,"column":43}},"322":{"start":{"line":323,"column":0},"end":{"line":323,"column":11}},"323":{"start":{"line":324,"column":0},"end":{"line":324,"column":15}},"324":{"start":{"line":325,"column":0},"end":{"line":325,"column":3}},"325":{"start":{"line":326,"column":0},"end":{"line":326,"column":2}},"327":{"start":{"line":328,"column":0},"end":{"line":328,"column":27}},"328":{"start":{"line":329,"column":0},"end":{"line":329,"column":16}},"329":{"start":{"line":330,"column":0},"end":{"line":330,"column":26}},"330":{"start":{"line":331,"column":0},"end":{"line":331,"column":19}},"331":{"start":{"line":332,"column":0},"end":{"line":332,"column":41}},"332":{"start":{"line":333,"column":0},"end":{"line":333,"column":40}},"333":{"start":{"line":334,"column":0},"end":{"line":334,"column":32}},"334":{"start":{"line":335,"column":0},"end":{"line":335,"column":2}},"336":{"start":{"line":337,"column":0},"end":{"line":337,"column":56}},"337":{"start":{"line":338,"column":0},"end":{"line":338,"column":35}},"338":{"start":{"line":339,"column":0},"end":{"line":339,"column":24}},"340":{"start":{"line":341,"column":0},"end":{"line":341,"column":59}},"341":{"start":{"line":342,"column":0},"end":{"line":342,"column":17}},"342":{"start":{"line":343,"column":0},"end":{"line":343,"column":17}},"343":{"start":{"line":344,"column":0},"end":{"line":344,"column":21}},"344":{"start":{"line":345,"column":0},"end":{"line":345,"column":4}},"345":{"start":{"line":346,"column":0},"end":{"line":346,"column":36}},"346":{"start":{"line":347,"column":0},"end":{"line":347,"column":24}},"347":{"start":{"line":348,"column":0},"end":{"line":348,"column":47}},"348":{"start":{"line":349,"column":0},"end":{"line":349,"column":42}},"349":{"start":{"line":350,"column":0},"end":{"line":350,"column":3}},"350":{"start":{"line":351,"column":0},"end":{"line":351,"column":48}},"351":{"start":{"line":352,"column":0},"end":{"line":352,"column":2}},"353":{"start":{"line":354,"column":0},"end":{"line":354,"column":56}},"354":{"start":{"line":355,"column":0},"end":{"line":355,"column":65}},"355":{"start":{"line":356,"column":0},"end":{"line":356,"column":55}},"357":{"start":{"line":358,"column":0},"end":{"line":358,"column":55}},"358":{"start":{"line":359,"column":0},"end":{"line":359,"column":14}},"359":{"start":{"line":360,"column":0},"end":{"line":360,"column":31}},"360":{"start":{"line":361,"column":0},"end":{"line":361,"column":6}},"361":{"start":{"line":362,"column":0},"end":{"line":362,"column":37}},"362":{"start":{"line":363,"column":0},"end":{"line":363,"column":5}},"363":{"start":{"line":364,"column":0},"end":{"line":364,"column":56}},"364":{"start":{"line":365,"column":0},"end":{"line":365,"column":32}},"365":{"start":{"line":366,"column":0},"end":{"line":366,"column":46}},"366":{"start":{"line":367,"column":0},"end":{"line":367,"column":4}},"367":{"start":{"line":368,"column":0},"end":{"line":368,"column":3}},"368":{"start":{"line":369,"column":0},"end":{"line":369,"column":2}},"373":{"start":{"line":374,"column":0},"end":{"line":374,"column":46}},"374":{"start":{"line":375,"column":0},"end":{"line":375,"column":26}},"375":{"start":{"line":376,"column":0},"end":{"line":376,"column":22}},"376":{"start":{"line":377,"column":0},"end":{"line":377,"column":23}},"378":{"start":{"line":379,"column":0},"end":{"line":379,"column":56}},"379":{"start":{"line":380,"column":0},"end":{"line":380,"column":42}},"380":{"start":{"line":381,"column":0},"end":{"line":381,"column":55}},"383":{"start":{"line":384,"column":0},"end":{"line":384,"column":7}},"384":{"start":{"line":385,"column":0},"end":{"line":385,"column":39}},"385":{"start":{"line":386,"column":0},"end":{"line":386,"column":36}},"386":{"start":{"line":387,"column":0},"end":{"line":387,"column":6}},"387":{"start":{"line":388,"column":0},"end":{"line":388,"column":13}},"388":{"start":{"line":389,"column":0},"end":{"line":389,"column":4}},"390":{"start":{"line":391,"column":0},"end":{"line":391,"column":33}},"391":{"start":{"line":392,"column":0},"end":{"line":392,"column":3}},"392":{"start":{"line":393,"column":0},"end":{"line":393,"column":2}},"393":{"start":{"line":394,"column":0},"end":{"line":394,"column":1}},"399":{"start":{"line":400,"column":0},"end":{"line":400,"column":46}},"400":{"start":{"line":401,"column":0},"end":{"line":401,"column":46}},"401":{"start":{"line":402,"column":0},"end":{"line":402,"column":42}},"402":{"start":{"line":403,"column":0},"end":{"line":403,"column":51}},"403":{"start":{"line":404,"column":0},"end":{"line":404,"column":2}},"404":{"start":{"line":405,"column":0},"end":{"line":405,"column":14}},"405":{"start":{"line":406,"column":0},"end":{"line":406,"column":1}}},"s":{"0":1,"14":1,"15":1,"16":1,"17":1,"22":1,"23":90,"24":90,"31":91,"32":91,"33":91,"34":91,"35":91,"40":166,"41":166,"42":166,"43":166,"44":166,"52":1,"53":47,"54":47,"55":47,"58":47,"60":47,"62":47,"64":47,"65":47,"66":47,"67":47,"68":47,"69":47,"70":47,"75":47,"76":47,"78":47,"79":0,"80":0,"81":0,"82":0,"83":0,"84":47,"89":47,"90":46,"91":0,"92":0,"93":0,"94":46,"95":46,"102":47,"103":65,"104":1,"105":1,"108":64,"109":64,"110":5,"111":5,"112":65,"113":1,"114":1,"115":1,"116":1,"118":63,"119":63,"120":63,"121":63,"122":63,"125":63,"126":65,"127":2,"128":2,"130":63,"131":63,"133":63,"134":63,"135":63,"136":63,"137":63,"138":63,"139":63,"140":63,"142":65,"143":6,"144":6,"147":63,"148":63,"151":63,"153":63,"154":65,"162":47,"163":22,"164":22,"165":1,"166":1,"167":1,"168":1,"171":22,"172":1,"173":1,"174":1,"175":1,"176":1,"178":20,"179":22,"180":0,"181":0,"182":0,"183":0,"185":20,"188":20,"189":22,"190":3,"191":3,"192":3,"193":3,"195":17,"196":22,"201":47,"202":5,"203":5,"204":5,"205":1,"206":1,"207":1,"208":2,"209":5,"214":47,"215":5,"216":5,"217":4,"218":4,"219":5,"225":47,"226":5,"227":5,"228":3,"229":5,"234":47,"235":4,"236":4,"237":4,"238":4,"239":4,"241":4,"242":12,"243":9,"244":12,"245":3,"246":3,"247":12,"249":4,"250":4,"255":47,"256":3,"257":3,"258":1,"259":1,"260":1,"261":1,"263":3,"268":47,"269":14,"270":14,"271":14,"272":14,"273":14,"274":14,"280":47,"281":3,"282":3,"284":3,"287":3,"289":3,"290":8,"291":4,"292":4,"293":4,"294":3,"295":8,"296":2,"297":2,"298":2,"299":2,"300":2,"301":2,"302":2,"303":2,"304":2,"305":8,"307":3,"308":2,"309":2,"310":2,"312":3,"313":3,"317":47,"318":95,"319":95,"320":95,"321":30,"322":95,"323":0,"324":0,"325":95,"327":47,"328":8,"329":8,"330":8,"331":8,"332":8,"333":8,"334":8,"336":47,"337":65,"338":65,"340":65,"341":50,"342":50,"343":50,"344":50,"345":65,"346":65,"347":65,"348":57,"349":57,"350":65,"351":65,"353":47,"354":10,"355":10,"357":10,"358":10,"359":10,"360":10,"361":10,"362":10,"363":10,"364":10,"365":9,"366":9,"367":10,"368":10,"373":47,"374":47,"375":47,"376":47,"378":47,"379":4,"380":2,"383":2,"384":2,"385":0,"386":4,"387":0,"388":0,"390":2,"391":2,"392":47,"393":47,"399":20,"400":20,"401":20,"402":3982,"403":3982,"404":20,"405":20},"branchMap":{"0":{"type":"branch","line":23,"loc":{"start":{"line":23,"column":7},"end":{"line":25,"column":1}},"locations":[{"start":{"line":23,"column":7},"end":{"line":25,"column":1}}]},"1":{"type":"branch","line":32,"loc":{"start":{"line":32,"column":0},"end":{"line":36,"column":1}},"locations":[{"start":{"line":32,"column":0},"end":{"line":36,"column":1}}]},"2":{"type":"branch","line":41,"loc":{"start":{"line":41,"column":0},"end":{"line":45,"column":1}},"locations":[{"start":{"line":41,"column":0},"end":{"line":45,"column":1}}]},"3":{"type":"branch","line":53,"loc":{"start":{"line":53,"column":27},"end":{"line":394,"column":1}},"locations":[{"start":{"line":53,"column":27},"end":{"line":394,"column":1}}]},"4":{"type":"branch","line":65,"loc":{"start":{"line":65,"column":1},"end":{"line":71,"column":2}},"locations":[{"start":{"line":65,"column":1},"end":{"line":71,"column":2}}]},"5":{"type":"branch","line":76,"loc":{"start":{"line":76,"column":1},"end":{"line":85,"column":2}},"locations":[{"start":{"line":76,"column":1},"end":{"line":85,"column":2}}]},"6":{"type":"branch","line":79,"loc":{"start":{"line":79,"column":41},"end":{"line":84,"column":3}},"locations":[{"start":{"line":79,"column":41},"end":{"line":84,"column":3}}]},"7":{"type":"branch","line":90,"loc":{"start":{"line":90,"column":1},"end":{"line":96,"column":2}},"locations":[{"start":{"line":90,"column":1},"end":{"line":96,"column":2}}]},"8":{"type":"branch","line":91,"loc":{"start":{"line":91,"column":25},"end":{"line":94,"column":3}},"locations":[{"start":{"line":91,"column":25},"end":{"line":94,"column":3}}]},"9":{"type":"branch","line":103,"loc":{"start":{"line":103,"column":1},"end":{"line":155,"column":2}},"locations":[{"start":{"line":103,"column":1},"end":{"line":155,"column":2}}]},"10":{"type":"branch","line":104,"loc":{"start":{"line":104,"column":33},"end":{"line":106,"column":3}},"locations":[{"start":{"line":104,"column":33},"end":{"line":106,"column":3}}]},"11":{"type":"branch","line":106,"loc":{"start":{"line":106,"column":2},"end":{"line":110,"column":37}},"locations":[{"start":{"line":106,"column":2},"end":{"line":110,"column":37}}]},"12":{"type":"branch","line":110,"loc":{"start":{"line":110,"column":33},"end":{"line":112,"column":31}},"locations":[{"start":{"line":110,"column":33},"end":{"line":112,"column":31}}]},"13":{"type":"branch","line":113,"loc":{"start":{"line":113,"column":4},"end":{"line":117,"column":3}},"locations":[{"start":{"line":113,"column":4},"end":{"line":117,"column":3}}]},"14":{"type":"branch","line":117,"loc":{"start":{"line":117,"column":2},"end":{"line":127,"column":16}},"locations":[{"start":{"line":117,"column":2},"end":{"line":127,"column":16}}]},"15":{"type":"branch","line":127,"loc":{"start":{"line":127,"column":16},"end":{"line":129,"column":3}},"locations":[{"start":{"line":127,"column":16},"end":{"line":129,"column":3}}]},"16":{"type":"branch","line":129,"loc":{"start":{"line":129,"column":2},"end":{"line":143,"column":35}},"locations":[{"start":{"line":129,"column":2},"end":{"line":143,"column":35}}]},"17":{"type":"branch","line":143,"loc":{"start":{"line":143,"column":35},"end":{"line":145,"column":3}},"locations":[{"start":{"line":143,"column":35},"end":{"line":145,"column":3}}]},"18":{"type":"branch","line":145,"loc":{"start":{"line":145,"column":2},"end":{"line":154,"column":18}},"locations":[{"start":{"line":145,"column":2},"end":{"line":154,"column":18}}]},"19":{"type":"branch","line":163,"loc":{"start":{"line":163,"column":1},"end":{"line":197,"column":2}},"locations":[{"start":{"line":163,"column":1},"end":{"line":197,"column":2}}]},"20":{"type":"branch","line":165,"loc":{"start":{"line":165,"column":17},"end":{"line":169,"column":3}},"locations":[{"start":{"line":165,"column":17},"end":{"line":169,"column":3}}]},"21":{"type":"branch","line":169,"loc":{"start":{"line":169,"column":2},"end":{"line":172,"column":42}},"locations":[{"start":{"line":169,"column":2},"end":{"line":172,"column":42}}]},"22":{"type":"branch","line":172,"loc":{"start":{"line":172,"column":29},"end":{"line":172,"column":76}},"locations":[{"start":{"line":172,"column":29},"end":{"line":172,"column":76}}]},"23":{"type":"branch","line":172,"loc":{"start":{"line":172,"column":76},"end":{"line":177,"column":3}},"locations":[{"start":{"line":172,"column":76},"end":{"line":177,"column":3}}]},"24":{"type":"branch","line":177,"loc":{"start":{"line":177,"column":2},"end":{"line":180,"column":29}},"locations":[{"start":{"line":177,"column":2},"end":{"line":180,"column":29}}]},"25":{"type":"branch","line":180,"loc":{"start":{"line":180,"column":29},"end":{"line":184,"column":3}},"locations":[{"start":{"line":180,"column":29},"end":{"line":184,"column":3}}]},"26":{"type":"branch","line":184,"loc":{"start":{"line":184,"column":2},"end":{"line":190,"column":36}},"locations":[{"start":{"line":184,"column":2},"end":{"line":190,"column":36}}]},"27":{"type":"branch","line":190,"loc":{"start":{"line":190,"column":36},"end":{"line":194,"column":3}},"locations":[{"start":{"line":190,"column":36},"end":{"line":194,"column":3}}]},"28":{"type":"branch","line":194,"loc":{"start":{"line":194,"column":2},"end":{"line":196,"column":28}},"locations":[{"start":{"line":194,"column":2},"end":{"line":196,"column":28}}]},"29":{"type":"branch","line":202,"loc":{"start":{"line":202,"column":1},"end":{"line":210,"column":2}},"locations":[{"start":{"line":202,"column":1},"end":{"line":210,"column":2}}]},"30":{"type":"branch","line":204,"loc":{"start":{"line":204,"column":17},"end":{"line":204,"column":30}},"locations":[{"start":{"line":204,"column":17},"end":{"line":204,"column":30}}]},"31":{"type":"branch","line":204,"loc":{"start":{"line":204,"column":24},"end":{"line":205,"column":42}},"locations":[{"start":{"line":204,"column":24},"end":{"line":205,"column":42}}]},"32":{"type":"branch","line":205,"loc":{"start":{"line":205,"column":29},"end":{"line":205,"column":76}},"locations":[{"start":{"line":205,"column":29},"end":{"line":205,"column":76}}]},"33":{"type":"branch","line":205,"loc":{"start":{"line":205,"column":76},"end":{"line":208,"column":3}},"locations":[{"start":{"line":205,"column":76},"end":{"line":208,"column":3}}]},"34":{"type":"branch","line":208,"loc":{"start":{"line":208,"column":2},"end":{"line":209,"column":14}},"locations":[{"start":{"line":208,"column":2},"end":{"line":209,"column":14}}]},"35":{"type":"branch","line":215,"loc":{"start":{"line":215,"column":1},"end":{"line":220,"column":2}},"locations":[{"start":{"line":215,"column":1},"end":{"line":220,"column":2}}]},"36":{"type":"branch","line":217,"loc":{"start":{"line":217,"column":17},"end":{"line":217,"column":30}},"locations":[{"start":{"line":217,"column":17},"end":{"line":217,"column":30}}]},"37":{"type":"branch","line":217,"loc":{"start":{"line":217,"column":24},"end":{"line":219,"column":14}},"locations":[{"start":{"line":217,"column":24},"end":{"line":219,"column":14}}]},"38":{"type":"branch","line":226,"loc":{"start":{"line":226,"column":1},"end":{"line":230,"column":2}},"locations":[{"start":{"line":226,"column":1},"end":{"line":230,"column":2}}]},"39":{"type":"branch","line":228,"loc":{"start":{"line":228,"column":7},"end":{"line":228,"column":40}},"locations":[{"start":{"line":228,"column":7},"end":{"line":228,"column":40}}]},"40":{"type":"branch","line":228,"loc":{"start":{"line":228,"column":40},"end":{"line":228,"column":50}},"locations":[{"start":{"line":228,"column":40},"end":{"line":228,"column":50}}]},"41":{"type":"branch","line":228,"loc":{"start":{"line":228,"column":47},"end":{"line":229,"column":29}},"locations":[{"start":{"line":228,"column":47},"end":{"line":229,"column":29}}]},"42":{"type":"branch","line":235,"loc":{"start":{"line":235,"column":1},"end":{"line":251,"column":2}},"locations":[{"start":{"line":235,"column":1},"end":{"line":251,"column":2}}]},"43":{"type":"branch","line":242,"loc":{"start":{"line":242,"column":55},"end":{"line":248,"column":3}},"locations":[{"start":{"line":242,"column":55},"end":{"line":248,"column":3}}]},"44":{"type":"branch","line":243,"loc":{"start":{"line":243,"column":31},"end":{"line":245,"column":14}},"locations":[{"start":{"line":243,"column":31},"end":{"line":245,"column":14}}]},"45":{"type":"branch","line":245,"loc":{"start":{"line":245,"column":3},"end":{"line":247,"column":4}},"locations":[{"start":{"line":245,"column":3},"end":{"line":247,"column":4}}]},"46":{"type":"branch","line":256,"loc":{"start":{"line":256,"column":1},"end":{"line":264,"column":2}},"locations":[{"start":{"line":256,"column":1},"end":{"line":264,"column":2}}]},"47":{"type":"branch","line":258,"loc":{"start":{"line":258,"column":31},"end":{"line":262,"column":4}},"locations":[{"start":{"line":258,"column":31},"end":{"line":262,"column":4}}]},"48":{"type":"branch","line":269,"loc":{"start":{"line":269,"column":1},"end":{"line":275,"column":2}},"locations":[{"start":{"line":269,"column":1},"end":{"line":275,"column":2}}]},"49":{"type":"branch","line":281,"loc":{"start":{"line":281,"column":1},"end":{"line":314,"column":2}},"locations":[{"start":{"line":281,"column":1},"end":{"line":314,"column":2}}]},"50":{"type":"branch","line":290,"loc":{"start":{"line":290,"column":57},"end":{"line":306,"column":3}},"locations":[{"start":{"line":290,"column":57},"end":{"line":306,"column":3}}]},"51":{"type":"branch","line":291,"loc":{"start":{"line":291,"column":35},"end":{"line":294,"column":39}},"locations":[{"start":{"line":291,"column":35},"end":{"line":294,"column":39}}]},"52":{"type":"branch","line":294,"loc":{"start":{"line":294,"column":27},"end":{"line":295,"column":29}},"locations":[{"start":{"line":294,"column":27},"end":{"line":295,"column":29}}]},"53":{"type":"branch","line":296,"loc":{"start":{"line":296,"column":5},"end":{"line":305,"column":4}},"locations":[{"start":{"line":296,"column":5},"end":{"line":305,"column":4}}]},"54":{"type":"branch","line":308,"loc":{"start":{"line":308,"column":44},"end":{"line":311,"column":3}},"locations":[{"start":{"line":308,"column":44},"end":{"line":311,"column":3}}]},"55":{"type":"branch","line":318,"loc":{"start":{"line":318,"column":1},"end":{"line":326,"column":2}},"locations":[{"start":{"line":318,"column":1},"end":{"line":326,"column":2}}]},"56":{"type":"branch","line":321,"loc":{"start":{"line":321,"column":26},"end":{"line":321,"column":38}},"locations":[{"start":{"line":321,"column":26},"end":{"line":321,"column":38}}]},"57":{"type":"branch","line":321,"loc":{"start":{"line":321,"column":33},"end":{"line":323,"column":10}},"locations":[{"start":{"line":321,"column":33},"end":{"line":323,"column":10}}]},"58":{"type":"branch","line":323,"loc":{"start":{"line":323,"column":2},"end":{"line":325,"column":3}},"locations":[{"start":{"line":323,"column":2},"end":{"line":325,"column":3}}]},"59":{"type":"branch","line":328,"loc":{"start":{"line":328,"column":1},"end":{"line":335,"column":2}},"locations":[{"start":{"line":328,"column":1},"end":{"line":335,"column":2}}]},"60":{"type":"branch","line":337,"loc":{"start":{"line":337,"column":9},"end":{"line":352,"column":2}},"locations":[{"start":{"line":337,"column":9},"end":{"line":352,"column":2}}]},"61":{"type":"branch","line":341,"loc":{"start":{"line":341,"column":53},"end":{"line":345,"column":4}},"locations":[{"start":{"line":341,"column":53},"end":{"line":345,"column":4}}]},"62":{"type":"branch","line":348,"loc":{"start":{"line":348,"column":46},"end":{"line":350,"column":3}},"locations":[{"start":{"line":348,"column":46},"end":{"line":350,"column":3}}]},"63":{"type":"branch","line":354,"loc":{"start":{"line":354,"column":9},"end":{"line":369,"column":2}},"locations":[{"start":{"line":354,"column":9},"end":{"line":369,"column":2}}]},"64":{"type":"branch","line":365,"loc":{"start":{"line":365,"column":31},"end":{"line":367,"column":4}},"locations":[{"start":{"line":365,"column":31},"end":{"line":367,"column":4}}]},"65":{"type":"branch","line":374,"loc":{"start":{"line":374,"column":1},"end":{"line":393,"column":2}},"locations":[{"start":{"line":374,"column":1},"end":{"line":393,"column":2}}]},"66":{"type":"branch","line":379,"loc":{"start":{"line":379,"column":55},"end":{"line":392,"column":3}},"locations":[{"start":{"line":379,"column":55},"end":{"line":392,"column":3}}]},"67":{"type":"branch","line":380,"loc":{"start":{"line":380,"column":33},"end":{"line":385,"column":39}},"locations":[{"start":{"line":380,"column":33},"end":{"line":385,"column":39}}]},"68":{"type":"branch","line":385,"loc":{"start":{"line":385,"column":27},"end":{"line":386,"column":36}},"locations":[{"start":{"line":385,"column":27},"end":{"line":386,"column":36}}]},"69":{"type":"branch","line":387,"loc":{"start":{"line":387,"column":5},"end":{"line":389,"column":4}},"locations":[{"start":{"line":387,"column":5},"end":{"line":389,"column":4}}]},"70":{"type":"branch","line":389,"loc":{"start":{"line":389,"column":3},"end":{"line":392,"column":3}},"locations":[{"start":{"line":389,"column":3},"end":{"line":392,"column":3}}]},"71":{"type":"branch","line":400,"loc":{"start":{"line":400,"column":0},"end":{"line":406,"column":1}},"locations":[{"start":{"line":400,"column":0},"end":{"line":406,"column":1}}]},"72":{"type":"branch","line":402,"loc":{"start":{"line":402,"column":41},"end":{"line":404,"column":2}},"locations":[{"start":{"line":402,"column":41},"end":{"line":404,"column":2}}]}},"b":{"0":[90],"1":[91],"2":[166],"3":[47],"4":[47],"5":[47],"6":[0],"7":[46],"8":[0],"9":[65],"10":[1],"11":[64],"12":[5],"13":[1],"14":[63],"15":[2],"16":[63],"17":[6],"18":[63],"19":[22],"20":[1],"21":[21],"22":[1],"23":[1],"24":[20],"25":[0],"26":[20],"27":[3],"28":[17],"29":[5],"30":[2],"31":[3],"32":[2],"33":[1],"34":[2],"35":[5],"36":[1],"37":[4],"38":[5],"39":[3],"40":[2],"41":[3],"42":[4],"43":[12],"44":[9],"45":[3],"46":[3],"47":[1],"48":[14],"49":[3],"50":[8],"51":[4],"52":[3],"53":[2],"54":[2],"55":[95],"56":[65],"57":[30],"58":[0],"59":[8],"60":[65],"61":[50],"62":[57],"63":[10],"64":[9],"65":[47],"66":[4],"67":[2],"68":[0],"69":[0],"70":[2],"71":[20],"72":[3982]},"fnMap":{"0":{"name":"computeShardHash","decl":{"start":{"line":23,"column":7},"end":{"line":25,"column":1}},"loc":{"start":{"line":23,"column":7},"end":{"line":25,"column":1}},"line":23},"1":{"name":"encodeShardKey","decl":{"start":{"line":32,"column":0},"end":{"line":36,"column":1}},"loc":{"start":{"line":32,"column":0},"end":{"line":36,"column":1}},"line":32},"2":{"name":"encodeMetaKey","decl":{"start":{"line":41,"column":0},"end":{"line":45,"column":1}},"loc":{"start":{"line":41,"column":0},"end":{"line":45,"column":1}},"line":41},"3":{"name":"<instance_members_initializer>","decl":{"start":{"line":53,"column":27},"end":{"line":394,"column":1}},"loc":{"start":{"line":53,"column":27},"end":{"line":394,"column":1}},"line":53},"4":{"name":"StorageEngine","decl":{"start":{"line":65,"column":1},"end":{"line":71,"column":2}},"loc":{"start":{"line":65,"column":1},"end":{"line":71,"column":2}},"line":65},"5":{"name":"init","decl":{"start":{"line":76,"column":1},"end":{"line":85,"column":2}},"loc":{"start":{"line":76,"column":1},"end":{"line":85,"column":2}},"line":76},"6":{"name":"close","decl":{"start":{"line":90,"column":1},"end":{"line":96,"column":2}},"loc":{"start":{"line":90,"column":1},"end":{"line":96,"column":2}},"line":90},"7":{"name":"store","decl":{"start":{"line":103,"column":1},"end":{"line":155,"column":2}},"loc":{"start":{"line":103,"column":1},"end":{"line":155,"column":2}},"line":103},"8":{"name":"retrieve","decl":{"start":{"line":163,"column":1},"end":{"line":197,"column":2}},"loc":{"start":{"line":163,"column":1},"end":{"line":197,"column":2}},"line":163},"9":{"name":"has","decl":{"start":{"line":202,"column":1},"end":{"line":210,"column":2}},"loc":{"start":{"line":202,"column":1},"end":{"line":210,"column":2}},"line":202},"10":{"name":"delete","decl":{"start":{"line":215,"column":1},"end":{"line":220,"column":2}},"loc":{"start":{"line":215,"column":1},"end":{"line":220,"column":2}},"line":215},"11":{"name":"getLatestVersion","decl":{"start":{"line":226,"column":1},"end":{"line":230,"column":2}},"loc":{"start":{"line":226,"column":1},"end":{"line":230,"column":2}},"line":226},"12":{"name":"listShards","decl":{"start":{"line":235,"column":1},"end":{"line":251,"column":2}},"loc":{"start":{"line":235,"column":1},"end":{"line":251,"column":2}},"line":235},"13":{"name":"getAgentStats","decl":{"start":{"line":256,"column":1},"end":{"line":264,"column":2}},"loc":{"start":{"line":256,"column":1},"end":{"line":264,"column":2}},"line":256},"14":{"name":"getStats","decl":{"start":{"line":269,"column":1},"end":{"line":275,"column":2}},"loc":{"start":{"line":269,"column":1},"end":{"line":275,"column":2}},"line":269},"15":{"name":"cleanExpired","decl":{"start":{"line":281,"column":1},"end":{"line":314,"column":2}},"loc":{"start":{"line":281,"column":1},"end":{"line":314,"column":2}},"line":281},"16":{"name":"getMetadata","decl":{"start":{"line":318,"column":1},"end":{"line":326,"column":2}},"loc":{"start":{"line":318,"column":1},"end":{"line":326,"column":2}},"line":318},"17":{"name":"deleteShard","decl":{"start":{"line":328,"column":1},"end":{"line":335,"column":2}},"loc":{"start":{"line":328,"column":1},"end":{"line":335,"column":2}},"line":328},"18":{"name":"incrementStats","decl":{"start":{"line":337,"column":9},"end":{"line":352,"column":2}},"loc":{"start":{"line":337,"column":9},"end":{"line":352,"column":2}},"line":337},"19":{"name":"decrementStats","decl":{"start":{"line":354,"column":9},"end":{"line":369,"column":2}},"loc":{"start":{"line":354,"column":9},"end":{"line":369,"column":2}},"line":354},"20":{"name":"rebuildStats","decl":{"start":{"line":374,"column":1},"end":{"line":393,"column":2}},"loc":{"start":{"line":374,"column":1},"end":{"line":393,"column":2}},"line":374},"21":{"name":"hexToBytes","decl":{"start":{"line":400,"column":0},"end":{"line":406,"column":1}},"loc":{"start":{"line":400,"column":0},"end":{"line":406,"column":1}},"line":400}},"f":{"0":90,"1":91,"2":166,"3":47,"4":47,"5":47,"6":46,"7":65,"8":22,"9":5,"10":5,"11":5,"12":4,"13":3,"14":14,"15":3,"16":95,"17":8,"18":65,"19":10,"20":47,"21":20}}
,"/Users/suitandclaw/ensoul/packages/node/src/storage/index.ts": {"path":"/Users/suitandclaw/ensoul/packages/node/src/storage/index.ts","all":false,"statementMap":{"0":{"start":{"line":1,"column":0},"end":{"line":1,"column":62}}},"s":{"0":1},"branchMap":{},"b":{},"fnMap":{},"f":{}}
,"/Users/suitandclaw/ensoul/packages/node/src/storage/types.ts": {"path":"/Users/suitandclaw/ensoul/packages/node/src/storage/types.ts","all":true,"statementMap":{},"s":{},"branchMap":{"0":{"type":"branch","line":1,"loc":{"start":{"line":1,"column":1882},"end":{"line":82,"column":1}},"locations":[{"start":{"line":1,"column":1882},"end":{"line":82,"column":1}}]}},"b":{"0":[1]},"fnMap":{"0":{"name":"(empty-report)","decl":{"start":{"line":1,"column":1882},"end":{"line":82,"column":1}},"loc":{"start":{"line":1,"column":1882},"end":{"line":82,"column":1}},"line":1}},"f":{"0":1}}
}
