<?xml version="1.0" encoding="UTF-8"?>
<coverage generated="1773676027398" clover="3.2.0">
  <project timestamp="1773676027398" name="All files">
    <metrics statements="280" coveredstatements="274" conditionals="74" coveredconditionals="71" methods="24" coveredmethods="24" elements="378" coveredelements="369" complexity="0" loc="280" ncloc="280" packages="1" files="4" classes="4"/>
    <file name="crypto.ts" path="/Users/suitandclaw/ensoul/packages/identity/src/crypto.ts">
      <metrics statements="128" coveredstatements="128" conditionals="43" coveredconditionals="42" methods="10" coveredmethods="10"/>
      <line num="1" count="1" type="stmt"/>
      <line num="6" count="1" type="stmt"/>
      <line num="8" count="3072" type="cond" truecount="1" falsecount="0"/>
      <line num="9" count="3072" type="stmt"/>
      <line num="10" count="3072" type="stmt"/>
      <line num="12" count="6" type="cond" truecount="1" falsecount="0"/>
      <line num="13" count="6" type="stmt"/>
      <line num="14" count="6" type="stmt"/>
      <line num="15" count="6" type="cond" truecount="1" falsecount="0"/>
      <line num="16" count="1530" type="cond" truecount="1" falsecount="0"/>
      <line num="17" count="1518" type="stmt"/>
      <line num="18" count="1518" type="stmt"/>
      <line num="19" count="1530" type="stmt"/>
      <line num="20" count="1530" type="stmt"/>
      <line num="21" count="1530" type="stmt"/>
      <line num="22" count="6" type="stmt"/>
      <line num="23" count="6" type="stmt"/>
      <line num="25" count="6" type="cond" truecount="1" falsecount="0"/>
      <line num="26" count="6" type="stmt"/>
      <line num="27" count="6" type="cond" truecount="1" falsecount="0"/>
      <line num="28" count="192" type="stmt"/>
      <line num="29" count="192" type="stmt"/>
      <line num="30" count="6" type="stmt"/>
      <line num="31" count="6" type="stmt"/>
      <line num="33" count="6" type="cond" truecount="1" falsecount="0"/>
      <line num="34" count="6" type="stmt"/>
      <line num="35" count="6" type="stmt"/>
      <line num="36" count="6" type="cond" truecount="1" falsecount="0"/>
      <line num="37" count="192" type="stmt"/>
      <line num="38" count="192" type="stmt"/>
      <line num="39" count="192" type="stmt"/>
      <line num="40" count="6" type="stmt"/>
      <line num="41" count="6" type="stmt"/>
      <line num="47" count="1" type="cond" truecount="1" falsecount="0"/>
      <line num="48" count="7" type="cond" truecount="1" falsecount="0"/>
      <line num="49" count="1" type="stmt"/>
      <line num="50" count="1" type="cond" truecount="1" falsecount="0"/>
      <line num="51" count="6" type="stmt"/>
      <line num="52" count="6" type="stmt"/>
      <line num="53" count="6" type="stmt"/>
      <line num="54" count="6" type="stmt"/>
      <line num="55" count="6" type="stmt"/>
      <line num="56" count="6" type="stmt"/>
      <line num="57" count="6" type="stmt"/>
      <line num="58" count="6" type="stmt"/>
      <line num="64" count="1" type="cond" truecount="1" falsecount="0"/>
      <line num="65" count="51" type="cond" truecount="1" falsecount="0"/>
      <line num="66" count="1" type="stmt"/>
      <line num="67" count="1" type="cond" truecount="1" falsecount="0"/>
      <line num="68" count="50" type="stmt"/>
      <line num="69" count="50" type="stmt"/>
      <line num="70" count="50" type="stmt"/>
      <line num="71" count="50" type="stmt"/>
      <line num="72" count="50" type="stmt"/>
      <line num="73" count="50" type="stmt"/>
      <line num="74" count="50" type="stmt"/>
      <line num="76" count="1" type="stmt"/>
      <line num="77" count="1" type="stmt"/>
      <line num="82" count="1" type="cond" truecount="1" falsecount="0"/>
      <line num="83" count="104" type="stmt"/>
      <line num="84" count="104" type="cond" truecount="1" falsecount="0"/>
      <line num="85" count="158" type="cond" truecount="2" falsecount="0"/>
      <line num="86" count="56" type="stmt"/>
      <line num="87" count="56" type="stmt"/>
      <line num="88" count="104" type="stmt"/>
      <line num="89" count="104" type="cond" truecount="1" falsecount="0"/>
      <line num="90" count="3644" type="stmt"/>
      <line num="91" count="3644" type="stmt"/>
      <line num="93" count="104" type="cond" truecount="1" falsecount="0"/>
      <line num="94" count="2" type="cond" truecount="0" falsecount="1"/>
      <line num="95" count="2" type="cond" truecount="1" falsecount="0"/>
      <line num="97" count="102" type="stmt"/>
      <line num="98" count="104" type="cond" truecount="1" falsecount="0"/>
      <line num="99" count="4951" type="stmt"/>
      <line num="100" count="4951" type="stmt"/>
      <line num="101" count="4951" type="cond" truecount="1" falsecount="0"/>
      <line num="102" count="102" type="stmt"/>
      <line num="103" count="102" type="stmt"/>
      <line num="108" count="1" type="cond" truecount="1" falsecount="0"/>
      <line num="109" count="5" type="cond" truecount="1" falsecount="0"/>
      <line num="110" count="1" type="stmt"/>
      <line num="111" count="1" type="cond" truecount="1" falsecount="0"/>
      <line num="113" count="4" type="stmt"/>
      <line num="114" count="5" type="cond" truecount="1" falsecount="0"/>
      <line num="115" count="8" type="cond" truecount="2" falsecount="0"/>
      <line num="116" count="5" type="stmt"/>
      <line num="117" count="5" type="cond" truecount="1" falsecount="0"/>
      <line num="119" count="4" type="stmt"/>
      <line num="120" count="5" type="cond" truecount="1" falsecount="0"/>
      <line num="121" count="57" type="stmt"/>
      <line num="122" count="57" type="cond" truecount="1" falsecount="0"/>
      <line num="123" count="1" type="stmt"/>
      <line num="124" count="1" type="cond" truecount="1" falsecount="0"/>
      <line num="125" count="56" type="stmt"/>
      <line num="126" count="56" type="cond" truecount="1" falsecount="0"/>
      <line num="128" count="5" type="cond" truecount="1" falsecount="0"/>
      <line num="129" count="1" type="stmt"/>
      <line num="130" count="1" type="cond" truecount="1" falsecount="0"/>
      <line num="132" count="2" type="stmt"/>
      <line num="133" count="5" type="cond" truecount="2" falsecount="0"/>
      <line num="134" count="5" type="stmt"/>
      <line num="135" count="5" type="cond" truecount="1" falsecount="0"/>
      <line num="136" count="38" type="stmt"/>
      <line num="137" count="38" type="cond" truecount="1" falsecount="0"/>
      <line num="139" count="2" type="stmt"/>
      <line num="140" count="2" type="stmt"/>
      <line num="141" count="2" type="stmt"/>
      <line num="142" count="2" type="stmt"/>
      <line num="148" count="1" type="cond" truecount="1" falsecount="0"/>
      <line num="150" count="50" type="stmt"/>
      <line num="151" count="50" type="stmt"/>
      <line num="152" count="50" type="stmt"/>
      <line num="153" count="50" type="stmt"/>
      <line num="154" count="50" type="stmt"/>
      <line num="155" count="50" type="stmt"/>
      <line num="161" count="1" type="cond" truecount="1" falsecount="0"/>
      <line num="165" count="50" type="stmt"/>
      <line num="166" count="50" type="stmt"/>
      <line num="167" count="50" type="stmt"/>
      <line num="168" count="50" type="stmt"/>
      <line num="169" count="50" type="stmt"/>
      <line num="170" count="50" type="stmt"/>
      <line num="173" count="50" type="stmt"/>
      <line num="174" count="50" type="stmt"/>
      <line num="175" count="50" type="stmt"/>
      <line num="176" count="50" type="stmt"/>
      <line num="178" count="50" type="stmt"/>
      <line num="179" count="50" type="stmt"/>
    </file>
    <file name="identity.ts" path="/Users/suitandclaw/ensoul/packages/identity/src/identity.ts">
      <metrics statements="151" coveredstatements="145" conditionals="30" coveredconditionals="28" methods="13" coveredmethods="13"/>
      <line num="1" count="1" type="stmt"/>
      <line num="20" count="1" type="cond" truecount="1" falsecount="0"/>
      <line num="23" count="1" type="stmt"/>
      <line num="29" count="1" type="cond" truecount="1" falsecount="0"/>
      <line num="30" count="50" type="stmt"/>
      <line num="31" count="50" type="stmt"/>
      <line num="32" count="50" type="stmt"/>
      <line num="34" count="50" type="stmt"/>
      <line num="35" count="50" type="stmt"/>
      <line num="36" count="50" type="stmt"/>
      <line num="38" count="50" type="cond" truecount="1" falsecount="0"/>
      <line num="39" count="50" type="cond" truecount="1" falsecount="0"/>
      <line num="40" count="1" type="stmt"/>
      <line num="41" count="1" type="cond" truecount="1" falsecount="0"/>
      <line num="42" count="49" type="stmt"/>
      <line num="43" count="49" type="stmt"/>
      <line num="44" count="49" type="stmt"/>
      <line num="45" count="49" type="stmt"/>
      <line num="48" count="49" type="stmt"/>
      <line num="49" count="49" type="stmt"/>
      <line num="50" count="49" type="stmt"/>
      <line num="51" count="49" type="stmt"/>
      <line num="52" count="50" type="stmt"/>
      <line num="55" count="50" type="cond" truecount="1" falsecount="0"/>
      <line num="56" count="8" type="stmt"/>
      <line num="57" count="8" type="stmt"/>
      <line num="60" count="50" type="cond" truecount="1" falsecount="0"/>
      <line num="61" count="8" type="stmt"/>
      <line num="62" count="8" type="stmt"/>
      <line num="63" count="8" type="stmt"/>
      <line num="64" count="8" type="stmt"/>
      <line num="65" count="8" type="stmt"/>
      <line num="66" count="8" type="cond" truecount="0" falsecount="1"/>
      <line num="67" count="0" type="stmt"/>
      <line num="68" count="0" type="stmt"/>
      <line num="69" count="8" type="stmt"/>
      <line num="72" count="50" type="cond" truecount="1" falsecount="0"/>
      <line num="73" count="9" type="stmt"/>
      <line num="74" count="9" type="stmt"/>
      <line num="75" count="9" type="stmt"/>
      <line num="76" count="9" type="cond" truecount="1" falsecount="0"/>
      <line num="77" count="3" type="cond" truecount="1" falsecount="0"/>
      <line num="78" count="6" type="stmt"/>
      <line num="80" count="9" type="stmt"/>
      <line num="81" count="9" type="stmt"/>
      <line num="82" count="9" type="stmt"/>
      <line num="83" count="9" type="stmt"/>
      <line num="84" count="9" type="stmt"/>
      <line num="85" count="9" type="stmt"/>
      <line num="86" count="9" type="stmt"/>
      <line num="87" count="9" type="stmt"/>
      <line num="89" count="9" type="stmt"/>
      <line num="90" count="9" type="stmt"/>
      <line num="93" count="50" type="cond" truecount="1" falsecount="0"/>
      <line num="94" count="8" type="cond" truecount="1" falsecount="0"/>
      <line num="95" count="1" type="stmt"/>
      <line num="96" count="1" type="cond" truecount="1" falsecount="0"/>
      <line num="97" count="7" type="stmt"/>
      <line num="98" count="7" type="stmt"/>
      <line num="99" count="7" type="stmt"/>
      <line num="100" count="7" type="stmt"/>
      <line num="101" count="7" type="stmt"/>
      <line num="102" count="7" type="stmt"/>
      <line num="104" count="8" type="cond" truecount="1" falsecount="0"/>
      <line num="105" count="3" type="stmt"/>
      <line num="106" count="3" type="stmt"/>
      <line num="107" count="3" type="stmt"/>
      <line num="108" count="3" type="cond" truecount="1" falsecount="0"/>
      <line num="110" count="4" type="stmt"/>
      <line num="111" count="8" type="stmt"/>
      <line num="114" count="50" type="cond" truecount="1" falsecount="0"/>
      <line num="117" count="4" type="stmt"/>
      <line num="118" count="4" type="stmt"/>
      <line num="119" count="4" type="stmt"/>
      <line num="122" count="4" type="stmt"/>
      <line num="123" count="4" type="stmt"/>
      <line num="124" count="4" type="stmt"/>
      <line num="126" count="4" type="stmt"/>
      <line num="127" count="4" type="stmt"/>
      <line num="130" count="4" type="stmt"/>
      <line num="131" count="4" type="stmt"/>
      <line num="132" count="4" type="stmt"/>
      <line num="133" count="4" type="stmt"/>
      <line num="134" count="4" type="stmt"/>
      <line num="136" count="4" type="stmt"/>
      <line num="137" count="4" type="stmt"/>
      <line num="140" count="50" type="cond" truecount="1" falsecount="0"/>
      <line num="141" count="4" type="stmt"/>
      <line num="142" count="4" type="stmt"/>
      <line num="143" count="4" type="stmt"/>
      <line num="144" count="4" type="stmt"/>
      <line num="145" count="4" type="stmt"/>
      <line num="146" count="4" type="stmt"/>
      <line num="147" count="4" type="stmt"/>
      <line num="148" count="4" type="stmt"/>
      <line num="149" count="4" type="stmt"/>
      <line num="150" count="4" type="stmt"/>
      <line num="153" count="50" type="cond" truecount="1" falsecount="0"/>
      <line num="154" count="4" type="stmt"/>
      <line num="155" count="4" type="stmt"/>
      <line num="156" count="4" type="stmt"/>
      <line num="157" count="4" type="stmt"/>
      <line num="158" count="4" type="stmt"/>
      <line num="159" count="4" type="stmt"/>
      <line num="160" count="4" type="stmt"/>
      <line num="161" count="50" type="stmt"/>
      <line num="167" count="45" type="cond" truecount="1" falsecount="0"/>
      <line num="168" count="45" type="stmt"/>
      <line num="169" count="45" type="stmt"/>
      <line num="170" count="45" type="cond" truecount="2" falsecount="0"/>
      <line num="171" count="45" type="stmt"/>
      <line num="172" count="45" type="stmt"/>
      <line num="180" count="2" type="cond" truecount="1" falsecount="0"/>
      <line num="181" count="2" type="stmt"/>
      <line num="182" count="2" type="stmt"/>
      <line num="183" count="2" type="stmt"/>
      <line num="184" count="2" type="stmt"/>
      <line num="185" count="2" type="stmt"/>
      <line num="186" count="2" type="stmt"/>
      <line num="187" count="2" type="stmt"/>
      <line num="188" count="2" type="stmt"/>
      <line num="189" count="2" type="stmt"/>
      <line num="191" count="2" type="cond" truecount="1" falsecount="0"/>
      <line num="192" count="1" type="stmt"/>
      <line num="193" count="1" type="stmt"/>
      <line num="195" count="1" type="stmt"/>
      <line num="196" count="1" type="stmt"/>
      <line num="204" count="1" type="cond" truecount="1" falsecount="0"/>
      <line num="207" count="3" type="stmt"/>
      <line num="208" count="3" type="cond" truecount="1" falsecount="0"/>
      <line num="209" count="1" type="stmt"/>
      <line num="210" count="1" type="cond" truecount="1" falsecount="0"/>
      <line num="212" count="2" type="stmt"/>
      <line num="213" count="2" type="stmt"/>
      <line num="214" count="2" type="stmt"/>
      <line num="215" count="2" type="stmt"/>
      <line num="217" count="2" type="stmt"/>
      <line num="218" count="2" type="stmt"/>
      <line num="219" count="2" type="stmt"/>
      <line num="221" count="3" type="cond" truecount="1" falsecount="0"/>
      <line num="222" count="1" type="stmt"/>
      <line num="223" count="1" type="stmt"/>
      <line num="224" count="1" type="stmt"/>
      <line num="225" count="1" type="stmt"/>
      <line num="227" count="3" type="cond" truecount="0" falsecount="1"/>
      <line num="228" count="0" type="stmt"/>
      <line num="229" count="0" type="stmt"/>
      <line num="230" count="0" type="stmt"/>
      <line num="231" count="0" type="cond" truecount="1" falsecount="0"/>
      <line num="233" count="1" type="stmt"/>
      <line num="234" count="1" type="stmt"/>
    </file>
    <file name="index.ts" path="/Users/suitandclaw/ensoul/packages/identity/src/index.ts">
      <metrics statements="1" coveredstatements="1" conditionals="0" coveredconditionals="0" methods="0" coveredmethods="0"/>
      <line num="1" count="1" type="stmt"/>
    </file>
    <file name="types.ts" path="/Users/suitandclaw/ensoul/packages/identity/src/types.ts">
      <metrics statements="0" coveredstatements="0" conditionals="1" coveredconditionals="1" methods="1" coveredmethods="1"/>
    </file>
  </project>
</coverage>
