{"/Users/suitandclaw/ensoul/packages/identity/src/crypto.ts": {"path":"/Users/suitandclaw/ensoul/packages/identity/src/crypto.ts","all":false,"statementMap":{"0":{"start":{"line":1,"column":0},"end":{"line":1,"column":47}},"5":{"start":{"line":6,"column":0},"end":{"line":6,"column":27}},"7":{"start":{"line":8,"column":0},"end":{"line":8,"column":44}},"8":{"start":{"line":9,"column":0},"end":{"line":9,"column":26}},"9":{"start":{"line":10,"column":0},"end":{"line":10,"column":1}},"11":{"start":{"line":12,"column":0},"end":{"line":12,"column":63}},"12":{"start":{"line":13,"column":0},"end":{"line":13,"column":17}},"13":{"start":{"line":14,"column":0},"end":{"line":14,"column":21}},"14":{"start":{"line":15,"column":0},"end":{"line":15,"column":19}},"15":{"start":{"line":16,"column":0},"end":{"line":16,"column":17}},"16":{"start":{"line":17,"column":0},"end":{"line":17,"column":34}},"17":{"start":{"line":18,"column":0},"end":{"line":18,"column":3}},"18":{"start":{"line":19,"column":0},"end":{"line":19,"column":13}},"19":{"start":{"line":20,"column":0},"end":{"line":20,"column":29}},"20":{"start":{"line":21,"column":0},"end":{"line":21,"column":2}},"21":{"start":{"line":22,"column":0},"end":{"line":22,"column":15}},"22":{"start":{"line":23,"column":0},"end":{"line":23,"column":1}},"24":{"start":{"line":25,"column":0},"end":{"line":25,"column":53}},"25":{"start":{"line":26,"column":0},"end":{"line":26,"column":17}},"26":{"start":{"line":27,"column":0},"end":{"line":27,"column":46}},"27":{"start":{"line":28,"column":0},"end":{"line":28,"column":45}},"28":{"start":{"line":29,"column":0},"end":{"line":29,"column":2}},"29":{"start":{"line":30,"column":0},"end":{"line":30,"column":15}},"30":{"start":{"line":31,"column":0},"end":{"line":31,"column":1}},"32":{"start":{"line":33,"column":0},"end":{"line":33,"column":65}},"33":{"start":{"line":34,"column":0},"end":{"line":34,"column":39}},"34":{"start":{"line":35,"column":0},"end":{"line":35,"column":13}},"35":{"start":{"line":36,"column":0},"end":{"line":36,"column":35}},"36":{"start":{"line":37,"column":0},"end":{"line":37,"column":34}},"37":{"start":{"line":38,"column":0},"end":{"line":38,"column":13}},"38":{"start":{"line":39,"column":0},"end":{"line":39,"column":2}},"39":{"start":{"line":40,"column":0},"end":{"line":40,"column":15}},"40":{"start":{"line":41,"column":0},"end":{"line":41,"column":1}},"46":{"start":{"line":47,"column":0},"end":{"line":47,"column":71}},"47":{"start":{"line":48,"column":0},"end":{"line":48,"column":27}},"48":{"start":{"line":49,"column":0},"end":{"line":49,"column":57}},"49":{"start":{"line":50,"column":0},"end":{"line":50,"column":2}},"50":{"start":{"line":51,"column":0},"end":{"line":51,"column":37}},"51":{"start":{"line":52,"column":0},"end":{"line":52,"column":73}},"52":{"start":{"line":53,"column":0},"end":{"line":53,"column":34}},"53":{"start":{"line":54,"column":0},"end":{"line":54,"column":34}},"54":{"start":{"line":55,"column":0},"end":{"line":55,"column":36}},"55":{"start":{"line":56,"column":0},"end":{"line":56,"column":62}},"56":{"start":{"line":57,"column":0},"end":{"line":57,"column":31}},"57":{"start":{"line":58,"column":0},"end":{"line":58,"column":1}},"63":{"start":{"line":64,"column":0},"end":{"line":64,"column":71}},"64":{"start":{"line":65,"column":0},"end":{"line":65,"column":26}},"65":{"start":{"line":66,"column":0},"end":{"line":66,"column":51}},"66":{"start":{"line":67,"column":0},"end":{"line":67,"column":2}},"67":{"start":{"line":68,"column":0},"end":{"line":68,"column":24}},"68":{"start":{"line":69,"column":0},"end":{"line":69,"column":28}},"69":{"start":{"line":70,"column":0},"end":{"line":70,"column":24}},"70":{"start":{"line":71,"column":0},"end":{"line":71,"column":26}},"71":{"start":{"line":72,"column":0},"end":{"line":72,"column":25}},"72":{"start":{"line":73,"column":0},"end":{"line":73,"column":12}},"73":{"start":{"line":74,"column":0},"end":{"line":74,"column":1}},"75":{"start":{"line":76,"column":0},"end":{"line":76,"column":23}},"76":{"start":{"line":77,"column":0},"end":{"line":77,"column":62}},"81":{"start":{"line":82,"column":0},"end":{"line":82,"column":60}},"82":{"start":{"line":83,"column":0},"end":{"line":83,"column":15}},"83":{"start":{"line":84,"column":0},"end":{"line":84,"column":25}},"84":{"start":{"line":85,"column":0},"end":{"line":85,"column":21}},"85":{"start":{"line":86,"column":0},"end":{"line":86,"column":10}},"86":{"start":{"line":87,"column":0},"end":{"line":87,"column":2}},"87":{"start":{"line":88,"column":0},"end":{"line":88,"column":14}},"88":{"start":{"line":89,"column":0},"end":{"line":89,"column":25}},"89":{"start":{"line":90,"column":0},"end":{"line":90,"column":31}},"90":{"start":{"line":91,"column":0},"end":{"line":91,"column":2}},"92":{"start":{"line":93,"column":0},"end":{"line":93,"column":18}},"93":{"start":{"line":94,"column":0},"end":{"line":94,"column":32}},"94":{"start":{"line":95,"column":0},"end":{"line":95,"column":2}},"96":{"start":{"line":97,"column":0},"end":{"line":97,"column":18}},"97":{"start":{"line":98,"column":0},"end":{"line":98,"column":19}},"98":{"start":{"line":99,"column":0},"end":{"line":99,"column":58}},"99":{"start":{"line":100,"column":0},"end":{"line":100,"column":13}},"100":{"start":{"line":101,"column":0},"end":{"line":101,"column":2}},"101":{"start":{"line":102,"column":0},"end":{"line":102,"column":36}},"102":{"start":{"line":103,"column":0},"end":{"line":103,"column":1}},"107":{"start":{"line":108,"column":0},"end":{"line":108,"column":58}},"108":{"start":{"line":109,"column":0},"end":{"line":109,"column":24}},"109":{"start":{"line":110,"column":0},"end":{"line":110,"column":27}},"110":{"start":{"line":111,"column":0},"end":{"line":111,"column":2}},"112":{"start":{"line":113,"column":0},"end":{"line":113,"column":15}},"113":{"start":{"line":114,"column":0},"end":{"line":114,"column":24}},"114":{"start":{"line":115,"column":0},"end":{"line":115,"column":24}},"115":{"start":{"line":116,"column":0},"end":{"line":116,"column":10}},"116":{"start":{"line":117,"column":0},"end":{"line":117,"column":2}},"118":{"start":{"line":119,"column":0},"end":{"line":119,"column":14}},"119":{"start":{"line":120,"column":0},"end":{"line":120,"column":24}},"120":{"start":{"line":121,"column":0},"end":{"line":121,"column":42}},"121":{"start":{"line":122,"column":0},"end":{"line":122,"column":19}},"122":{"start":{"line":123,"column":0},"end":{"line":123,"column":54}},"123":{"start":{"line":124,"column":0},"end":{"line":124,"column":3}},"124":{"start":{"line":125,"column":0},"end":{"line":125,"column":32}},"125":{"start":{"line":126,"column":0},"end":{"line":126,"column":2}},"127":{"start":{"line":128,"column":0},"end":{"line":128,"column":18}},"128":{"start":{"line":129,"column":0},"end":{"line":129,"column":31}},"129":{"start":{"line":130,"column":0},"end":{"line":130,"column":2}},"131":{"start":{"line":132,"column":0},"end":{"line":132,"column":30}},"132":{"start":{"line":133,"column":0},"end":{"line":133,"column":52}},"133":{"start":{"line":134,"column":0},"end":{"line":134,"column":56}},"134":{"start":{"line":135,"column":0},"end":{"line":135,"column":48}},"135":{"start":{"line":136,"column":0},"end":{"line":136,"column":61}},"136":{"start":{"line":137,"column":0},"end":{"line":137,"column":2}},"138":{"start":{"line":139,"column":0},"end":{"line":139,"column":57}},"139":{"start":{"line":140,"column":0},"end":{"line":140,"column":30}},"140":{"start":{"line":141,"column":0},"end":{"line":141,"column":15}},"141":{"start":{"line":142,"column":0},"end":{"line":142,"column":1}},"147":{"start":{"line":148,"column":0},"end":{"line":148,"column":58}},"149":{"start":{"line":150,"column":0},"end":{"line":150,"column":60}},"150":{"start":{"line":151,"column":0},"end":{"line":151,"column":25}},"151":{"start":{"line":152,"column":0},"end":{"line":152,"column":25}},"152":{"start":{"line":153,"column":0},"end":{"line":153,"column":33}},"153":{"start":{"line":154,"column":0},"end":{"line":154,"column":53}},"154":{"start":{"line":155,"column":0},"end":{"line":155,"column":1}},"160":{"start":{"line":161,"column":0},"end":{"line":161,"column":61}},"164":{"start":{"line":165,"column":0},"end":{"line":165,"column":55}},"165":{"start":{"line":166,"column":0},"end":{"line":166,"column":20}},"166":{"start":{"line":167,"column":0},"end":{"line":167,"column":20}},"167":{"start":{"line":168,"column":0},"end":{"line":168,"column":20}},"168":{"start":{"line":169,"column":0},"end":{"line":169,"column":20}},"169":{"start":{"line":170,"column":0},"end":{"line":170,"column":28}},"172":{"start":{"line":173,"column":0},"end":{"line":173,"column":55}},"173":{"start":{"line":174,"column":0},"end":{"line":174,"column":21}},"174":{"start":{"line":175,"column":0},"end":{"line":175,"column":32}},"175":{"start":{"line":176,"column":0},"end":{"line":176,"column":28}},"177":{"start":{"line":178,"column":0},"end":{"line":178,"column":35}},"178":{"start":{"line":179,"column":0},"end":{"line":179,"column":1}}},"s":{"0":1,"5":1,"7":3072,"8":3072,"9":3072,"11":6,"12":6,"13":6,"14":6,"15":1530,"16":1518,"17":1518,"18":1530,"19":1530,"20":1530,"21":6,"22":6,"24":6,"25":6,"26":6,"27":192,"28":192,"29":6,"30":6,"32":6,"33":6,"34":6,"35":6,"36":192,"37":192,"38":192,"39":6,"40":6,"46":1,"47":7,"48":1,"49":1,"50":6,"51":6,"52":6,"53":6,"54":6,"55":6,"56":6,"57":6,"63":1,"64":51,"65":1,"66":1,"67":50,"68":50,"69":50,"70":50,"71":50,"72":50,"73":50,"75":1,"76":1,"81":1,"82":104,"83":104,"84":158,"85":56,"86":56,"87":104,"88":104,"89":3644,"90":3644,"92":104,"93":2,"94":2,"96":102,"97":104,"98":4951,"99":4951,"100":4951,"101":102,"102":102,"107":1,"108":5,"109":1,"110":1,"112":4,"113":5,"114":8,"115":5,"116":5,"118":4,"119":5,"120":57,"121":57,"122":1,"123":1,"124":56,"125":56,"127":5,"128":1,"129":1,"131":2,"132":5,"133":5,"134":5,"135":38,"136":38,"138":2,"139":2,"140":2,"141":2,"147":1,"149":50,"150":50,"151":50,"152":50,"153":50,"154":50,"160":1,"164":50,"165":50,"166":50,"167":50,"168":50,"169":50,"172":50,"173":50,"174":50,"175":50,"177":50,"178":50},"branchMap":{"0":{"type":"branch","line":8,"loc":{"start":{"line":8,"column":0},"end":{"line":10,"column":1}},"locations":[{"start":{"line":8,"column":0},"end":{"line":10,"column":1}}]},"1":{"type":"branch","line":12,"loc":{"start":{"line":12,"column":0},"end":{"line":23,"column":1}},"locations":[{"start":{"line":12,"column":0},"end":{"line":23,"column":1}}]},"2":{"type":"branch","line":15,"loc":{"start":{"line":15,"column":18},"end":{"line":21,"column":2}},"locations":[{"start":{"line":15,"column":18},"end":{"line":21,"column":2}}]},"3":{"type":"branch","line":16,"loc":{"start":{"line":16,"column":16},"end":{"line":18,"column":3}},"locations":[{"start":{"line":16,"column":16},"end":{"line":18,"column":3}}]},"4":{"type":"branch","line":25,"loc":{"start":{"line":25,"column":0},"end":{"line":31,"column":1}},"locations":[{"start":{"line":25,"column":0},"end":{"line":31,"column":1}}]},"5":{"type":"branch","line":27,"loc":{"start":{"line":27,"column":45},"end":{"line":29,"column":2}},"locations":[{"start":{"line":27,"column":45},"end":{"line":29,"column":2}}]},"6":{"type":"branch","line":33,"loc":{"start":{"line":33,"column":0},"end":{"line":41,"column":1}},"locations":[{"start":{"line":33,"column":0},"end":{"line":41,"column":1}}]},"7":{"type":"branch","line":36,"loc":{"start":{"line":36,"column":34},"end":{"line":39,"column":2}},"locations":[{"start":{"line":36,"column":34},"end":{"line":39,"column":2}}]},"8":{"type":"branch","line":47,"loc":{"start":{"line":47,"column":7},"end":{"line":58,"column":1}},"locations":[{"start":{"line":47,"column":7},"end":{"line":58,"column":1}}]},"9":{"type":"branch","line":48,"loc":{"start":{"line":48,"column":26},"end":{"line":50,"column":2}},"locations":[{"start":{"line":48,"column":26},"end":{"line":50,"column":2}}]},"10":{"type":"branch","line":50,"loc":{"start":{"line":50,"column":1},"end":{"line":58,"column":1}},"locations":[{"start":{"line":50,"column":1},"end":{"line":58,"column":1}}]},"11":{"type":"branch","line":64,"loc":{"start":{"line":64,"column":7},"end":{"line":74,"column":1}},"locations":[{"start":{"line":64,"column":7},"end":{"line":74,"column":1}}]},"12":{"type":"branch","line":65,"loc":{"start":{"line":65,"column":25},"end":{"line":67,"column":2}},"locations":[{"start":{"line":65,"column":25},"end":{"line":67,"column":2}}]},"13":{"type":"branch","line":67,"loc":{"start":{"line":67,"column":1},"end":{"line":74,"column":1}},"locations":[{"start":{"line":67,"column":1},"end":{"line":74,"column":1}}]},"14":{"type":"branch","line":82,"loc":{"start":{"line":82,"column":7},"end":{"line":103,"column":1}},"locations":[{"start":{"line":82,"column":7},"end":{"line":103,"column":1}}]},"15":{"type":"branch","line":84,"loc":{"start":{"line":84,"column":24},"end":{"line":87,"column":2}},"locations":[{"start":{"line":84,"column":24},"end":{"line":87,"column":2}}]},"16":{"type":"branch","line":85,"loc":{"start":{"line":85,"column":15},"end":{"line":85,"column":21}},"locations":[{"start":{"line":85,"column":15},"end":{"line":85,"column":21}}]},"17":{"type":"branch","line":85,"loc":{"start":{"line":85,"column":15},"end":{"line":87,"column":2}},"locations":[{"start":{"line":85,"column":15},"end":{"line":87,"column":2}}]},"18":{"type":"branch","line":89,"loc":{"start":{"line":89,"column":24},"end":{"line":91,"column":2}},"locations":[{"start":{"line":89,"column":24},"end":{"line":91,"column":2}}]},"19":{"type":"branch","line":93,"loc":{"start":{"line":93,"column":17},"end":{"line":95,"column":2}},"locations":[{"start":{"line":93,"column":17},"end":{"line":95,"column":2}}]},"20":{"type":"branch","line":94,"loc":{"start":{"line":94,"column":20},"end":{"line":94,"column":30}},"locations":[{"start":{"line":94,"column":20},"end":{"line":94,"column":30}}]},"21":{"type":"branch","line":95,"loc":{"start":{"line":95,"column":1},"end":{"line":98,"column":18}},"locations":[{"start":{"line":95,"column":1},"end":{"line":98,"column":18}}]},"22":{"type":"branch","line":98,"loc":{"start":{"line":98,"column":18},"end":{"line":101,"column":2}},"locations":[{"start":{"line":98,"column":18},"end":{"line":101,"column":2}}]},"23":{"type":"branch","line":101,"loc":{"start":{"line":101,"column":1},"end":{"line":103,"column":1}},"locations":[{"start":{"line":101,"column":1},"end":{"line":103,"column":1}}]},"24":{"type":"branch","line":108,"loc":{"start":{"line":108,"column":7},"end":{"line":142,"column":1}},"locations":[{"start":{"line":108,"column":7},"end":{"line":142,"column":1}}]},"25":{"type":"branch","line":109,"loc":{"start":{"line":109,"column":23},"end":{"line":111,"column":2}},"locations":[{"start":{"line":109,"column":23},"end":{"line":111,"column":2}}]},"26":{"type":"branch","line":111,"loc":{"start":{"line":111,"column":1},"end":{"line":114,"column":23}},"locations":[{"start":{"line":111,"column":1},"end":{"line":114,"column":23}}]},"27":{"type":"branch","line":114,"loc":{"start":{"line":114,"column":23},"end":{"line":117,"column":2}},"locations":[{"start":{"line":114,"column":23},"end":{"line":117,"column":2}}]},"28":{"type":"branch","line":115,"loc":{"start":{"line":115,"column":18},"end":{"line":115,"column":24}},"locations":[{"start":{"line":115,"column":18},"end":{"line":115,"column":24}}]},"29":{"type":"branch","line":115,"loc":{"start":{"line":115,"column":18},"end":{"line":117,"column":2}},"locations":[{"start":{"line":115,"column":18},"end":{"line":117,"column":2}}]},"30":{"type":"branch","line":117,"loc":{"start":{"line":117,"column":1},"end":{"line":120,"column":23}},"locations":[{"start":{"line":117,"column":1},"end":{"line":120,"column":23}}]},"31":{"type":"branch","line":120,"loc":{"start":{"line":120,"column":23},"end":{"line":126,"column":2}},"locations":[{"start":{"line":120,"column":23},"end":{"line":126,"column":2}}]},"32":{"type":"branch","line":122,"loc":{"start":{"line":122,"column":18},"end":{"line":124,"column":3}},"locations":[{"start":{"line":122,"column":18},"end":{"line":124,"column":3}}]},"33":{"type":"branch","line":124,"loc":{"start":{"line":124,"column":2},"end":{"line":126,"column":2}},"locations":[{"start":{"line":124,"column":2},"end":{"line":126,"column":2}}]},"34":{"type":"branch","line":126,"loc":{"start":{"line":126,"column":1},"end":{"line":128,"column":17}},"locations":[{"start":{"line":126,"column":1},"end":{"line":128,"column":17}}]},"35":{"type":"branch","line":128,"loc":{"start":{"line":128,"column":17},"end":{"line":130,"column":2}},"locations":[{"start":{"line":128,"column":17},"end":{"line":130,"column":2}}]},"36":{"type":"branch","line":130,"loc":{"start":{"line":130,"column":1},"end":{"line":133,"column":36}},"locations":[{"start":{"line":130,"column":1},"end":{"line":133,"column":36}}]},"37":{"type":"branch","line":133,"loc":{"start":{"line":133,"column":32},"end":{"line":133,"column":48}},"locations":[{"start":{"line":133,"column":32},"end":{"line":133,"column":48}}]},"38":{"type":"branch","line":133,"loc":{"start":{"line":133,"column":42},"end":{"line":133,"column":52}},"locations":[{"start":{"line":133,"column":42},"end":{"line":133,"column":52}}]},"39":{"type":"branch","line":135,"loc":{"start":{"line":135,"column":47},"end":{"line":137,"column":2}},"locations":[{"start":{"line":135,"column":47},"end":{"line":137,"column":2}}]},"40":{"type":"branch","line":137,"loc":{"start":{"line":137,"column":1},"end":{"line":142,"column":1}},"locations":[{"start":{"line":137,"column":1},"end":{"line":142,"column":1}}]},"41":{"type":"branch","line":148,"loc":{"start":{"line":148,"column":7},"end":{"line":155,"column":1}},"locations":[{"start":{"line":148,"column":7},"end":{"line":155,"column":1}}]},"42":{"type":"branch","line":161,"loc":{"start":{"line":161,"column":7},"end":{"line":179,"column":1}},"locations":[{"start":{"line":161,"column":7},"end":{"line":179,"column":1}}]}},"b":{"0":[3072],"1":[6],"2":[1530],"3":[1518],"4":[6],"5":[192],"6":[6],"7":[192],"8":[7],"9":[1],"10":[6],"11":[51],"12":[1],"13":[50],"14":[104],"15":[158],"16":[102],"17":[56],"18":[3644],"19":[2],"20":[0],"21":[102],"22":[4951],"23":[102],"24":[5],"25":[1],"26":[4],"27":[8],"28":[3],"29":[5],"30":[4],"31":[57],"32":[1],"33":[56],"34":[3],"35":[1],"36":[2],"37":[1],"38":[1],"39":[38],"40":[2],"41":[50],"42":[50]},"fnMap":{"0":{"name":"mod","decl":{"start":{"line":8,"column":0},"end":{"line":10,"column":1}},"loc":{"start":{"line":8,"column":0},"end":{"line":10,"column":1}},"line":8},"1":{"name":"modPow","decl":{"start":{"line":12,"column":0},"end":{"line":23,"column":1}},"loc":{"start":{"line":12,"column":0},"end":{"line":23,"column":1}},"line":12},"2":{"name":"bytesToBigIntLE","decl":{"start":{"line":25,"column":0},"end":{"line":31,"column":1}},"loc":{"start":{"line":25,"column":0},"end":{"line":31,"column":1}},"line":25},"3":{"name":"bigIntToBytesLE","decl":{"start":{"line":33,"column":0},"end":{"line":41,"column":1}},"loc":{"start":{"line":33,"column":0},"end":{"line":41,"column":1}},"line":33},"4":{"name":"edwardsToMontgomeryPub","decl":{"start":{"line":47,"column":7},"end":{"line":58,"column":1}},"loc":{"start":{"line":47,"column":7},"end":{"line":58,"column":1}},"line":47},"5":{"name":"edwardsToMontgomeryPriv","decl":{"start":{"line":64,"column":7},"end":{"line":74,"column":1}},"loc":{"start":{"line":64,"column":7},"end":{"line":74,"column":1}},"line":64},"6":{"name":"base58btcEncode","decl":{"start":{"line":82,"column":7},"end":{"line":103,"column":1}},"loc":{"start":{"line":82,"column":7},"end":{"line":103,"column":1}},"line":82},"7":{"name":"base58btcDecode","decl":{"start":{"line":108,"column":7},"end":{"line":142,"column":1}},"loc":{"start":{"line":108,"column":7},"end":{"line":142,"column":1}},"line":108},"8":{"name":"createDid","decl":{"start":{"line":148,"column":7},"end":{"line":155,"column":1}},"loc":{"start":{"line":148,"column":7},"end":{"line":155,"column":1}},"line":148},"9":{"name":"createPeerId","decl":{"start":{"line":161,"column":7},"end":{"line":179,"column":1}},"loc":{"start":{"line":161,"column":7},"end":{"line":179,"column":1}},"line":161}},"f":{"0":3072,"1":6,"2":6,"3":6,"4":7,"5":51,"6":104,"7":5,"8":50,"9":50}}
,"/Users/suitandclaw/ensoul/packages/identity/src/identity.ts": {"path":"/Users/suitandclaw/ensoul/packages/identity/src/identity.ts","all":false,"statementMap":{"0":{"start":{"line":1,"column":0},"end":{"line":1,"column":37}},"19":{"start":{"line":20,"column":0},"end":{"line":20,"column":60}},"22":{"start":{"line":23,"column":0},"end":{"line":23,"column":69}},"28":{"start":{"line":29,"column":0},"end":{"line":29,"column":50}},"29":{"start":{"line":30,"column":0},"end":{"line":30,"column":25}},"30":{"start":{"line":31,"column":0},"end":{"line":31,"column":32}},"31":{"start":{"line":32,"column":0},"end":{"line":32,"column":22}},"33":{"start":{"line":34,"column":0},"end":{"line":34,"column":35}},"34":{"start":{"line":35,"column":0},"end":{"line":35,"column":46}},"35":{"start":{"line":36,"column":0},"end":{"line":36,"column":46}},"37":{"start":{"line":38,"column":0},"end":{"line":38,"column":32}},"38":{"start":{"line":39,"column":0},"end":{"line":39,"column":27}},"39":{"start":{"line":40,"column":0},"end":{"line":40,"column":44}},"40":{"start":{"line":41,"column":0},"end":{"line":41,"column":3}},"41":{"start":{"line":42,"column":0},"end":{"line":42,"column":35}},"42":{"start":{"line":43,"column":0},"end":{"line":43,"column":41}},"43":{"start":{"line":44,"column":0},"end":{"line":44,"column":39}},"44":{"start":{"line":45,"column":0},"end":{"line":45,"column":45}},"47":{"start":{"line":48,"column":0},"end":{"line":48,"column":55}},"48":{"start":{"line":49,"column":0},"end":{"line":49,"column":56}},"49":{"start":{"line":50,"column":0},"end":{"line":50,"column":24}},"50":{"start":{"line":51,"column":0},"end":{"line":51,"column":14}},"51":{"start":{"line":52,"column":0},"end":{"line":52,"column":2}},"54":{"start":{"line":55,"column":0},"end":{"line":55,"column":52}},"55":{"start":{"line":56,"column":0},"end":{"line":56,"column":34}},"56":{"start":{"line":57,"column":0},"end":{"line":57,"column":2}},"59":{"start":{"line":60,"column":0},"end":{"line":60,"column":14}},"60":{"start":{"line":61,"column":0},"end":{"line":61,"column":19}},"61":{"start":{"line":62,"column":0},"end":{"line":62,"column":24}},"62":{"start":{"line":63,"column":0},"end":{"line":63,"column":22}},"63":{"start":{"line":64,"column":0},"end":{"line":64,"column":7}},"64":{"start":{"line":65,"column":0},"end":{"line":65,"column":53}},"65":{"start":{"line":66,"column":0},"end":{"line":66,"column":11}},"66":{"start":{"line":67,"column":0},"end":{"line":67,"column":16}},"67":{"start":{"line":68,"column":0},"end":{"line":68,"column":3}},"68":{"start":{"line":69,"column":0},"end":{"line":69,"column":2}},"71":{"start":{"line":72,"column":0},"end":{"line":72,"column":15}},"72":{"start":{"line":73,"column":0},"end":{"line":73,"column":19}},"73":{"start":{"line":74,"column":0},"end":{"line":74,"column":31}},"74":{"start":{"line":75,"column":0},"end":{"line":75,"column":31}},"75":{"start":{"line":76,"column":0},"end":{"line":76,"column":41}},"76":{"start":{"line":77,"column":0},"end":{"line":77,"column":44}},"77":{"start":{"line":78,"column":0},"end":{"line":78,"column":26}},"79":{"start":{"line":80,"column":0},"end":{"line":80,"column":39}},"80":{"start":{"line":81,"column":0},"end":{"line":81,"column":55}},"81":{"start":{"line":82,"column":0},"end":{"line":82,"column":30}},"82":{"start":{"line":83,"column":0},"end":{"line":83,"column":8}},"83":{"start":{"line":84,"column":0},"end":{"line":84,"column":9}},"84":{"start":{"line":85,"column":0},"end":{"line":85,"column":19}},"85":{"start":{"line":86,"column":0},"end":{"line":86,"column":23}},"86":{"start":{"line":87,"column":0},"end":{"line":87,"column":4}},"88":{"start":{"line":89,"column":0},"end":{"line":89,"column":69}},"89":{"start":{"line":90,"column":0},"end":{"line":90,"column":2}},"92":{"start":{"line":93,"column":0},"end":{"line":93,"column":64}},"93":{"start":{"line":94,"column":0},"end":{"line":94,"column":33}},"94":{"start":{"line":95,"column":0},"end":{"line":95,"column":61}},"95":{"start":{"line":96,"column":0},"end":{"line":96,"column":3}},"96":{"start":{"line":97,"column":0},"end":{"line":97,"column":34}},"97":{"start":{"line":98,"column":0},"end":{"line":98,"column":22}},"98":{"start":{"line":99,"column":0},"end":{"line":99,"column":17}},"99":{"start":{"line":100,"column":0},"end":{"line":100,"column":27}},"100":{"start":{"line":101,"column":0},"end":{"line":101,"column":24}},"101":{"start":{"line":102,"column":0},"end":{"line":102,"column":4}},"103":{"start":{"line":104,"column":0},"end":{"line":104,"column":19}},"104":{"start":{"line":105,"column":0},"end":{"line":105,"column":19}},"105":{"start":{"line":106,"column":0},"end":{"line":106,"column":57}},"106":{"start":{"line":107,"column":0},"end":{"line":107,"column":5}},"107":{"start":{"line":108,"column":0},"end":{"line":108,"column":3}},"109":{"start":{"line":110,"column":0},"end":{"line":110,"column":19}},"110":{"start":{"line":111,"column":0},"end":{"line":111,"column":2}},"113":{"start":{"line":114,"column":0},"end":{"line":114,"column":30}},"116":{"start":{"line":117,"column":0},"end":{"line":117,"column":5}},"117":{"start":{"line":118,"column":0},"end":{"line":118,"column":39}},"118":{"start":{"line":119,"column":0},"end":{"line":119,"column":53}},"121":{"start":{"line":122,"column":0},"end":{"line":122,"column":37}},"122":{"start":{"line":123,"column":0},"end":{"line":123,"column":33}},"123":{"start":{"line":124,"column":0},"end":{"line":124,"column":41}},"125":{"start":{"line":126,"column":0},"end":{"line":126,"column":45}},"126":{"start":{"line":127,"column":0},"end":{"line":127,"column":43}},"129":{"start":{"line":130,"column":0},"end":{"line":130,"column":45}},"130":{"start":{"line":131,"column":0},"end":{"line":131,"column":40}},"131":{"start":{"line":132,"column":0},"end":{"line":132,"column":48}},"132":{"start":{"line":133,"column":0},"end":{"line":133,"column":33}},"133":{"start":{"line":134,"column":0},"end":{"line":134,"column":34}},"135":{"start":{"line":136,"column":0},"end":{"line":136,"column":41}},"136":{"start":{"line":137,"column":0},"end":{"line":137,"column":2}},"139":{"start":{"line":140,"column":0},"end":{"line":140,"column":64}},"140":{"start":{"line":141,"column":0},"end":{"line":141,"column":36}},"141":{"start":{"line":142,"column":0},"end":{"line":142,"column":21}},"142":{"start":{"line":143,"column":0},"end":{"line":143,"column":40}},"143":{"start":{"line":144,"column":0},"end":{"line":144,"column":8}},"144":{"start":{"line":145,"column":0},"end":{"line":145,"column":17}},"145":{"start":{"line":146,"column":0},"end":{"line":146,"column":4}},"146":{"start":{"line":147,"column":0},"end":{"line":147,"column":61}},"147":{"start":{"line":148,"column":0},"end":{"line":148,"column":58}},"148":{"start":{"line":149,"column":0},"end":{"line":149,"column":36}},"149":{"start":{"line":150,"column":0},"end":{"line":150,"column":2}},"152":{"start":{"line":153,"column":0},"end":{"line":153,"column":31}},"153":{"start":{"line":154,"column":0},"end":{"line":154,"column":10}},"154":{"start":{"line":155,"column":0},"end":{"line":155,"column":23}},"155":{"start":{"line":156,"column":0},"end":{"line":156,"column":41}},"156":{"start":{"line":157,"column":0},"end":{"line":157,"column":17}},"157":{"start":{"line":158,"column":0},"end":{"line":158,"column":57}},"158":{"start":{"line":159,"column":0},"end":{"line":159,"column":4}},"159":{"start":{"line":160,"column":0},"end":{"line":160,"column":2}},"160":{"start":{"line":161,"column":0},"end":{"line":161,"column":1}},"166":{"start":{"line":167,"column":0},"end":{"line":167,"column":37}},"167":{"start":{"line":168,"column":0},"end":{"line":168,"column":30}},"168":{"start":{"line":169,"column":0},"end":{"line":169,"column":27}},"169":{"start":{"line":170,"column":0},"end":{"line":170,"column":49}},"170":{"start":{"line":171,"column":0},"end":{"line":171,"column":36}},"171":{"start":{"line":172,"column":0},"end":{"line":172,"column":1}},"179":{"start":{"line":180,"column":0},"end":{"line":180,"column":35}},"180":{"start":{"line":181,"column":0},"end":{"line":181,"column":28}},"181":{"start":{"line":182,"column":0},"end":{"line":182,"column":20}},"182":{"start":{"line":183,"column":0},"end":{"line":183,"column":27}},"183":{"start":{"line":184,"column":0},"end":{"line":184,"column":20}},"184":{"start":{"line":185,"column":0},"end":{"line":185,"column":39}},"185":{"start":{"line":186,"column":0},"end":{"line":186,"column":14}},"186":{"start":{"line":187,"column":0},"end":{"line":187,"column":16}},"187":{"start":{"line":188,"column":0},"end":{"line":188,"column":3}},"188":{"start":{"line":189,"column":0},"end":{"line":189,"column":71}},"190":{"start":{"line":191,"column":0},"end":{"line":191,"column":13}},"191":{"start":{"line":192,"column":0},"end":{"line":192,"column":68}},"192":{"start":{"line":193,"column":0},"end":{"line":193,"column":2}},"194":{"start":{"line":195,"column":0},"end":{"line":195,"column":36}},"195":{"start":{"line":196,"column":0},"end":{"line":196,"column":1}},"203":{"start":{"line":204,"column":0},"end":{"line":204,"column":58}},"206":{"start":{"line":207,"column":0},"end":{"line":207,"column":3}},"207":{"start":{"line":208,"column":0},"end":{"line":208,"column":28}},"208":{"start":{"line":209,"column":0},"end":{"line":209,"column":55}},"209":{"start":{"line":210,"column":0},"end":{"line":210,"column":2}},"211":{"start":{"line":212,"column":0},"end":{"line":212,"column":41}},"212":{"start":{"line":213,"column":0},"end":{"line":213,"column":42}},"213":{"start":{"line":214,"column":0},"end":{"line":214,"column":37}},"214":{"start":{"line":215,"column":0},"end":{"line":215,"column":38}},"216":{"start":{"line":217,"column":0},"end":{"line":217,"column":36}},"217":{"start":{"line":218,"column":0},"end":{"line":218,"column":30}},"218":{"start":{"line":219,"column":0},"end":{"line":219,"column":31}},"220":{"start":{"line":221,"column":0},"end":{"line":221,"column":49}},"221":{"start":{"line":222,"column":0},"end":{"line":222,"column":18}},"222":{"start":{"line":223,"column":0},"end":{"line":223,"column":60}},"223":{"start":{"line":224,"column":0},"end":{"line":224,"column":4}},"224":{"start":{"line":225,"column":0},"end":{"line":225,"column":2}},"226":{"start":{"line":227,"column":0},"end":{"line":227,"column":49}},"227":{"start":{"line":228,"column":0},"end":{"line":228,"column":18}},"228":{"start":{"line":229,"column":0},"end":{"line":229,"column":60}},"229":{"start":{"line":230,"column":0},"end":{"line":230,"column":4}},"230":{"start":{"line":231,"column":0},"end":{"line":231,"column":2}},"232":{"start":{"line":233,"column":0},"end":{"line":233,"column":39}},"233":{"start":{"line":234,"column":0},"end":{"line":234,"column":1}}},"s":{"0":1,"19":1,"22":1,"28":1,"29":50,"30":50,"31":50,"33":50,"34":50,"35":50,"37":50,"38":50,"39":1,"40":1,"41":49,"42":49,"43":49,"44":49,"47":49,"48":49,"49":49,"50":49,"51":50,"54":50,"55":8,"56":8,"59":50,"60":8,"61":8,"62":8,"63":8,"64":8,"65":8,"66":0,"67":0,"68":8,"71":50,"72":9,"73":9,"74":9,"75":9,"76":3,"77":6,"79":9,"80":9,"81":9,"82":9,"83":9,"84":9,"85":9,"86":9,"88":9,"89":9,"92":50,"93":8,"94":1,"95":1,"96":7,"97":7,"98":7,"99":7,"100":7,"101":7,"103":8,"104":3,"105":3,"106":3,"107":3,"109":4,"110":8,"113":50,"116":4,"117":4,"118":4,"121":4,"122":4,"123":4,"125":4,"126":4,"129":4,"130":4,"131":4,"132":4,"133":4,"135":4,"136":4,"139":50,"140":4,"141":4,"142":4,"143":4,"144":4,"145":4,"146":4,"147":4,"148":4,"149":4,"152":50,"153":4,"154":4,"155":4,"156":4,"157":4,"158":4,"159":4,"160":50,"166":45,"167":45,"168":45,"169":45,"170":45,"171":45,"179":2,"180":2,"181":2,"182":2,"183":2,"184":2,"185":2,"186":2,"187":2,"188":2,"190":2,"191":1,"192":1,"194":1,"195":1,"203":1,"206":3,"207":3,"208":1,"209":1,"211":2,"212":2,"213":2,"214":2,"216":2,"217":2,"218":2,"220":3,"221":1,"222":1,"223":1,"224":1,"226":3,"227":0,"228":0,"229":0,"230":0,"232":1,"233":1},"branchMap":{"0":{"type":"branch","line":20,"loc":{"start":{"line":20,"column":19},"end":{"line":20,"column":60}},"locations":[{"start":{"line":20,"column":19},"end":{"line":20,"column":60}}]},"1":{"type":"branch","line":29,"loc":{"start":{"line":29,"column":49},"end":{"line":161,"column":1}},"locations":[{"start":{"line":29,"column":49},"end":{"line":161,"column":1}}]},"2":{"type":"branch","line":38,"loc":{"start":{"line":38,"column":1},"end":{"line":52,"column":2}},"locations":[{"start":{"line":38,"column":1},"end":{"line":52,"column":2}}]},"3":{"type":"branch","line":39,"loc":{"start":{"line":39,"column":26},"end":{"line":41,"column":3}},"locations":[{"start":{"line":39,"column":26},"end":{"line":41,"column":3}}]},"4":{"type":"branch","line":41,"loc":{"start":{"line":41,"column":2},"end":{"line":51,"column":14}},"locations":[{"start":{"line":41,"column":2},"end":{"line":51,"column":14}}]},"5":{"type":"branch","line":55,"loc":{"start":{"line":55,"column":1},"end":{"line":57,"column":2}},"locations":[{"start":{"line":55,"column":1},"end":{"line":57,"column":2}}]},"6":{"type":"branch","line":60,"loc":{"start":{"line":60,"column":1},"end":{"line":69,"column":2}},"locations":[{"start":{"line":60,"column":1},"end":{"line":69,"column":2}}]},"7":{"type":"branch","line":66,"loc":{"start":{"line":66,"column":2},"end":{"line":68,"column":3}},"locations":[{"start":{"line":66,"column":2},"end":{"line":68,"column":3}}]},"8":{"type":"branch","line":72,"loc":{"start":{"line":72,"column":1},"end":{"line":90,"column":2}},"locations":[{"start":{"line":72,"column":1},"end":{"line":90,"column":2}}]},"9":{"type":"branch","line":76,"loc":{"start":{"line":76,"column":26},"end":{"line":77,"column":44}},"locations":[{"start":{"line":76,"column":26},"end":{"line":77,"column":44}}]},"10":{"type":"branch","line":77,"loc":{"start":{"line":77,"column":43},"end":{"line":78,"column":26}},"locations":[{"start":{"line":77,"column":43},"end":{"line":78,"column":26}}]},"11":{"type":"branch","line":93,"loc":{"start":{"line":93,"column":1},"end":{"line":111,"column":2}},"locations":[{"start":{"line":93,"column":1},"end":{"line":111,"column":2}}]},"12":{"type":"branch","line":94,"loc":{"start":{"line":94,"column":32},"end":{"line":96,"column":3}},"locations":[{"start":{"line":94,"column":32},"end":{"line":96,"column":3}}]},"13":{"type":"branch","line":96,"loc":{"start":{"line":96,"column":2},"end":{"line":104,"column":18}},"locations":[{"start":{"line":96,"column":2},"end":{"line":104,"column":18}}]},"14":{"type":"branch","line":104,"loc":{"start":{"line":104,"column":18},"end":{"line":108,"column":3}},"locations":[{"start":{"line":104,"column":18},"end":{"line":108,"column":3}}]},"15":{"type":"branch","line":108,"loc":{"start":{"line":108,"column":2},"end":{"line":110,"column":19}},"locations":[{"start":{"line":108,"column":2},"end":{"line":110,"column":19}}]},"16":{"type":"branch","line":114,"loc":{"start":{"line":114,"column":1},"end":{"line":137,"column":2}},"locations":[{"start":{"line":114,"column":1},"end":{"line":137,"column":2}}]},"17":{"type":"branch","line":140,"loc":{"start":{"line":140,"column":1},"end":{"line":150,"column":2}},"locations":[{"start":{"line":140,"column":1},"end":{"line":150,"column":2}}]},"18":{"type":"branch","line":153,"loc":{"start":{"line":153,"column":1},"end":{"line":160,"column":2}},"locations":[{"start":{"line":153,"column":1},"end":{"line":160,"column":2}}]},"19":{"type":"branch","line":167,"loc":{"start":{"line":167,"column":0},"end":{"line":172,"column":1}},"locations":[{"start":{"line":167,"column":0},"end":{"line":172,"column":1}}]},"20":{"type":"branch","line":170,"loc":{"start":{"line":170,"column":14},"end":{"line":170,"column":28}},"locations":[{"start":{"line":170,"column":14},"end":{"line":170,"column":28}}]},"21":{"type":"branch","line":170,"loc":{"start":{"line":170,"column":20},"end":{"line":170,"column":49}},"locations":[{"start":{"line":170,"column":20},"end":{"line":170,"column":49}}]},"22":{"type":"branch","line":180,"loc":{"start":{"line":180,"column":0},"end":{"line":196,"column":1}},"locations":[{"start":{"line":180,"column":0},"end":{"line":196,"column":1}}]},"23":{"type":"branch","line":191,"loc":{"start":{"line":191,"column":12},"end":{"line":196,"column":1}},"locations":[{"start":{"line":191,"column":12},"end":{"line":196,"column":1}}]},"24":{"type":"branch","line":204,"loc":{"start":{"line":204,"column":7},"end":{"line":234,"column":1}},"locations":[{"start":{"line":204,"column":7},"end":{"line":234,"column":1}}]},"25":{"type":"branch","line":208,"loc":{"start":{"line":208,"column":27},"end":{"line":210,"column":2}},"locations":[{"start":{"line":208,"column":27},"end":{"line":210,"column":2}}]},"26":{"type":"branch","line":210,"loc":{"start":{"line":210,"column":1},"end":{"line":221,"column":48}},"locations":[{"start":{"line":210,"column":1},"end":{"line":221,"column":48}}]},"27":{"type":"branch","line":221,"loc":{"start":{"line":221,"column":48},"end":{"line":227,"column":48}},"locations":[{"start":{"line":221,"column":48},"end":{"line":227,"column":48}}]},"28":{"type":"branch","line":227,"loc":{"start":{"line":227,"column":48},"end":{"line":231,"column":2}},"locations":[{"start":{"line":227,"column":48},"end":{"line":231,"column":2}}]},"29":{"type":"branch","line":231,"loc":{"start":{"line":231,"column":1},"end":{"line":234,"column":1}},"locations":[{"start":{"line":231,"column":1},"end":{"line":234,"column":1}}]}},"b":{"0":[108],"1":[50],"2":[50],"3":[1],"4":[49],"5":[8],"6":[8],"7":[0],"8":[9],"9":[3],"10":[6],"11":[8],"12":[1],"13":[7],"14":[3],"15":[4],"16":[4],"17":[4],"18":[4],"19":[45],"20":[9],"21":[36],"22":[2],"23":[1],"24":[3],"25":[1],"26":[2],"27":[1],"28":[0],"29":[1]},"fnMap":{"0":{"name":"__vite_ssr_import_0__.hashes.sha512","decl":{"start":{"line":20,"column":19},"end":{"line":20,"column":60}},"loc":{"start":{"line":20,"column":19},"end":{"line":20,"column":60}},"line":20},"1":{"name":"<instance_members_initializer>","decl":{"start":{"line":29,"column":49},"end":{"line":161,"column":1}},"loc":{"start":{"line":29,"column":49},"end":{"line":161,"column":1}},"line":29},"2":{"name":"AgentIdentityImpl","decl":{"start":{"line":38,"column":1},"end":{"line":52,"column":2}},"loc":{"start":{"line":38,"column":1},"end":{"line":52,"column":2}},"line":38},"3":{"name":"sign","decl":{"start":{"line":55,"column":1},"end":{"line":57,"column":2}},"loc":{"start":{"line":55,"column":1},"end":{"line":57,"column":2}},"line":55},"4":{"name":"verify","decl":{"start":{"line":60,"column":1},"end":{"line":69,"column":2}},"loc":{"start":{"line":60,"column":1},"end":{"line":69,"column":2}},"line":60},"5":{"name":"encrypt","decl":{"start":{"line":72,"column":1},"end":{"line":90,"column":2}},"loc":{"start":{"line":72,"column":1},"end":{"line":90,"column":2}},"line":72},"6":{"name":"decrypt","decl":{"start":{"line":93,"column":1},"end":{"line":111,"column":2}},"loc":{"start":{"line":93,"column":1},"end":{"line":111,"column":2}},"line":93},"7":{"name":"rotateKeys","decl":{"start":{"line":114,"column":1},"end":{"line":137,"column":2}},"loc":{"start":{"line":114,"column":1},"end":{"line":137,"column":2}},"line":114},"8":{"name":"export","decl":{"start":{"line":140,"column":1},"end":{"line":150,"column":2}},"loc":{"start":{"line":140,"column":1},"end":{"line":150,"column":2}},"line":140},"9":{"name":"toJSON","decl":{"start":{"line":153,"column":1},"end":{"line":160,"column":2}},"loc":{"start":{"line":153,"column":1},"end":{"line":160,"column":2}},"line":153},"10":{"name":"createIdentity","decl":{"start":{"line":167,"column":0},"end":{"line":172,"column":1}},"loc":{"start":{"line":167,"column":0},"end":{"line":172,"column":1}},"line":167},"11":{"name":"loadIdentity","decl":{"start":{"line":180,"column":0},"end":{"line":196,"column":1}},"loc":{"start":{"line":180,"column":0},"end":{"line":196,"column":1}},"line":180},"12":{"name":"verifyMigrationProof","decl":{"start":{"line":204,"column":7},"end":{"line":234,"column":1}},"loc":{"start":{"line":204,"column":7},"end":{"line":234,"column":1}},"line":204}},"f":{"0":108,"1":50,"2":50,"3":8,"4":8,"5":9,"6":8,"7":4,"8":4,"9":4,"10":45,"11":2,"12":3}}
,"/Users/suitandclaw/ensoul/packages/identity/src/index.ts": {"path":"/Users/suitandclaw/ensoul/packages/identity/src/index.ts","all":false,"statementMap":{"0":{"start":{"line":1,"column":0},"end":{"line":1,"column":13}}},"s":{"0":1},"branchMap":{},"b":{},"fnMap":{},"f":{}}
,"/Users/suitandclaw/ensoul/packages/identity/src/types.ts": {"path":"/Users/suitandclaw/ensoul/packages/identity/src/types.ts","all":true,"statementMap":{},"s":{},"branchMap":{"0":{"type":"branch","line":1,"loc":{"start":{"line":1,"column":2473},"end":{"line":73,"column":1}},"locations":[{"start":{"line":1,"column":2473},"end":{"line":73,"column":1}}]}},"b":{"0":[1]},"fnMap":{"0":{"name":"(empty-report)","decl":{"start":{"line":1,"column":2473},"end":{"line":73,"column":1}},"loc":{"start":{"line":1,"column":2473},"end":{"line":73,"column":1}},"line":1}},"f":{"0":1}}
}
